number,value,datetime_start,datetime_complete,duration,params_batch,params_dp,params_lr,params_ls,params_out_ch,params_wd,state
220,0.7385548354483266,2026-07-22 09:35:21.622549,2026-07-22 09:36:40.459281,0 days 00:01:18.836732,,0.6328968148662211,0.0021227592461418475,0.6942361462146261,32,0.002608569285931313,COMPLETE
221,0.7415258727260446,2026-07-22 09:36:40.529784,2026-07-22 09:37:50.964448,0 days 00:01:10.434664,,0.5671024136098368,0.0019067841782054306,0.7409796933020699,32,0.0028659086495097276,COMPLETE
222,0.7388336101282236,2026-07-22 09:37:51.027113,2026-07-22 09:39:13.889212,0 days 00:01:22.862099,,0.6188493056151774,0.0021895333563420835,0.669579386899144,32,0.0027442811780237107,COMPLETE
223,0.7339344618891687,2026-07-22 09:39:13.942589,2026-07-22 09:40:35.999137,0 days 00:01:22.056548,,0.677062929360514,0.0020231684845702634,0.6309944373041666,32,0.003018693695288386,COMPLETE
224,0.7315072741393874,2026-07-22 09:40:36.056285,2026-07-22 09:41:46.763048,0 days 00:01:10.706763,,0.6503035460373043,0.001977314223371226,0.7481660429363651,256,0.0028063897857390032,COMPLETE
225,0.7291609468448763,2026-07-22 09:41:46.826061,2026-07-22 09:43:04.876402,0 days 00:01:18.050341,,0.9435237972745143,0.002077654641637126,0.6840357656156622,32,0.0018357431792630353,COMPLETE
226,0.7388606982064114,2026-07-22 09:43:04.946049,2026-07-22 09:44:25.702763,0 days 00:01:20.756714,,0.591174233431557,0.001762300162735258,0.723375444671149,32,0.0023092677125275637,COMPLETE
227,0.7354073142038058,2026-07-22 09:44:25.754699,2026-07-22 09:45:39.957052,0 days 00:01:14.202353,,0.6148118933745438,0.001851006883245255,0.603115228375499,32,0.0029291690047680606,COMPLETE
228,0.7327783088836918,2026-07-22 09:45:40.042524,2026-07-22 09:46:49.859023,0 days 00:01:09.816499,,0.743692082056688,0.002294968185352412,0.7494411670441925,32,0.0027003203757917558,COMPLETE
229,0.7322603586394999,2026-07-22 09:46:49.914258,2026-07-22 09:48:15.310259,0 days 00:01:25.396001,,0.660329552264742,0.0021411697556409904,0.7069096970218215,512,0.002552306875814899,COMPLETE
230,0.728880697276594,2026-07-22 09:48:15.370255,2026-07-22 09:49:31.352335,0 days 00:01:15.982080,,0.722327635416067,0.0019371120551459197,0.740364005200269,32,0.002891476010485308,COMPLETE
231,0.7318259548162921,2026-07-22 09:49:31.402634,2026-07-22 09:50:45.153359,0 days 00:01:13.750725,,0.6360397976439814,0.0020367429661646854,0.5715688009334571,32,0.002628511202522844,COMPLETE
232,0.7422823794000679,2026-07-22 09:50:45.220745,2026-07-22 09:51:49.262920,0 days 00:01:04.042175,,0.6872738189307281,0.0010132421506526585,0.38350603560253926,128,0.002154476658813772,COMPLETE
233,0.7308889677813633,2026-07-22 09:51:49.332027,2026-07-22 09:52:51.230236,0 days 00:01:01.898209,,0.6653277178494371,0.0009856647932304462,0.23467257942502387,128,0.0020923099758515,COMPLETE
234,0.7391025847533119,2026-07-22 09:52:51.289568,2026-07-22 09:53:55.582903,0 days 00:01:04.293335,,0.6336079331317293,0.001063923079996165,0.36724887116373955,128,0.0027748248587016228,COMPLETE
235,0.7408337158279369,2026-07-22 09:53:55.645714,2026-07-22 09:55:00.710087,0 days 00:01:05.064373,,0.6821815211868721,0.0009388183446808552,0.42169194840657037,128,0.0029812140036988934,COMPLETE
236,0.7420011807733027,2026-07-22 09:55:00.763964,2026-07-22 09:56:33.516354,0 days 00:01:32.752390,,0.7121984374890628,0.001006522393407275,0.2572954107231405,32,0.003493800883299889,COMPLETE
237,0.736219343924283,2026-07-22 09:56:33.569126,2026-07-22 09:57:39.616775,0 days 00:01:06.047649,,0.8581106615197378,0.0011117364283548083,0.4090600994438151,128,0.002199351298763728,COMPLETE
238,0.73805634740215,2026-07-22 09:57:39.675443,2026-07-22 09:58:45.450497,0 days 00:01:05.775054,,0.7746802959137202,0.0010297641633485886,0.35841029667628294,128,0.0015850158769657094,COMPLETE
239,0.737609489991126,2026-07-22 09:58:45.510757,2026-07-22 10:00:00.156041,0 days 00:01:14.645284,,0.9264864718638042,0.0021909686229028493,0.38633703736335245,512,0.0027184827568863053,COMPLETE
240,0.737418021336193,2026-07-22 10:00:00.221389,2026-07-22 10:01:26.361122,0 days 00:01:26.139733,,0.8910941151311732,0.0018354156037201587,0.762041497132169,32,0.002845065886511963,COMPLETE
241,0.7355569082078071,2026-07-22 10:01:26.429279,2026-07-22 10:02:43.774902,0 days 00:01:17.345623,,0.6496218949168351,0.002105002281047812,0.6508748538194813,32,0.003170419762421497,COMPLETE
242,0.7353288638689726,2026-07-22 10:02:43.847284,2026-07-22 10:03:58.351751,0 days 00:01:14.504467,,0.6211308662396433,0.00197308131979082,0.6292975176225827,64,0.002403842527589024,COMPLETE
243,0.7383033997083946,2026-07-22 10:03:58.408049,2026-07-22 10:05:18.745388,0 days 00:01:20.337339,,0.6902381601774872,0.0021409219506670343,0.7724538901315144,32,0.0033377490480656588,COMPLETE
244,0.7343785581025395,2026-07-22 10:05:18.810405,2026-07-22 10:06:57.847141,0 days 00:01:39.036736,,0.6586850985888664,0.00209236015016897,0.7626484970295334,32,0.003231850068395463,COMPLETE
245,0.7390316421370984,2026-07-22 10:06:57.910195,2026-07-22 10:08:45.140285,0 days 00:01:47.230090,,0.4652499151263239,0.0022146407156022167,0.7196650906922571,32,0.00307300232122692,COMPLETE
246,0.7316065872367613,2026-07-22 10:08:45.209638,2026-07-22 10:10:21.730894,0 days 00:01:36.521256,,0.5925886333288585,0.0020323681676464923,0.5542442008177361,32,0.0034068773729258126,COMPLETE
