number,value,datetime_start,datetime_complete,duration,params_accumulation,params_batch,params_dp,params_h_size,params_lr,params_ls,params_n_layers,params_out_ch,params_out_ch_mult,params_wd,state
104,0.5191714392399478,2026-08-22 17:44:12.625928,2026-08-22 17:48:31.896116,0 days 00:04:19.270188,1,64,0.28194195542494827,32,6.89225105444444e-05,0.3043909917918004,2,32,1,0.00020782359327055732,COMPLETE
105,0.49439887661760806,2026-08-22 17:48:31.945987,2026-08-22 17:52:42.327454,0 days 00:04:10.381467,2,64,0.22222257324313252,128,5.789064317333424e-05,0.46583117355564885,2,32,1,0.0001934731028589862,COMPLETE
106,0.4944064096800146,2026-08-22 17:52:42.376959,2026-08-22 17:54:56.674160,0 days 00:02:14.297201,4,128,0.18251589770427507,64,5.4758365647003615e-05,0.05851501102250495,2,32,1,0.000183014839939151,COMPLETE
