number,value,datetime_start,datetime_complete,duration,params_accumulation,params_batch,params_dp,params_h_size,params_lr,params_ls,params_n_layers,params_out_ch,params_out_ch_mult,params_wd,state
0,,2026-08-24 06:25:49.953466,2026-08-24 06:25:53.399384,0 days 00:00:03.445918,2,64,0.024056198150734225,64,6.233832760049241e-05,0.17544461421705948,2,256,2,7.530855857458714e-05,FAIL
1,,2026-08-24 06:42:08.120652,2026-08-24 06:42:11.642983,0 days 00:00:03.522331,4,512,0.09903660660609948,128,8.028429314314561e-05,0.1495431702498888,1,256,2,0.00010277280178592654,FAIL
2,,2026-08-24 06:46:47.076004,2026-08-24 06:46:51.405186,0 days 00:00:04.329182,4,256,0.10772205233040388,64,6.0681059029986334e-05,0.24726834516497956,1,256,2,0.00012618948659117073,FAIL
3,0.5155793751190746,2026-08-24 06:48:23.453382,2026-08-24 06:56:21.272444,0 days 00:07:57.819062,4,64,0.0522868546134969,128,5.9550904416498166e-05,0.18777161462951872,1,32,2,9.967060689091731e-05,COMPLETE
4,0.5102045190612411,2026-08-24 06:56:21.342431,2026-08-24 07:02:27.752484,0 days 00:06:06.410053,4,128,0.11769334848775242,32,7.35145296496717e-05,0.14719616176270722,1,64,2,0.00012148627228948871,COMPLETE
5,0.5104029540594324,2026-08-24 07:02:27.798986,2026-08-24 07:07:05.307153,0 days 00:04:37.508167,1,512,0.07385404618963895,128,5.7563318371380357e-05,0.2338823993800398,2,64,2,8.614840638299292e-05,COMPLETE
6,0.4986738612153854,2026-08-24 07:07:05.357152,2026-08-24 07:15:34.556996,0 days 00:08:29.199844,4,128,0.03904714943712988,128,6.022574306960985e-05,0.12911627750473356,3,32,2,0.00010038854735833174,COMPLETE
7,0.523867777771183,2026-08-24 07:15:34.609742,2026-08-24 07:26:38.068428,0 days 00:11:03.458686,1,64,0.12854566180259008,128,5.5239142609780746e-05,0.32870972155825784,3,32,2,7.911591482526379e-05,COMPLETE
8,0.5004712390978302,2026-08-24 07:26:38.125400,2026-08-24 07:45:13.567336,0 days 00:18:35.441936,4,32,0.013928911537026087,32,6.32916216939517e-05,0.22863817557143942,3,256,2,7.51940731202294e-05,COMPLETE
9,0.5031862865367703,2026-08-24 07:45:13.616645,2026-08-24 07:49:02.011381,0 days 00:03:48.394736,1,512,0.016092429828954976,32,6.0750099783317425e-05,0.1047751089182144,1,64,2,0.00010268925109382243,COMPLETE
10,0.5076101885734045,2026-08-24 07:49:02.059758,2026-08-24 07:57:25.691426,0 days 00:08:23.631668,1,64,0.11711408501089898,128,7.375346849530693e-05,0.024988660109384754,2,64,2,9.712150701700059e-05,COMPLETE
11,0.5023251831475499,2026-08-24 07:57:25.739586,2026-08-24 08:17:10.603828,0 days 00:19:44.864242,1,32,0.020908748194709573,128,5.900978447084993e-05,0.2728616801269502,3,128,2,0.00010062085387371636,COMPLETE
12,0.4969241346363123,2026-08-24 08:17:10.651675,2026-08-24 08:23:52.250892,0 days 00:06:41.599217,2,128,0.1223788412271221,32,6.580935054804383e-05,0.042179650443067374,3,64,2,0.00012233272242245788,COMPLETE
13,0.4988060457727208,2026-08-24 08:23:52.300025,2026-08-24 08:28:00.326211,0 days 00:04:08.026186,2,256,0.0844485672941468,64,9.208685295920535e-05,0.3525860817318396,3,32,2,7.484501441481389e-05,COMPLETE
14,0.5089435804096746,2026-08-24 08:28:00.376691,2026-08-24 08:35:47.841450,0 days 00:07:47.464759,4,64,0.07165969799006316,128,5.124749083337522e-05,0.3375341805316665,1,32,2,8.66959331970912e-05,COMPLETE
15,0.5132662168887578,2026-08-24 08:35:47.889689,2026-08-24 08:43:58.141894,0 days 00:08:10.252205,4,64,0.0945332435359198,64,5.101274512483212e-05,0.2847095775137268,1,32,2,8.889684047192216e-05,COMPLETE
16,0.5111378942961698,2026-08-24 08:43:58.191607,2026-08-24 08:51:41.350770,0 days 00:07:43.159163,1,64,0.051040583348789706,128,5.4511983222075324e-05,0.18725218467349092,1,32,2,0.00011206701735629588,COMPLETE
17,0.4985348478414386,2026-08-24 08:51:41.401449,2026-08-24 09:00:02.717555,0 days 00:08:21.316106,2,64,0.05177628318671673,128,6.935276278156837e-05,0.2976170846006191,2,256,2,8.146690205304238e-05,COMPLETE
18,0.4915846588123843,2026-08-24 09:00:02.768759,2026-08-24 09:04:01.576490,0 days 00:03:58.807731,1,256,0.10216964007951014,128,5.4901706889910304e-05,0.20023738594856544,3,128,2,0.00011069221848693506,COMPLETE
19,0.5152180246012413,2026-08-24 09:04:01.625697,2026-08-24 09:12:50.131545,0 days 00:08:48.505848,4,64,0.1306356205341424,64,8.423283251774466e-05,0.10415540096716684,1,32,2,9.206458153069554e-05,COMPLETE
20,0.5018641401994367,2026-08-24 09:12:50.181549,2026-08-24 09:20:15.823446,0 days 00:07:25.641897,1,64,0.035204245199531026,128,5.478019521917196e-05,0.06291693074235238,1,32,2,8.192987115180891e-05,COMPLETE
21,0.4971005198729987,2026-08-24 09:20:15.884188,2026-08-24 09:30:10.414066,0 days 00:09:54.529878,4,64,0.06329365889382474,128,6.735089223215255e-05,0.16958250057721133,3,32,2,0.00010957696668656287,COMPLETE
22,0.5276062809733775,2026-08-24 09:30:10.469057,2026-08-24 09:33:41.316009,0 days 00:03:30.846952,2,256,0.09958086211316658,64,5.584338995014615e-05,0.31570893583805826,2,128,2,7.960915262805798e-05,COMPLETE
23,0.5090183982152513,2026-08-24 09:33:41.372302,2026-08-24 09:37:43.137031,0 days 00:04:01.764729,2,256,0.1067572652583848,64,5.036339253961192e-05,0.3170795576219165,2,128,2,7.982919337601583e-05,COMPLETE
24,0.5076188237912441,2026-08-24 09:37:43.186942,2026-08-24 09:41:34.070857,0 days 00:03:50.883915,2,256,0.09392629664442102,64,5.6449476514227275e-05,0.25722077138896626,2,128,2,7.896676124197999e-05,COMPLETE
25,0.4991619452432778,2026-08-24 09:41:34.117773,2026-08-24 09:45:06.163362,0 days 00:03:32.045589,2,256,0.1293748023234796,64,6.362125770766964e-05,0.32344753360541223,2,128,2,9.53926558414529e-05,COMPLETE
26,0.5085828567765092,2026-08-24 09:45:06.211438,2026-08-24 10:01:54.994563,0 days 00:16:48.783125,2,32,0.1085729572013171,64,5.315340926414969e-05,0.2412970478175956,2,256,2,8.40826264870903e-05,COMPLETE
27,0.49730033282375014,2026-08-24 10:01:55.041043,2026-08-24 10:05:05.283835,0 days 00:03:10.242792,2,512,0.08669628370521407,128,6.169136814717917e-05,0.2978318962083071,3,128,2,9.117472916584487e-05,COMPLETE
28,0.5135821677221061,2026-08-24 10:05:05.330988,2026-08-24 10:08:42.854135,0 days 00:03:37.523147,4,256,0.07806974344631003,64,5.7848956819632374e-05,0.3529085314624379,1,32,2,7.74864039638157e-05,COMPLETE
29,0.5200233113969608,2026-08-24 10:08:42.902292,2026-08-24 10:16:56.110521,0 days 00:08:13.208229,1,64,0.056515758580754284,128,5.273682706948214e-05,0.20613646506999705,2,32,2,0.00010579576035124103,COMPLETE
30,0.4977151785386782,2026-08-24 10:16:56.157667,2026-08-24 10:25:28.176925,0 days 00:08:32.019258,1,64,0.0642747461584532,128,5.260956021547832e-05,0.2672000318215854,2,128,2,0.00011629036321736501,COMPLETE
31,0.5285296163382147,2026-08-24 10:25:28.225080,2026-08-24 10:28:50.008156,0 days 00:03:21.783076,1,256,0.09762443393260245,32,5.6237203059040696e-05,0.21475099988687774,2,256,2,0.00010670412710619434,COMPLETE
32,0.5119320618226031,2026-08-24 10:28:50.062033,2026-08-24 10:32:43.924711,0 days 00:03:53.862678,1,256,0.10006625034122145,32,5.597055154591851e-05,0.3161892093819889,2,256,2,9.469402350121357e-05,COMPLETE
33,0.5158202564556017,2026-08-24 10:32:43.973791,2026-08-24 10:36:08.124737,0 days 00:03:24.150946,1,256,0.11600167412595704,32,5.813758321157573e-05,0.2990645791413062,2,256,2,8.342769565373019e-05,COMPLETE
34,0.5174230800378321,2026-08-24 10:36:08.171624,2026-08-24 10:40:09.088399,0 days 00:04:00.916775,1,256,0.0878324388071712,32,5.3284211401304075e-05,0.20696900445757782,2,256,2,0.000104843990025265,COMPLETE
35,0.5071310659752973,2026-08-24 10:40:09.135908,2026-08-24 10:45:15.569436,0 days 00:05:06.433528,1,128,0.11027537738402678,32,5.2534784156081874e-05,0.16622003260321644,2,32,2,0.00011632203158186634,COMPLETE
36,0.4940717870361522,2026-08-24 10:45:15.616639,2026-08-24 10:49:24.721800,0 days 00:04:09.105161,1,256,0.06124878951231699,32,5.6420580435992895e-05,0.22213003430409917,2,256,2,0.00010526190507475542,COMPLETE
37,0.5009615460766628,2026-08-24 10:49:24.770403,2026-08-24 10:52:32.345379,0 days 00:03:07.574976,1,512,0.12376921158391467,128,5.03915060767604e-05,0.24920732599478962,2,32,2,0.00012690264247344106,COMPLETE
38,0.48468263067298234,2026-08-24 10:52:32.394923,2026-08-24 11:01:02.973138,0 days 00:08:30.578215,1,64,0.041510948661555025,64,5.992193058826192e-05,0.15062719074663466,2,256,2,7.700448983372669e-05,COMPLETE
39,0.4985005140786858,2026-08-24 11:01:03.023117,2026-08-24 11:18:34.638632,0 days 00:17:31.615515,1,32,0.02999273402616506,32,6.253084057576176e-05,0.20863867774235756,2,32,2,0.0001069959140454702,COMPLETE
