number,value,datetime_start,datetime_complete,duration,params_accumulation,params_batch,params_dp,params_h_size,params_lr,params_ls,params_n_layers,params_out_ch,params_out_ch_mult,params_wd,state
0,0.5067934954121378,2026-08-24 11:24:00.417404,2026-08-24 11:41:55.724787,0 days 00:17:55.307383,2,64,0.09728903866764271,128,5.710540195617133e-05,0.2373004263568933,2,32,2,7.784417095108849e-05,COMPLETE
1,0.4939902767118053,2026-08-24 11:41:55.873172,2026-08-24 12:01:05.276344,0 days 00:19:09.403172,4,64,0.05635649406116757,64,6.492437308433513e-05,0.29582324291040835,2,32,2,9.969896315135939e-05,COMPLETE
2,0.4898178412656992,2026-08-24 12:01:05.326033,2026-08-24 12:08:20.020876,0 days 00:07:14.694843,2,256,0.09894050801870838,64,6.485142189974208e-05,0.22405439011494555,1,32,2,9.037195588353975e-05,COMPLETE
3,0.4832784188710238,2026-08-24 12:08:20.072004,2026-08-24 12:15:50.244401,0 days 00:07:30.172397,1,256,0.06860681926519899,128,5.778721970626964e-05,0.3031921196803037,2,128,2,9.893410781613331e-05,COMPLETE
4,0.4934125378332602,2026-08-24 12:15:50.294392,2026-08-24 12:25:21.996004,0 days 00:09:31.701612,1,128,0.06242037283062835,64,5.962308297791625e-05,0.3504169269017932,1,64,2,8.291018622008454e-05,COMPLETE
5,0.4910098410262962,2026-08-24 12:25:22.044524,2026-08-24 12:31:55.767147,0 days 00:06:33.722623,2,256,0.06698649156981618,128,6.0254107280782744e-05,0.31435318579379357,1,128,2,7.856451106690669e-05,COMPLETE
6,0.49405262786326054,2026-08-24 12:31:55.815384,2026-08-24 12:38:00.426279,0 days 00:06:04.610895,1,256,0.059280345383163534,128,6.644788033728085e-05,0.19911550498646352,1,256,2,8.48175738928341e-05,COMPLETE
7,,2026-08-24 12:38:00.474964,2026-08-24 12:46:24.359112,0 days 00:08:23.884148,4,64,0.07176608797823333,32,7.668241775571686e-05,0.34659685380385147,2,32,2,0.00010102402731220575,FAIL
8,0.4981463995257145,2026-08-24 13:52:52.045358,2026-08-24 14:03:47.052880,0 days 00:10:55.007522,4,128,0.08538771177958362,64,5.481232968152969e-05,0.2925519951105791,1,32,2,8.494710609157813e-05,COMPLETE
9,0.5045976436323724,2026-08-24 14:03:47.139457,2026-08-24 14:11:47.687662,0 days 00:08:00.548205,2,256,0.12770272185118084,32,5.8614653063495315e-05,0.12253216736609461,2,128,2,7.764080926625597e-05,COMPLETE
10,0.5025681395718856,2026-08-24 14:11:47.753317,2026-08-24 14:34:21.968883,0 days 00:22:34.215566,4,64,0.06066206637661829,32,5.114212890285363e-05,0.22080151683451982,2,256,2,0.0001054322391435033,COMPLETE
11,0.4963803733284386,2026-08-24 14:34:22.025276,2026-08-24 14:55:07.995438,0 days 00:20:45.970162,2,64,0.12910720362979367,128,7.930211764921415e-05,0.10921185164315476,3,64,2,9.061940242576115e-05,COMPLETE
12,0.4926905657208649,2026-08-24 14:55:08.051579,2026-08-24 15:18:14.499752,0 days 00:23:06.448173,2,64,0.13000370293438887,32,5.1034198415044106e-05,0.10702467081708675,2,128,2,7.892447353034644e-05,COMPLETE
13,0.4836563506346077,2026-08-24 15:18:14.572769,2026-08-24 15:26:04.143796,0 days 00:07:49.571027,2,256,0.11182818872975794,32,7.855525623623688e-05,0.1627397201341965,2,32,2,7.870378082138236e-05,COMPLETE
14,0.4949898405300263,2026-08-24 15:26:04.190326,2026-08-24 15:45:38.295183,0 days 00:19:34.104857,2,64,0.11246811146201602,32,7.175811210495555e-05,0.1501051497511518,3,128,2,8.165758574242369e-05,COMPLETE
15,0.5017788585168368,2026-08-24 15:45:38.342653,2026-08-24 15:56:14.005872,0 days 00:10:35.663219,2,128,0.08311313033470344,128,5.565165225252821e-05,0.25706900438063424,2,32,2,8.777305797602441e-05,COMPLETE
16,0.483838570079473,2026-08-24 15:56:14.053390,2026-08-24 16:04:40.265169,0 days 00:08:26.211779,2,256,0.11631069923542683,32,6.25293317849315e-05,0.16293211784916864,2,128,2,7.756074343058064e-05,COMPLETE
17,0.5059821559207435,2026-08-24 16:04:40.312578,2026-08-24 16:20:54.430934,0 days 00:16:14.118356,2,64,0.08966509487569173,128,7.108833822885633e-05,0.2611715323261337,2,64,2,8.149279790234845e-05,COMPLETE
18,0.4986765684012041,2026-08-24 16:20:54.477931,2026-08-24 16:42:08.715659,0 days 00:21:14.237728,2,64,0.09238521809047334,128,7.198224491554157e-05,0.25860502768601085,3,64,2,8.233186485067073e-05,COMPLETE
19,0.5056463502755871,2026-08-24 16:42:08.764076,2026-08-24 16:58:40.519245,0 days 00:16:31.755169,4,64,0.10119070306363889,128,8.38448410458006e-05,0.2625623415513856,2,64,2,8.727828945839172e-05,COMPLETE
20,0.5137431429932652,2026-08-24 16:58:40.566241,2026-08-24 17:14:55.733956,0 days 00:16:15.167715,1,64,0.07799150065457573,128,7.025143298976161e-05,0.20121518203361996,2,64,2,8.070495566668787e-05,COMPLETE
21,0.5076602434731173,2026-08-24 17:14:55.791299,2026-08-24 17:35:03.980720,0 days 00:20:08.189421,1,64,0.07546122861787838,128,5.4425130180966045e-05,0.19484754157731515,3,256,2,9.374767387482909e-05,COMPLETE
22,0.5047671940072554,2026-08-24 17:35:04.028618,2026-08-24 17:56:13.188257,0 days 00:21:09.159639,1,64,0.07691990077773063,128,5.367509675483209e-05,0.20107329450153086,3,256,2,9.416417257748548e-05,COMPLETE
23,0.48905759895975015,2026-08-24 17:56:13.235404,2026-08-24 18:17:48.817996,0 days 00:21:35.582592,1,64,0.0737356749872004,128,5.3020068562222235e-05,0.19142098614590705,3,256,2,0.00010633659954398684,COMPLETE
24,0.49529011059164446,2026-08-24 18:17:48.857512,2026-08-24 18:38:26.531388,0 days 00:20:37.673876,1,64,0.07872193855273862,128,6.842809831667494e-05,0.2300700734828564,3,256,2,9.52055532770803e-05,COMPLETE
25,0.5009288310653737,2026-08-24 18:38:26.570068,2026-08-24 18:59:50.713221,0 days 00:21:24.143153,1,64,0.09913482216010334,128,5.625410708036825e-05,0.18023564543044976,3,64,2,8.052580414859326e-05,COMPLETE
26,0.5086383527195132,2026-08-24 18:59:50.760625,2026-08-24 19:18:13.164184,0 days 00:18:22.403559,1,64,0.09195106990025154,128,5.008853625126159e-05,0.24146273079506342,2,256,2,8.438231134889608e-05,COMPLETE
27,0.4956765739159932,2026-08-24 19:18:13.213721,2026-08-24 19:31:09.665125,0 days 00:12:56.451404,1,128,0.052306323001827866,128,5.0013635454581747e-05,0.21130296325014133,3,256,2,8.499087250228797e-05,COMPLETE
28,0.5057459803185974,2026-08-24 19:31:09.732831,2026-08-24 19:49:17.458124,0 days 00:18:07.725293,1,64,0.07053101276932534,128,5.2048831320482946e-05,0.1741683067318215,2,256,2,9.244338546209076e-05,COMPLETE
29,0.5127605049939176,2026-08-24 19:49:17.505297,2026-08-24 20:05:49.050761,0 days 00:16:31.545464,1,64,0.08222011254300539,128,6.260614326536069e-05,0.14228723508178268,2,256,2,9.751251838115787e-05,COMPLETE
30,0.5038251185301378,2026-08-24 20:05:49.098051,2026-08-24 20:23:10.612032,0 days 00:17:21.513981,1,64,0.09190312731139376,128,7.616098639756488e-05,0.13867518007900168,2,256,2,0.00010296445313212934,COMPLETE
31,0.4889532483688878,2026-08-24 20:23:10.659571,2026-08-24 20:43:30.177854,0 days 00:20:19.518283,1,64,0.08209026385546915,64,6.167743465134072e-05,0.14135172228307893,2,256,2,9.759143034416286e-05,COMPLETE
32,0.5040337755413741,2026-08-24 20:43:30.224758,2026-08-24 21:00:55.423012,0 days 00:17:25.198254,1,64,0.0875721095746495,128,5.3508129329488426e-05,0.2418398805374554,2,256,2,0.00010177062588868331,COMPLETE
33,,2026-08-24 21:00:55.470375,2026-08-24 21:01:56.692597,0 days 00:01:01.222222,1,64,0.07893255295656727,128,6.916076702950791e-05,0.24061866213805103,2,256,2,9.571234564280335e-05,FAIL
34,0.5082285814415488,2026-08-24 21:02:07.847854,2026-08-24 21:19:58.696484,0 days 00:17:50.848630,1,64,0.07543723673349759,128,6.819397747214966e-05,0.24374217468548104,2,256,2,9.626048418639767e-05,COMPLETE
35,0.5087297937503847,2026-08-24 21:19:58.763214,2026-08-24 21:37:50.076615,0 days 00:17:51.313401,1,64,0.09478320927449319,128,6.90835657399646e-05,0.2803812713813584,2,256,2,9.796064102501119e-05,COMPLETE
36,0.5020615836039919,2026-08-24 21:37:50.129356,2026-08-24 21:55:24.284068,0 days 00:17:34.154712,1,64,0.10231114429088213,128,7.507124506512028e-05,0.27941995708088546,2,256,2,0.00010223012266482765,COMPLETE
37,0.499157762705093,2026-08-24 21:55:24.337420,2026-08-24 22:13:15.841143,0 days 00:17:51.503723,1,64,0.09591091601174914,64,6.382932345849274e-05,0.31631990956997164,2,64,2,9.993289314257424e-05,COMPLETE
38,0.5048889111474673,2026-08-24 22:13:15.890388,2026-08-24 22:23:26.271425,0 days 00:10:10.381037,1,128,0.10569703234318663,128,6.920065212245375e-05,0.2817167608086077,2,256,2,8.694595062004338e-05,COMPLETE
39,0.515244207268362,2026-08-24 22:23:26.320228,2026-08-24 22:40:17.911265,0 days 00:16:51.591037,1,64,0.09484922529599855,128,6.531043608504866e-05,0.3320948079353587,2,64,2,9.001141505747301e-05,COMPLETE
40,0.5104603640736723,2026-08-24 22:40:17.966880,2026-08-24 22:56:52.784583,0 days 00:16:34.817703,4,64,0.08086681863767373,64,6.592505179844813e-05,0.2935398492909731,1,64,2,8.956980326538972e-05,COMPLETE
41,0.5005526598898061,2026-08-24 22:56:52.832888,2026-08-24 23:07:13.954842,0 days 00:10:21.121954,4,128,0.06616393023461845,64,6.596811381014569e-05,0.3512277462922854,1,64,2,8.939404385458028e-05,COMPLETE
42,0.5076744215669388,2026-08-24 23:07:14.002777,2026-08-24 23:22:32.453579,0 days 00:15:18.450802,4,64,0.08426591819623408,64,6.460860612901615e-05,0.32807355758871426,1,64,2,9.16579763464041e-05,COMPLETE
43,0.484220169163513,2026-08-24 23:22:32.501054,2026-08-24 23:38:47.130756,0 days 00:16:14.629702,4,64,0.09538749993021678,64,6.152418079522844e-05,0.3352062737464582,1,64,2,9.714296198866497e-05,COMPLETE
44,0.49378207377731265,2026-08-24 23:38:47.178425,2026-08-24 23:53:20.637596,0 days 00:14:33.459171,4,64,0.07147524404549409,64,6.687299688753879e-05,0.3028743257898178,1,64,2,9.94779296403854e-05,COMPLETE
45,0.49972201272568056,2026-08-24 23:53:20.685900,2026-08-25 00:08:06.700987,0 days 00:14:46.015087,1,64,0.0805374415309646,64,6.342505164289276e-05,0.3340595670414236,1,64,2,9.377197977217856e-05,COMPLETE
46,0.4878277300785772,2026-08-25 00:08:06.750338,2026-08-25 00:15:59.717118,0 days 00:07:52.966780,4,256,0.08679857451308311,128,5.9864081312924975e-05,0.2880575208838978,2,64,2,9.779783020385638e-05,COMPLETE
47,0.5125367389784681,2026-08-25 00:15:59.766255,2026-08-25 00:29:40.439737,0 days 00:13:40.673482,1,64,0.06686633424141786,128,7.080980043433507e-05,0.31600575011698195,1,32,2,8.888183341559033e-05,COMPLETE
48,0.48945711928348673,2026-08-25 00:29:40.487798,2026-08-25 00:44:05.285711,0 days 00:14:24.797913,4,64,0.06742967815224024,64,7.282708919289184e-05,0.3170715036077585,1,32,2,8.870360759615902e-05,COMPLETE
49,0.496192473047666,2026-08-25 00:44:05.334468,2026-08-25 00:50:33.576448,0 days 00:06:28.241980,1,256,0.06479794067637598,128,6.682159697168746e-05,0.34351480783474875,1,32,2,8.581414400081776e-05,COMPLETE
50,0.5066304210224651,2026-08-25 00:50:33.624170,2026-08-25 01:07:03.323070,0 days 00:16:29.698900,1,64,0.058778481841106164,32,5.827982433519476e-05,0.3049886798404104,1,32,2,9.035459340347757e-05,COMPLETE
51,0.5027621930252794,2026-08-25 01:07:03.371982,2026-08-25 01:16:13.993961,0 days 00:09:10.621979,4,128,0.07950869579661095,128,7.023913451572307e-05,0.32443627211432735,1,32,2,8.364214607518207e-05,COMPLETE
52,0.5103137568357689,2026-08-25 01:16:14.042522,2026-08-25 01:31:17.412850,0 days 00:15:03.370328,1,64,0.06236885028329324,64,6.540432928456268e-05,0.12216600383750022,1,64,2,8.022731988281192e-05,COMPLETE
53,0.49745898482008033,2026-08-25 01:31:17.460083,2026-08-25 01:46:52.288319,0 days 00:15:34.828236,1,64,0.06413470812011582,64,6.522697542581289e-05,0.12026089448506568,1,64,2,8.054423863643373e-05,COMPLETE
54,0.5011314562481533,2026-08-25 01:46:52.336758,2026-08-25 02:01:41.136344,0 days 00:14:48.799586,1,64,0.0610086271435036,64,7.456011057174793e-05,0.1261822398251698,1,64,2,8.059727107802332e-05,COMPLETE
55,0.4970141663492915,2026-08-25 02:01:41.183478,2026-08-25 02:16:12.235800,0 days 00:14:31.052322,1,64,0.06920732521971132,64,6.746441068351366e-05,0.15572266213031757,1,64,2,9.186611903279831e-05,COMPLETE
56,0.49696042364272797,2026-08-25 02:16:12.283108,2026-08-25 02:30:32.536836,0 days 00:14:20.253728,1,64,0.055599366408135925,64,6.0978346792948184e-05,0.1062972258445567,1,64,2,8.617604124443256e-05,COMPLETE
57,0.4913048001029259,2026-08-25 02:30:32.585516,2026-08-25 02:46:23.646198,0 days 00:15:51.060682,1,64,0.07326716866901441,32,7.013046690016041e-05,0.12656570387658223,1,128,2,8.801386898844972e-05,COMPLETE
58,0.49985872892011074,2026-08-25 02:46:23.694691,2026-08-25 02:52:22.142616,0 days 00:05:58.447925,1,256,0.12394156158287495,128,6.315034726036744e-05,0.14025214084320312,1,32,2,7.936524039242391e-05,COMPLETE
59,0.5023255306533393,2026-08-25 02:52:22.191684,2026-08-25 03:09:40.602768,0 days 00:17:18.411084,1,64,0.0882861015669869,128,6.436453912497604e-05,0.11707074913358997,2,64,2,8.981577039016736e-05,COMPLETE
60,0.4996474306010468,2026-08-25 03:09:40.653359,2026-08-25 03:24:41.220871,0 days 00:15:00.567512,4,64,0.07805723436625712,64,7.283687888981835e-05,0.301124307909429,1,64,2,8.290193306320185e-05,COMPLETE
61,0.4967468603541967,2026-08-25 03:24:41.268563,2026-08-25 03:42:46.265793,0 days 00:18:04.997230,1,64,0.0833363032128091,128,6.51312282146205e-05,0.17003762205312448,2,128,2,7.950141220982713e-05,COMPLETE
