number,value,datetime_start,datetime_complete,duration,params_batch,params_dp,params_h_size,params_lr,params_ls,params_out_c_mult,params_out_ch,params_wd,state
427,0.7670971322006682,2026-08-12 08:29:28.288740,2026-08-12 08:31:19.141170,0 days 00:01:50.852430,256,0.16330618785075873,32,9.814222679919155e-05,0.8364107422752113,1.0,256,0.0005944034352195192,COMPLETE
428,,2026-08-12 08:31:19.211770,2026-08-12 08:32:18.556909,0 days 00:00:59.345139,256,0.16425792527752084,1024,9.77882064191166e-05,0.8382652597488264,1.0,256,0.0005925843288344166,FAIL
429,0.7649754704321892,2026-08-13 05:15:19.964759,2026-08-13 05:18:22.531855,0 days 00:03:02.567096,256,0.1553822539256255,1024,9.910137280627348e-05,0.4981597065737185,1.0,256,0.0005626605442209179,COMPLETE
430,0.7576955516101672,2026-08-13 05:18:22.622230,2026-08-13 05:20:52.890030,0 days 00:02:30.267800,256,0.15534138409516596,1024,9.9472315695556e-05,0.4983052287871875,1.0,256,0.000562222615709335,COMPLETE
431,0.7568933297879415,2026-08-13 05:20:52.962624,2026-08-13 05:23:26.922254,0 days 00:02:33.959630,256,0.15523907069983853,1024,9.976410656930595e-05,0.4984022151720128,1.0,256,0.0005613105128097776,COMPLETE
