number,value,datetime_start,datetime_complete,duration,params_batch,params_dp,params_h_size,params_lr,params_ls,params_n_layers,params_out_c_mult,params_out_ch,params_out_ch_mult,params_wd,state
211,0.7479704974836513,2026-08-11 09:29:53.775098,2026-08-11 09:34:13.626837,0 days 00:04:19.851739,64,0.8145929840170153,128,0.0001536101984457779,0.5019721851180277,3,,512,,0.0028392754360477205,COMPLETE
212,0.735900910990291,2026-08-11 09:34:13.698506,2026-08-11 09:38:43.526141,0 days 00:04:29.827635,64,0.8145027426683635,128,0.00015656398932252497,0.6548396783723738,3,,512,,0.002956317195983902,COMPLETE
213,0.7470541442422953,2026-08-11 09:38:43.589439,2026-08-11 09:43:20.570641,0 days 00:04:36.981202,64,0.8121753399285758,128,0.00016457607778489839,0.48300453615919225,3,,512,,0.002842464039426572,COMPLETE
214,0.7360675122083495,2026-08-11 09:43:20.628543,2026-08-11 09:47:44.641006,0 days 00:04:24.012463,64,0.802089543596252,128,0.0001477822505053687,0.49018380759825425,3,,512,,0.002847517400643039,COMPLETE
215,0.7383682799967113,2026-08-11 09:47:44.692470,2026-08-11 09:52:15.210444,0 days 00:04:30.517974,64,0.810761243263831,128,0.0001614231512657768,0.4846158503619824,3,,512,,0.0028877403343126325,COMPLETE
216,0.7502597185944602,2026-08-11 09:52:15.269638,2026-08-11 09:56:41.814103,0 days 00:04:26.544465,64,0.8060943009809381,128,0.00015340296795107971,0.5208012296742335,3,,512,,0.0027683836269452736,COMPLETE
217,0.7422008913867006,2026-08-11 09:56:41.890028,2026-08-11 10:00:55.441946,0 days 00:04:13.551918,64,0.8059230517907812,128,0.00014397185412987973,0.5214865645969665,3,,512,,0.0027489086029770663,COMPLETE
218,0.7371499667537171,2026-08-11 10:00:55.510093,2026-08-11 10:05:29.512599,0 days 00:04:34.002506,64,0.8002557493633492,128,0.00014155267057644133,0.4797498101223621,3,,512,,0.002788666268409269,COMPLETE
219,0.7469372485638439,2026-08-11 10:05:29.571587,2026-08-11 10:09:45.788354,0 days 00:04:16.216767,64,0.7524236579726593,128,0.00015244287593371228,0.4589737026395065,3,,512,,0.002691704442941268,COMPLETE
220,0.7344141650500999,2026-08-11 10:09:45.868781,2026-08-11 10:14:18.937920,0 days 00:04:33.069139,64,0.8084802665394564,128,0.0001732360092883636,0.5460151314027575,3,,256,,0.0027602426626948695,COMPLETE
221,0.35866178883105165,2026-08-11 10:14:18.998077,2026-08-11 10:15:29.733714,0 days 00:01:10.735637,512,0.8120637602976214,128,0.0001530099443900832,0.4672604576052368,3,,512,,0.0026329340599805587,COMPLETE
222,,2026-08-11 10:15:29.807399,2026-08-11 10:19:12.330105,0 days 00:03:42.522706,64,0.8040331757411618,128,0.00018823844576604975,0.6744899854807148,3,,512,,0.0028248256111257815,FAIL
223,0.7364570038136045,2026-08-12 04:49:39.140188,2026-08-12 04:54:54.667306,0 days 00:05:15.527118,64,0.8036944692341864,128,0.00018632697599630117,0.5181877978300096,3,,128,,0.0028258115696254177,COMPLETE
224,0.7429751183351249,2026-08-12 04:54:54.767088,2026-08-12 04:59:44.582896,0 days 00:04:49.815808,64,0.7546527908530544,128,0.0001534214636310829,0.4519869093483031,3,,512,,0.0026845611436676835,COMPLETE
225,0.7420522647942792,2026-08-12 04:59:44.634044,2026-08-12 05:03:25.203429,0 days 00:03:40.569385,64,0.7575288984749958,128,0.00014891005497738298,0.44380089840151304,3,,512,,0.002693521953744039,COMPLETE
226,0.7395026860276144,2026-08-12 05:03:25.260545,2026-08-12 05:07:15.841912,0 days 00:03:50.581367,64,0.7518738394732866,128,0.00015628236880038681,0.4632884482081003,3,,512,,0.0027395951023193414,COMPLETE
227,0.7479133917423271,2026-08-12 05:07:15.898250,2026-08-12 05:11:48.882622,0 days 00:04:32.984372,64,0.8059532040371515,128,0.00016161159825127784,0.6756277230959644,3,,512,,0.0027951085417119346,COMPLETE
228,0.7460520665148794,2026-08-12 05:11:48.939188,2026-08-12 05:16:17.601406,0 days 00:04:28.662218,64,0.80543140939119,128,0.00016117813281131907,0.6828353844794831,3,,512,,0.002811090286775924,COMPLETE
229,0.7431691531407725,2026-08-12 05:16:17.678094,2026-08-12 05:20:40.891504,0 days 00:04:23.213410,64,0.812712143841844,128,0.00017154913965336193,0.6722283362914507,3,,512,,0.002856042295670047,COMPLETE
230,0.7429620235359448,2026-08-12 05:20:40.950287,2026-08-12 05:25:57.494960,0 days 00:05:16.544673,64,0.8146553865522919,32,0.00017982457892913746,0.6588756439701875,3,,512,,0.003900779897474518,COMPLETE
231,0.7436410724851399,2026-08-12 05:25:57.561421,2026-08-12 05:30:54.729677,0 days 00:04:57.168256,64,0.8087662730138692,1024,0.0001624366347774059,0.6751761252029763,3,,512,,0.002769698088755982,COMPLETE
232,0.7375012475153073,2026-08-12 05:30:54.834203,2026-08-12 05:34:57.949709,0 days 00:04:03.115506,64,0.7455357604721861,128,0.0002010735350560333,0.5319932706947602,3,,512,,0.002794494889120637,COMPLETE
233,0.7445243613480153,2026-08-12 05:34:58.016162,2026-08-12 05:40:25.363002,0 days 00:05:27.346840,64,0.798888228472299,512,0.00013911201919727028,0.6633585494983731,3,,512,,0.004030283154296669,COMPLETE
234,0.744938540233321,2026-08-12 05:40:25.433678,2026-08-12 05:44:17.459418,0 days 00:03:52.025740,64,0.7507614667065743,128,0.00015545723137144036,0.6473057753407433,3,,512,,0.002713920211374164,COMPLETE
235,,2026-08-12 05:44:17.521900,2026-08-12 05:47:18.313839,0 days 00:03:00.791939,64,0.8059071795271069,128,0.00014594766507320235,0.6842942033802886,3,,512,,0.002749791067491813,FAIL
236,,2026-08-12 05:48:10.374940,2026-08-12 05:48:23.843149,0 days 00:00:13.468209,64,0.8153440858593013,128,0.00014814479156447012,0.5251947497791946,3,,512,0.7051233889086692,0.0026596158737542145,FAIL
237,,2026-08-12 05:48:36.868028,2026-08-12 05:48:37.426602,0 days 00:00:00.558574,64,0.8058573207443395,128,0.00014796034077364968,0.685818125703092,3,,512,1.253087819317134,0.002661472898145235,FAIL
238,,2026-08-12 05:49:35.728213,2026-08-12 05:49:36.229602,0 days 00:00:00.501389,64,0.8048864062139854,128,0.00014718138766234135,0.5246222488461947,3,,512,1.2069497990537421,0.002751108193717612,FAIL
239,,2026-08-12 05:54:03.458333,2026-08-12 05:54:03.634377,0 days 00:00:00.176044,64,0.8050921954594785,128,0.0001465172781946168,0.5249852064719661,3,,512,,0.002743261744879379,FAIL
240,0.7327270703947193,2026-08-12 05:54:51.192879,2026-08-12 06:02:28.571884,0 days 00:07:37.379005,64,0.8065394906189559,128,0.00014892797698784702,0.6820624595138584,3,3.0,512,,0.002760954353975635,COMPLETE
241,0.7395184561391825,2026-08-12 06:02:28.645969,2026-08-12 06:09:05.259600,0 days 00:06:36.613631,64,0.8101870445824215,128,0.00016875788816881512,0.5268953937972237,3,2.0,512,,0.002673875607728703,COMPLETE
242,0.7425181348494617,2026-08-12 06:09:05.336338,2026-08-12 06:13:44.433525,0 days 00:04:39.097187,64,0.7611917799733166,128,0.00015869620154294718,0.666901768374784,3,1.0,512,,0.0028400639825273922,COMPLETE
243,0.33852625714404444,2026-08-12 06:13:44.502905,2026-08-12 06:16:48.781155,0 days 00:03:04.278250,256,0.8160644398084603,128,0.0001459588276889502,0.5381467535564795,3,3.0,512,,0.002794360947333819,COMPLETE
244,0.7404030191464678,2026-08-12 06:16:48.837230,2026-08-12 06:21:38.738388,0 days 00:04:49.901158,64,0.8022882326715977,512,0.00015287034340214105,0.5200800346869715,2,2.0,512,,0.0027177950771137016,COMPLETE
245,,2026-08-12 06:21:38.794754,2026-08-12 06:22:21.879728,0 days 00:00:43.084974,64,0.8136588867273685,512,0.00017551938576883976,0.5111920852628865,2,1.0,512,,0.002624990739252641,FAIL
246,,2026-08-12 06:22:39.515233,2026-08-12 06:23:58.964062,0 days 00:01:19.448829,64,0.8134587179234404,512,0.00016643697993798433,0.6918290541512285,2,1.0,512,,0.00262027912763609,FAIL
247,0.7546033571856069,2026-08-12 06:24:08.760921,2026-08-12 06:28:03.777835,0 days 00:03:55.016914,64,0.7473059208462833,512,0.0001646868940663317,0.5117137044310569,2,1.0,512,,0.0032871204191534612,COMPLETE
248,0.7635241654590359,2026-08-12 06:28:03.886269,2026-08-12 06:31:07.788924,0 days 00:03:03.902655,64,0.7456309551402671,512,0.00016773189365295026,0.5136375477637428,2,1.0,512,,0.0033403488548619277,COMPLETE
249,,2026-08-12 06:31:07.859324,2026-08-12 06:33:58.080046,0 days 00:02:50.220722,64,0.744609664514434,512,0.00017076348675747479,0.515598205776834,2,1.0,512,,0.0032477929424204613,FAIL
250,0.7684352489127325,2026-08-12 06:34:02.450252,2026-08-12 06:37:23.767700,0 days 00:03:21.317448,64,0.7427142360089525,512,0.0001761850838167857,0.5166474399302594,2,1.0,512,,0.003471038530269548,COMPLETE
251,0.7547436167922585,2026-08-12 06:37:23.843384,2026-08-12 06:40:26.382607,0 days 00:03:02.539223,64,0.7426903949653231,512,0.00018104821584770647,0.5157310679114493,2,1.0,512,,0.0031455274992557183,COMPLETE
252,,2026-08-12 06:40:26.447251,2026-08-12 06:40:45.509382,0 days 00:00:19.062131,64,0.738338492197931,512,0.00017734605035116756,0.513728469282912,2,1.0,512,,0.003239779014206428,FAIL
253,,2026-08-12 06:41:43.296459,2026-08-12 06:43:44.929633,0 days 00:02:01.633174,64,0.7448414707487069,512,0.00017358872287478455,0.5098646462080136,2,1.0,512,,0.003321663411187664,FAIL
254,0.764587834073333,2026-08-12 06:43:46.503209,2026-08-12 06:48:36.969397,0 days 00:04:50.466188,64,0.7424676697187866,512,0.00017644196529490526,0.5153095863214547,2,1.0,512,,0.0033564668563616333,COMPLETE
255,0.755051747889365,2026-08-12 06:48:37.065531,2026-08-12 06:53:20.373421,0 days 00:04:43.307890,64,0.736709318336027,512,0.00017993648971295897,0.5115637456787199,2,1.0,512,,0.003262272229028127,COMPLETE
256,0.7675125846336625,2026-08-12 06:53:20.460193,2026-08-12 06:57:28.054344,0 days 00:04:07.594151,64,0.738348108409199,512,0.00019300638267590148,0.5059326778816607,2,1.0,512,,0.0032710574005607794,COMPLETE
257,0.7532166454313011,2026-08-12 06:57:28.126765,2026-08-12 07:02:09.588649,0 days 00:04:41.461884,64,0.7361086717073324,512,0.0001941411026277504,0.5081313816846256,2,1.0,512,,0.00338600530622838,COMPLETE
258,0.7588306905836447,2026-08-12 07:02:09.664507,2026-08-12 07:06:32.871216,0 days 00:04:23.206709,64,0.7313587034691381,512,0.0001893366547202776,0.5002333922036287,2,1.0,512,,0.0032874878342797906,COMPLETE
259,0.7646606534788846,2026-08-12 07:06:32.940870,2026-08-12 07:10:56.181852,0 days 00:04:23.240982,64,0.7303255607009229,512,0.00019266145181692735,0.4982093356719889,2,1.0,512,,0.0032816155646706083,COMPLETE
260,0.7561944977142013,2026-08-12 07:10:56.251872,2026-08-12 07:15:17.634508,0 days 00:04:21.382636,64,0.7345738240239623,512,0.00019217236390369134,0.5109148250786012,2,1.0,512,,0.0033000723431839095,COMPLETE
261,0.7599563333353214,2026-08-12 07:15:17.715086,2026-08-12 07:19:52.929525,0 days 00:04:35.214439,64,0.734066642904566,512,0.00019389034193046956,0.5096230667869519,2,1.0,512,,0.003304081913419947,COMPLETE
262,0.7564859517728748,2026-08-12 07:19:53.025139,2026-08-12 07:25:11.766219,0 days 00:05:18.741080,64,0.7310784184108416,512,0.00019289903589579622,0.5101296228860509,2,1.0,64,,0.0032833211522276654,COMPLETE
263,0.7567621448202767,2026-08-12 07:25:11.845441,2026-08-12 07:29:03.398808,0 days 00:03:51.553367,64,0.7330276260648019,512,0.0001934145022672092,0.5086382278048469,2,1.0,64,,0.0032937721382765082,COMPLETE
264,0.7561392393735514,2026-08-12 07:29:03.467631,2026-08-12 07:33:05.447029,0 days 00:04:01.979398,128,0.7323270674620034,512,0.00019079835021008852,0.4971160458604681,2,1.0,64,,0.0033083163418517886,COMPLETE
265,0.7461361189349175,2026-08-12 07:33:05.518572,2026-08-12 07:37:03.577099,0 days 00:03:58.058527,128,0.7314028275833788,512,0.00019385476816597918,0.4990244783746949,2,1.0,64,,0.0032892168772997534,COMPLETE
266,0.7528412688223269,2026-08-12 07:37:03.656249,2026-08-12 07:41:00.954762,0 days 00:03:57.298513,128,0.7350501889879391,512,0.00019292739548371765,0.5090516229339314,2,1.0,64,,0.0033749940300109825,COMPLETE
267,0.7500311651168865,2026-08-12 07:41:01.028871,2026-08-12 07:44:53.391462,0 days 00:03:52.362591,128,0.7253262168289983,512,0.00019262196233190215,0.508036273578701,2,1.0,64,,0.0034106346334035575,COMPLETE
268,0.7463462007707115,2026-08-12 07:44:53.465959,2026-08-12 07:48:53.924613,0 days 00:04:00.458654,128,0.7232715809141583,512,0.0001921247701358922,0.5086097600230047,2,1.0,64,,0.0033800442491146517,COMPLETE
269,,2026-08-12 07:48:53.990010,2026-08-12 07:51:42.295413,0 days 00:02:48.305403,128,0.7352677844768306,512,0.00019773147208152885,0.49521550439837975,2,1.0,64,,0.0032617961524583866,FAIL
270,0.7455622206436743,2026-08-12 07:51:54.468661,2026-08-12 07:53:04.027755,0 days 00:01:09.559094,512,0.735429157529156,512,0.0001982642224375972,0.49621146802271865,2,1.0,64,,0.0032295408478119013,COMPLETE
271,0.7495218152503672,2026-08-12 07:53:04.092676,2026-08-12 07:54:55.436825,0 days 00:01:51.344149,128,0.7290039022602842,512,0.00019101758139387963,0.5108068484195882,2,1.0,64,,0.0033939622697143944,COMPLETE
272,0.7520884918733715,2026-08-12 07:54:55.519593,2026-08-12 07:56:39.823333,0 days 00:01:44.303740,128,0.7350426217407082,512,0.0001872301660525098,0.50274331028911,2,1.0,64,,0.0033107310395511396,COMPLETE
273,0.7485195043137947,2026-08-12 07:56:40.003977,2026-08-12 07:58:19.458917,0 days 00:01:39.454940,128,0.7391737599521697,512,0.00018638709498775019,0.4933561845901935,2,1.0,64,,0.0032980309618969475,COMPLETE
274,0.7428842395991363,2026-08-12 07:58:19.536286,2026-08-12 08:00:00.684741,0 days 00:01:41.148455,128,0.7356020785826118,512,0.00020412289831753683,0.49997269079346823,2,1.0,64,,0.0032330574546348186,COMPLETE
275,0.7540487199126469,2026-08-12 08:00:00.757153,2026-08-12 08:01:39.639622,0 days 00:01:38.882469,128,0.7322817104869043,512,0.00018497906158161548,0.5122430098532701,2,1.0,64,,0.00335918342823072,COMPLETE
276,0.7410771248358133,2026-08-12 08:01:39.705437,2026-08-12 08:03:25.867796,0 days 00:01:46.162359,128,0.7316488063697361,512,0.00018514317074133657,0.5098589607416547,2,1.0,64,,0.003351907304567347,COMPLETE
277,0.7441860444359222,2026-08-12 08:03:25.935360,2026-08-12 08:05:10.466464,0 days 00:01:44.531104,128,0.7328469645505006,512,0.00019587719001220948,0.49187286166355987,2,1.0,64,,0.003461332899339534,COMPLETE
278,0.7519090211319929,2026-08-12 08:05:10.525453,2026-08-12 08:06:59.258607,0 days 00:01:48.733154,128,0.7407606800622369,512,0.00020688101082531145,0.5025748656254805,2,1.0,64,,0.00327105518900126,COMPLETE
279,0.7522136854815038,2026-08-12 08:06:59.318546,2026-08-12 08:08:57.571737,0 days 00:01:58.253191,128,0.7390548723067062,512,0.00020517706932185513,0.5021191106479203,2,1.0,64,,0.0032694019432093174,COMPLETE
280,0.7461673396283259,2026-08-12 08:08:57.647971,2026-08-12 08:10:51.564862,0 days 00:01:53.916891,128,0.7383265042674797,512,0.00019796239921871108,0.5024352766294474,2,1.0,64,,0.0032708281028614454,COMPLETE
281,0.7465055504453733,2026-08-12 08:10:51.631646,2026-08-12 08:13:50.713177,0 days 00:02:59.081531,128,0.7410444361715953,512,0.00018517689926386162,0.5133416884961863,2,1.0,64,,0.0031895850401125617,COMPLETE
282,0.7539485627288447,2026-08-12 08:13:50.792754,2026-08-12 08:19:14.160486,0 days 00:05:23.367732,128,0.7335251751269588,512,0.00021042583144166704,0.4904477544087061,2,1.0,64,,0.0033337012196222207,COMPLETE
283,0.7429909204035764,2026-08-12 08:19:14.242702,2026-08-12 08:23:05.314723,0 days 00:03:51.072021,128,0.7352041272450496,512,0.00021111223643447997,0.4849043857149241,2,1.0,64,,0.003330709996226537,COMPLETE
284,0.7481109990428817,2026-08-12 08:23:05.390391,2026-08-12 08:27:46.770076,0 days 00:04:41.379685,128,0.730547637839301,512,0.00020544143608377928,0.4999212758512075,2,1.0,64,,0.0033328063455452107,COMPLETE
