number,value,datetime_start,datetime_complete,duration,params_batch,params_dp,params_h_size,params_lr,params_ls,params_out_c_mult,params_out_ch,params_wd,state
321,,2026-08-12 06:32:36.085228,2026-08-12 06:34:12.306825,0 days 00:01:36.221597,64,0.15462631018353204,32,9.86584932296845e-05,0.8308286982511641,1.0,512,0.0005800529223765366,FAIL
322,0.7576999115982744,2026-08-12 06:34:16.753974,2026-08-12 06:36:42.664584,0 days 00:02:25.910610,64,0.1546599738781175,32,9.86360014685596e-05,0.8289059216645944,1.0,512,0.0005602946079825911,COMPLETE
323,0.7553579860210041,2026-08-12 06:36:42.738762,2026-08-12 06:38:25.492851,0 days 00:01:42.754089,256,0.15456941931400392,32,9.850820540983962e-05,0.8347732340182298,1.0,512,0.0005590435989106312,COMPLETE
324,0.7598550550927239,2026-08-12 06:38:25.559078,2026-08-12 06:40:06.376448,0 days 00:01:40.817370,256,0.15564981804796424,32,9.831687631940217e-05,0.8318702623066806,1.0,512,0.0005556112197811137,COMPLETE
325,,2026-08-12 06:40:06.457229,2026-08-12 06:40:24.958034,0 days 00:00:18.500805,256,0.15539965166942526,32,9.849029447728723e-05,0.8324724809931207,1.0,512,0.0005612532973685374,FAIL
326,0.7516719858847951,2026-08-12 06:40:30.188108,2026-08-12 06:41:31.438434,0 days 00:01:01.250326,256,0.15552309776877352,32,9.860765580152032e-05,0.8317396088501959,1.0,512,0.000557220277525389,COMPLETE
327,0.7538871453967316,2026-08-12 06:41:31.503189,2026-08-12 06:42:43.253689,0 days 00:01:11.750500,256,0.15568143030781476,32,9.900859627787629e-05,0.8323373788032186,1.0,512,0.0005578960090266256,COMPLETE
328,0.7483506975540084,2026-08-12 06:42:43.319610,2026-08-12 06:43:49.742735,0 days 00:01:06.423125,256,0.15491346671421657,32,9.925711626294758e-05,0.8317063458934452,1.0,512,0.0005577137107557821,COMPLETE
329,,2026-08-12 06:43:49.812355,2026-08-12 06:44:56.708176,0 days 00:01:06.895821,256,0.15450444402876137,32,9.917882317343865e-05,0.8325637093659,1.0,128,0.0005565374860457439,FAIL
330,0.7602099311547483,2026-08-12 06:45:32.194494,2026-08-12 06:46:32.994553,0 days 00:01:00.800059,256,0.15561553762968963,32,9.918392876563675e-05,0.8317675807769342,1.0,128,0.0005631986658027614,COMPLETE
331,0.7603312256898023,2026-08-12 06:46:33.058960,2026-08-12 06:47:38.533162,0 days 00:01:05.474202,256,0.15532327014399483,32,9.875779423042107e-05,0.832060700724997,1.0,256,0.0005647293051455667,COMPLETE
332,0.7552897286106487,2026-08-12 06:47:38.609146,2026-08-12 06:48:38.341213,0 days 00:00:59.732067,256,0.1554686096939365,32,9.929767401127466e-05,0.8296118019368093,1.0,128,0.0005560339578064378,COMPLETE
333,0.7498902063738357,2026-08-12 06:48:38.403359,2026-08-12 06:49:39.913927,0 days 00:01:01.510568,256,0.1557704294328715,32,9.89621609331276e-05,0.8323517371259501,1.0,128,0.0005566394792891143,COMPLETE
334,0.7550058268957157,2026-08-12 06:49:39.974700,2026-08-12 06:50:35.894712,0 days 00:00:55.920012,256,0.15599464043016345,32,9.918708047439521e-05,0.8312508188578333,1.0,128,0.0005561050539611038,COMPLETE
335,0.7582493620220656,2026-08-12 06:50:35.975261,2026-08-12 06:51:43.517901,0 days 00:01:07.542640,256,0.15559316894613898,32,9.919898190764018e-05,0.8315262143157237,1.0,128,0.0005565940055960899,COMPLETE
336,0.7520341052223876,2026-08-12 06:51:43.584314,2026-08-12 06:52:36.478571,0 days 00:00:52.894257,256,0.15590086013841162,32,9.93538698663994e-05,0.832622673319561,1.0,128,0.0005554896588609262,COMPLETE
337,0.749260888712552,2026-08-12 06:52:36.548512,2026-08-12 06:53:28.272762,0 days 00:00:51.724250,256,0.15563452595833005,32,9.935655580921659e-05,0.8307400052154921,1.0,128,0.0005567040387449372,COMPLETE
338,0.7612638949067579,2026-08-12 06:53:28.339510,2026-08-12 06:54:23.622460,0 days 00:00:55.282950,256,0.15558390984527218,32,9.910874548538912e-05,0.8312624992378871,1.0,128,0.0005586846968198044,COMPLETE
339,0.752626861279672,2026-08-12 06:54:23.725314,2026-08-12 06:55:16.059459,0 days 00:00:52.334145,256,0.15562452045622052,32,9.928485270427121e-05,0.8311429960588129,1.0,128,0.000556793784055224,COMPLETE
340,0.7609520887955596,2026-08-12 06:55:16.121245,2026-08-12 06:56:14.192855,0 days 00:00:58.071610,256,0.15581838394778927,32,9.929552004910994e-05,0.8319501081801759,1.0,128,0.0005576157176814195,COMPLETE
341,0.7590726694961539,2026-08-12 06:56:14.261984,2026-08-12 06:57:13.232279,0 days 00:00:58.970295,256,0.15606894011297281,32,9.949563522434503e-05,0.831622574209855,1.0,128,0.0005541174900887557,COMPLETE
342,0.7546269031853986,2026-08-12 06:57:13.314061,2026-08-12 06:58:08.199583,0 days 00:00:54.885522,256,0.15599107808139367,32,9.933482629318758e-05,0.8314783325122176,1.0,128,0.0005563921912258433,COMPLETE
343,0.7598089957470302,2026-08-12 06:58:08.263138,2026-08-12 06:59:08.831949,0 days 00:01:00.568811,256,0.1561970668750853,32,9.923645255411371e-05,0.8311917038560306,1.0,128,0.0005581005134587556,COMPLETE
344,0.7557100316456604,2026-08-12 06:59:08.907881,2026-08-12 06:59:57.957708,0 days 00:00:49.049827,256,0.15592762863786105,32,9.937915901661994e-05,0.832013703764648,1.0,128,0.0005590878938974477,COMPLETE
345,0.7589120002255961,2026-08-12 06:59:58.027261,2026-08-12 07:00:55.063643,0 days 00:00:57.036382,256,0.1552835970913918,32,9.929088736976218e-05,0.8315414599212019,1.0,128,0.0005558279359321168,COMPLETE
346,0.7469190489317823,2026-08-12 07:00:55.128327,2026-08-12 07:01:48.435853,0 days 00:00:53.307526,256,0.15591029912351972,32,9.941400480695309e-05,0.8316330584286314,1.0,128,0.0005562406661489417,COMPLETE
347,0.7536172190105295,2026-08-12 07:01:48.505057,2026-08-12 07:02:35.171754,0 days 00:00:46.666697,256,0.15592593346483422,32,9.925108702574048e-05,0.8309713153217853,1.0,128,0.0005463591280676141,COMPLETE
348,0.7602860908042735,2026-08-12 07:02:35.266173,2026-08-12 07:03:34.062890,0 days 00:00:58.796717,256,0.15654628961983358,32,9.998294531231221e-05,0.8296473087487692,1.0,128,0.0005456199875661663,COMPLETE
349,0.7584308510397975,2026-08-12 07:03:34.128110,2026-08-12 07:04:26.662463,0 days 00:00:52.534353,256,0.1572026944320244,32,9.999759155684779e-05,0.8339814598665838,1.0,128,0.0005443687789956045,COMPLETE
350,0.7542333992836048,2026-08-12 07:04:26.725148,2026-08-12 07:05:21.655965,0 days 00:00:54.930817,256,0.1578142919494007,32,9.984648817129085e-05,0.8288817224299024,1.0,128,0.000546602934906064,COMPLETE
351,0.7565322607155065,2026-08-12 07:05:21.718658,2026-08-12 07:06:15.929100,0 days 00:00:54.210442,256,0.15763259616014005,32,9.997313605209872e-05,0.8290231380254521,1.0,128,0.0005413219935513905,COMPLETE
352,0.7536648001932956,2026-08-12 07:06:15.990995,2026-08-12 07:07:11.767467,0 days 00:00:55.776472,256,0.1576505640823088,32,9.997263069549405e-05,0.8286182785101114,1.0,128,0.0005408879795929658,COMPLETE
353,0.75751918118282,2026-08-12 07:07:11.831106,2026-08-12 07:08:05.795570,0 days 00:00:53.964464,256,0.15789303192386084,32,9.993444815631163e-05,0.8291777377110995,1.0,128,0.0005400520953727166,COMPLETE
354,0.7604146760697484,2026-08-12 07:08:05.858867,2026-08-12 07:09:03.038925,0 days 00:00:57.180058,256,0.15841019638125822,32,9.9849914509525e-05,0.8279458643104712,1.0,128,0.0005400265422471041,COMPLETE
355,0.7569223131735471,2026-08-12 07:09:03.105441,2026-08-12 07:09:57.154259,0 days 00:00:54.048818,256,0.15799449243703947,32,9.981717139517779e-05,0.8281049483043358,1.0,128,0.0005358986067735269,COMPLETE
356,0.7544755823376691,2026-08-12 07:09:57.227986,2026-08-12 07:10:46.114459,0 days 00:00:48.886473,256,0.1583973229817528,32,9.998658072343458e-05,0.827676938508206,1.0,128,0.0005352708534386502,COMPLETE
357,0.7543806415559561,2026-08-12 07:10:46.185114,2026-08-12 07:11:40.307356,0 days 00:00:54.122242,256,0.15881614061495533,32,9.996753113709802e-05,0.8344877134715807,1.0,128,0.0005358117719718023,COMPLETE
358,0.765325199269937,2026-08-12 07:11:40.385690,2026-08-12 07:12:42.782813,0 days 00:01:02.397123,256,0.15802413763853174,32,9.843923779211961e-05,0.8282579539328689,1.0,128,0.0005700928844103545,COMPLETE
359,0.7616604362097273,2026-08-12 07:12:42.850918,2026-08-12 07:13:45.074895,0 days 00:01:02.223977,256,0.15786615064770293,32,9.859017538790616e-05,0.8346729448278057,1.0,128,0.0005705079099564087,COMPLETE
360,0.7587187619928594,2026-08-12 07:13:45.141851,2026-08-12 07:14:41.751717,0 days 00:00:56.609866,256,0.15957103824718863,32,9.841431738071819e-05,0.8341334918885223,1.0,128,0.0005695314853612662,COMPLETE
361,0.7543250370569753,2026-08-12 07:14:41.819665,2026-08-12 07:15:41.776665,0 days 00:00:59.957000,256,0.16017969128990037,32,9.836974182754631e-05,0.835233265655485,1.0,128,0.0005703288101320996,COMPLETE
362,0.7536520988618806,2026-08-12 07:15:41.838822,2026-08-12 07:16:37.814307,0 days 00:00:55.975485,256,0.157705142159664,32,9.822164763204154e-05,0.8280993874590052,1.0,128,0.000576302772254935,COMPLETE
363,0.7554816531500428,2026-08-12 07:16:37.880733,2026-08-12 07:17:37.409140,0 days 00:00:59.528407,256,0.15817291763039942,32,9.843258957907479e-05,0.83467575000111,1.0,128,0.0005690968061155229,COMPLETE
364,0.7457344377358275,2026-08-12 07:17:37.475928,2026-08-12 07:18:40.754485,0 days 00:01:03.278557,256,0.1597080684176027,32,9.858027189689052e-05,0.8348369589595785,1.0,128,0.0005774762736830745,COMPLETE
365,0.757757858980418,2026-08-12 07:18:40.820828,2026-08-12 07:19:34.724778,0 days 00:00:53.903950,256,0.15775656567099158,32,9.822981812738533e-05,0.8346808174019072,1.0,128,0.0005674619667498257,COMPLETE
366,0.7547529071984915,2026-08-12 07:19:34.787666,2026-08-12 07:20:29.431529,0 days 00:00:54.643863,256,0.15831601593253578,32,9.799289413249133e-05,0.8282476989258113,1.0,128,0.0005423818620933814,COMPLETE
367,0.7589650691162271,2026-08-12 07:20:29.515898,2026-08-12 07:21:30.774795,0 days 00:01:01.258897,256,0.15965264660208608,32,9.999384221100012e-05,0.8351039792036825,1.0,128,0.0005677668021217621,COMPLETE
368,0.758885405148459,2026-08-12 07:21:30.838495,2026-08-12 07:22:32.521110,0 days 00:01:01.682615,256,0.16076180135539722,32,9.992451318734534e-05,0.8264643712492207,1.0,128,0.0005673046413447882,COMPLETE
369,0.7548759195684026,2026-08-12 07:22:32.591555,2026-08-12 07:23:23.905980,0 days 00:00:51.314425,256,0.16108193645051563,32,9.994557270711026e-05,0.827405426155901,1.0,128,0.0005815358500521534,COMPLETE
370,0.7509972010526971,2026-08-12 07:23:23.972492,2026-08-12 07:24:13.813540,0 days 00:00:49.841048,256,0.15978783342293074,32,9.873718885940678e-05,0.8371186215928869,1.0,128,0.0005692595476238751,COMPLETE
371,0.7603435457426382,2026-08-12 07:24:13.879253,2026-08-12 07:24:58.707859,0 days 00:00:44.828606,256,0.15753858213962105,32,9.994721161644286e-05,0.8268890757675685,1.0,128,0.0005302032365517283,COMPLETE
372,0.7558613389465441,2026-08-12 07:24:58.768677,2026-08-12 07:25:41.510176,0 days 00:00:42.741499,256,0.15935079811638803,32,9.79398508289122e-05,0.8263746544283691,1.0,128,0.0005296017953943411,COMPLETE
373,0.7605490279878405,2026-08-12 07:25:41.583923,2026-08-12 07:26:29.877524,0 days 00:00:48.293601,256,0.16110073168046918,32,9.884795664375266e-05,0.8345249437407435,1.0,128,0.0005695642862106759,COMPLETE
374,0.7538212834751176,2026-08-12 07:26:29.937872,2026-08-12 07:27:14.813441,0 days 00:00:44.875569,256,0.1617632934992813,32,9.880327002953306e-05,0.8338047601646064,1.0,128,0.0005679576881156005,COMPLETE
375,0.7508379840784093,2026-08-12 07:27:14.902092,2026-08-12 07:28:01.442785,0 days 00:00:46.540693,256,0.16047596452232868,32,9.878248248419647e-05,0.8268051105242766,1.0,128,0.0005436814803408076,COMPLETE
376,0.7514749962847413,2026-08-12 07:28:01.517282,2026-08-12 07:28:54.067487,0 days 00:00:52.550205,256,0.1578020613407434,32,9.998313417291626e-05,0.8295368520829285,1.0,128,0.0005681354752246681,COMPLETE
377,0.7592438389947443,2026-08-12 07:28:54.128635,2026-08-12 07:29:44.744592,0 days 00:00:50.615957,256,0.15952998330280252,32,9.859487424240873e-05,0.8338416004477068,1.0,128,0.0005471812450880939,COMPLETE
378,0.7479910454902451,2026-08-12 07:29:44.818715,2026-08-12 07:30:36.671399,0 days 00:00:51.852684,256,0.1617072032484218,32,9.903120708989686e-05,0.8368256057350149,1.0,128,0.0005315960060276266,COMPLETE
379,0.7641215902336337,2026-08-12 07:30:36.739664,2026-08-12 07:31:38.148144,0 days 00:01:01.408480,256,0.15970727513259556,32,9.880129804229541e-05,0.8255614785894151,1.0,128,0.0005468984997084948,COMPLETE
380,0.754732895335368,2026-08-12 07:31:38.211813,2026-08-12 07:32:40.278211,0 days 00:01:02.066398,256,0.16388323546202221,32,9.873478346181344e-05,0.8342297293159826,3.0,128,0.0005468044171318443,COMPLETE
381,0.7599084980350677,2026-08-12 07:32:40.340952,2026-08-12 07:33:35.757826,0 days 00:00:55.416874,256,0.15991798816426225,32,9.792266157644365e-05,0.8387195019363678,2.0,128,0.0005867095440275724,COMPLETE
382,0.7491499234500484,2026-08-12 07:33:35.834718,2026-08-12 07:34:29.279275,0 days 00:00:53.444557,256,0.1608944952539303,32,9.78797710487883e-05,0.8396388878593886,2.0,128,0.0005896824488359346,COMPLETE
383,0.7526409447309856,2026-08-12 07:34:29.342781,2026-08-12 07:35:18.037502,0 days 00:00:48.694721,256,0.15960020816874276,32,9.869091146960257e-05,0.8372523621731122,2.0,128,0.0005838513977470024,COMPLETE
384,0.756220002241039,2026-08-12 07:35:18.110540,2026-08-12 07:36:19.120339,0 days 00:01:01.009799,256,0.16241924126494547,32,9.777771098145716e-05,0.8256841997491473,1.0,128,0.0005675035704276553,COMPLETE
385,0.7570488055010379,2026-08-12 07:36:19.189411,2026-08-12 07:37:10.893281,0 days 00:00:51.703870,256,0.15957823127620818,32,9.898177867254446e-05,0.8343976410913928,1.0,128,0.0005498888922172819,COMPLETE
386,0.7496226933466869,2026-08-12 07:37:10.994834,2026-08-12 07:38:03.689945,0 days 00:00:52.695111,256,0.15725857331196438,32,9.832433189671949e-05,0.8375494523206588,1.0,128,0.0005664771633640445,COMPLETE
387,0.7566712830721941,2026-08-12 07:38:03.767219,2026-08-12 07:39:01.145708,0 days 00:00:57.378489,256,0.15965882066023737,32,9.922267113312544e-05,0.8341842360247923,1.0,128,0.0005835093510095342,COMPLETE
388,0.7528436178674422,2026-08-12 07:39:01.212879,2026-08-12 07:39:55.816761,0 days 00:00:54.603882,256,0.1628912390194785,32,9.818720536552493e-05,0.825453152313005,1.0,128,0.0005479883546668027,COMPLETE
389,0.7577561788283076,2026-08-12 07:39:55.884640,2026-08-12 07:40:56.687628,0 days 00:01:00.802988,256,0.16068290945471386,32,9.914062946593226e-05,0.8302720300979549,1.0,128,0.0005657992309463893,COMPLETE
390,0.7562030154835832,2026-08-12 07:40:56.764148,2026-08-12 07:41:51.593031,0 days 00:00:54.828883,256,0.16083473968314255,32,9.935069677127418e-05,0.8385140305965417,1.0,128,0.0005672679081496665,COMPLETE
391,0.7575126129184917,2026-08-12 07:41:51.674374,2026-08-12 07:42:45.059501,0 days 00:00:53.385127,256,0.1593879443323033,32,9.756602499828465e-05,0.8327260862684527,1.0,128,0.000595470103491878,COMPLETE
392,0.75397344256509,2026-08-12 07:42:45.129508,2026-08-12 07:43:51.756153,0 days 00:01:06.626645,256,0.1618087671685877,32,9.903167895429259e-05,0.830101841103111,1.0,128,0.0005748225617827756,COMPLETE
393,0.7519567653310625,2026-08-12 07:43:51.830527,2026-08-12 07:44:34.857146,0 days 00:00:43.026619,256,0.16414438839725506,32,9.938475876067733e-05,0.8336572290984693,2.0,128,0.0005480196421728998,COMPLETE
394,0.7556059864835706,2026-08-12 07:44:34.928861,2026-08-12 07:45:30.828210,0 days 00:00:55.899349,256,0.15723674009700594,32,9.99921424673403e-05,0.8305662620336415,1.0,128,0.0005647985650512462,COMPLETE
395,0.7473270448954521,2026-08-12 07:45:30.900232,2026-08-12 07:46:23.231694,0 days 00:00:52.331462,256,0.1590486898176538,32,9.840013071495882e-05,0.8404216225418782,1.0,128,0.0005109046571248092,COMPLETE
396,0.7541196551968866,2026-08-12 07:46:23.297310,2026-08-12 07:47:12.535142,0 days 00:00:49.237832,256,0.15721390510927372,32,9.766820829429854e-05,0.8257145691403835,1.0,128,0.0005847617446747771,COMPLETE
397,0.7566664779073607,2026-08-12 07:47:12.607473,2026-08-12 07:47:58.682298,0 days 00:00:46.074825,256,0.1610933462848063,32,9.876092643742651e-05,0.8367213928138677,1.0,128,0.0005283349922218595,COMPLETE
398,0.7463037054477661,2026-08-12 07:47:58.753189,2026-08-12 07:48:43.988968,0 days 00:00:45.235779,256,0.15734635622541213,32,9.918864239187397e-05,0.8328589522759583,1.0,128,0.0005483821568590886,COMPLETE
399,0.754001248484237,2026-08-12 07:48:44.053774,2026-08-12 07:49:35.560618,0 days 00:00:51.506844,256,0.15376366390004556,32,9.765025749693038e-05,0.8296874368129361,1.0,128,0.0005758352911976525,COMPLETE
400,0.7509686256934396,2026-08-12 07:49:35.634419,2026-08-12 07:50:26.151687,0 days 00:00:50.517268,256,0.15944549680323325,32,9.999635768750637e-05,0.8344385651986767,1.0,128,0.000563876344645501,COMPLETE
401,0.7573698336178057,2026-08-12 07:50:26.216918,2026-08-12 07:51:16.922529,0 days 00:00:50.705611,256,0.1630363487570268,32,9.824827921867916e-05,0.8258053637922713,1.0,128,0.0005499980127115446,COMPLETE
402,0.7554997790475321,2026-08-12 07:51:16.988306,2026-08-12 07:52:07.705380,0 days 00:00:50.717074,256,0.15697730509230526,32,9.940042917384412e-05,0.8397921218435775,1.0,128,0.0005206103387611373,COMPLETE
403,0.7582151527701092,2026-08-12 07:52:07.782228,2026-08-12 07:53:13.467538,0 days 00:01:05.685310,256,0.1589565397011096,32,9.855886690369468e-05,0.8306153703814851,1.0,128,0.0005335647149564722,COMPLETE
404,0.7557849048343143,2026-08-12 07:53:13.533627,2026-08-12 07:54:24.902831,0 days 00:01:11.369204,256,0.15393958325586085,32,9.838951253304358e-05,0.8359259159478847,1.0,128,0.0005316382549725372,COMPLETE
405,0.7560508995939967,2026-08-12 07:54:24.974018,2026-08-12 07:55:27.701136,0 days 00:01:02.727118,256,0.1588192755883447,32,9.782463400341587e-05,0.8326473757364398,3.0,128,0.0005379712069907869,COMPLETE
406,0.7575619940955264,2026-08-12 07:55:27.780171,2026-08-12 07:56:41.996079,0 days 00:01:14.215908,256,0.15698057983557073,32,9.871225389387684e-05,0.8242829163898713,1.0,128,0.0005481906319862939,COMPLETE
407,0.7590860367573165,2026-08-12 07:56:42.065910,2026-08-12 07:57:41.252145,0 days 00:00:59.186235,256,0.1540771155480336,32,9.998784435879297e-05,0.8281063468964154,1.0,256,0.0005766302615949017,COMPLETE
408,0.7530159308149595,2026-08-12 07:57:41.319808,2026-08-12 07:58:42.590724,0 days 00:01:01.270916,256,0.15466271584815583,32,9.956253612422477e-05,0.8274179332256482,1.0,256,0.0005904235472423059,COMPLETE
409,0.755084988002005,2026-08-12 07:58:42.655210,2026-08-12 07:59:41.400838,0 days 00:00:58.745628,256,0.15386080481342565,32,9.99909859189824e-05,0.830191367124938,1.0,256,0.0005780892652464641,COMPLETE
410,0.7572430843071014,2026-08-12 07:59:41.466839,2026-08-12 08:00:39.832446,0 days 00:00:58.365607,256,0.15637185283086738,32,9.929007764974989e-05,0.8274014954411932,1.0,256,0.0005387453814666768,COMPLETE
411,0.7527393398890027,2026-08-12 08:00:39.900682,2026-08-12 08:01:45.209777,0 days 00:01:05.309095,256,0.15888005200514785,32,9.894727610095803e-05,0.8243480699561873,1.0,256,0.0005184525145785056,COMPLETE
412,0.7477678074270347,2026-08-12 08:01:45.275739,2026-08-12 08:03:00.697296,0 days 00:01:15.421557,256,0.15410672324048738,32,9.998317774672442e-05,0.8320871182553439,1.0,128,0.0005485552285423443,COMPLETE
413,0.7619676194263701,2026-08-12 08:03:00.764143,2026-08-12 08:04:09.586924,0 days 00:01:08.822781,256,0.16145989972368469,32,9.751584397846785e-05,0.8379527267075757,2.0,128,0.0005603075311114881,COMPLETE
414,0.7480209261391225,2026-08-12 08:04:09.651863,2026-08-12 08:05:18.109842,0 days 00:01:08.457979,256,0.16238316327531133,32,9.74359640784956e-05,0.8393167008149635,2.0,128,0.0005775363756393944,COMPLETE
415,0.7527267428105138,2026-08-12 08:05:18.189593,2026-08-12 08:06:23.190785,0 days 00:01:05.001192,256,0.16100085263999922,32,9.934175923507456e-05,0.8376491956209182,2.0,128,0.0005606010924217648,COMPLETE
416,0.7509571973853798,2026-08-12 08:06:23.259063,2026-08-12 08:07:34.924980,0 days 00:01:11.665917,256,0.157180421005918,32,9.750149050359617e-05,0.842362071681547,2.0,128,0.0005529068622702451,COMPLETE
417,0.7556051575439414,2026-08-12 08:07:35.003324,2026-08-12 08:08:53.262149,0 days 00:01:18.258825,256,0.1639203000315614,32,9.870138084431799e-05,0.8356506492102419,1.0,128,0.0005895708567698419,COMPLETE
418,0.7578890420836377,2026-08-12 08:08:53.334341,2026-08-12 08:10:05.285447,0 days 00:01:11.951106,256,0.15423542850437008,32,9.800950222272722e-05,0.8274751887561963,1.0,128,0.0005652479047425865,COMPLETE
419,0.7560031047567543,2026-08-12 08:10:05.351890,2026-08-12 08:11:56.467714,0 days 00:01:51.115824,256,0.15639387422991252,512,9.93837599389891e-05,0.8329192518902295,1.0,256,0.0005750536502576821,COMPLETE
420,0.7584261051691336,2026-08-12 08:11:56.546206,2026-08-12 08:16:21.846006,0 days 00:04:25.299800,256,0.1605155804190664,32,9.878210366091322e-05,0.8296933962986575,1.0,128,0.0005516043199723153,COMPLETE
421,0.7518935978471197,2026-08-12 08:16:21.932552,2026-08-12 08:19:45.687778,0 days 00:03:23.755226,256,0.16502758978606588,32,9.999866460433162e-05,0.8235562998796427,1.0,128,0.0005440337011858005,COMPLETE
422,0.7593585696185176,2026-08-12 08:19:45.764704,2026-08-12 08:21:22.768293,0 days 00:01:37.003589,256,0.1603518782657285,32,9.833125043550918e-05,0.8378508503955162,1.0,128,0.0005994266000955717,COMPLETE
423,0.755084605760679,2026-08-12 08:21:22.846324,2026-08-12 08:22:53.719059,0 days 00:01:30.872735,256,0.16244059467126098,32,9.739063530539294e-05,0.8412812019760281,1.0,128,0.0006000333850154219,COMPLETE
424,0.7627141344106008,2026-08-12 08:22:53.809283,2026-08-12 08:25:35.361624,0 days 00:02:41.552341,256,0.15928188198107537,32,9.814061041107645e-05,0.8363818514686371,1.0,128,0.0005817748026388125,COMPLETE
425,0.7571725458878658,2026-08-12 08:25:35.436780,2026-08-12 08:27:36.721887,0 days 00:02:01.285107,256,0.161344919544245,32,9.812127749287612e-05,0.8395921690765088,1.0,128,0.0006003200915548031,COMPLETE
426,0.7577093058206026,2026-08-12 08:27:36.792486,2026-08-12 08:29:28.214856,0 days 00:01:51.422370,256,0.15944651276832225,32,9.732828005769223e-05,0.8372097860359514,2.0,128,0.0005823719696351413,COMPLETE
