number,value,datetime_start,datetime_complete,duration,params_batch,params_dp,params_h_size,params_lr,params_ls,params_out_c_mult,params_out_ch,params_wd,state
0,0.3573831427288301,2026-08-10 08:24:36.351550,2026-08-10 08:25:10.444681,0 days 00:00:34.093131,256,0.2856285190647381,64,6.450984768757609e-05,0.6623140070030727,,256,0.0020212429762443535,COMPLETE
1,0.647177256173987,2026-08-10 08:25:10.516443,2026-08-10 08:33:09.125009,0 days 00:07:58.608566,64,0.15172369551554096,1024,1.999155195042587e-05,0.06220286463887026,,32,0.0011399302043645892,COMPLETE
2,0.5217251202417754,2026-08-10 08:33:09.180627,2026-08-10 08:35:53.546486,0 days 00:02:44.365859,128,0.2216034846928805,64,3.178401053075137e-05,0.4008572192337898,,32,0.0008489374203238976,COMPLETE
3,0.5391025104706457,2026-08-10 08:35:53.594914,2026-08-10 08:38:11.824526,0 days 00:02:18.229612,128,0.19712796249281078,32,1.2411426116547748e-05,0.0010701547542436574,,256,0.0007662780129396935,COMPLETE
4,0.5606655248408601,2026-08-10 08:38:11.880660,2026-08-10 08:43:14.226733,0 days 00:05:02.346073,128,0.15085102739842154,256,8.56144390668357e-05,0.511953023264859,,128,0.0005806456222110264,COMPLETE
5,0.43668268956367173,2026-08-10 08:43:14.291798,2026-08-10 08:48:29.193360,0 days 00:05:14.901562,128,0.14693827337799564,512,1.0631175634381356e-05,0.5685807325076151,,64,0.0005107604406510983,COMPLETE
6,0.3834025347946464,2026-08-10 08:48:29.264482,2026-08-10 08:49:34.537342,0 days 00:01:05.272860,256,0.21000850729953552,256,1.708087966829027e-05,0.4299621958463683,,32,0.0007382864034819755,COMPLETE
7,0.6737049666178098,2026-08-10 08:49:34.598706,2026-08-10 09:02:36.990791,0 days 00:13:02.392085,64,0.2747957212663921,512,2.2094337194546454e-05,0.40169728524095094,,128,0.0012492737560623446,COMPLETE
8,0.3186681363238731,2026-08-10 09:02:37.057768,2026-08-10 09:03:15.268104,0 days 00:00:38.210336,256,0.20388211163530856,64,1.1913743840141216e-05,0.12260422679699245,,64,0.001337301420864429,COMPLETE
9,0.2892344506340024,2026-08-10 09:03:15.321349,2026-08-10 09:03:50.754065,0 days 00:00:35.432716,256,0.26997359515476116,128,3.081012099649384e-05,0.6304980763747272,,64,0.001050906705476733,COMPLETE
10,0.6857951135931785,2026-08-10 09:03:50.804807,2026-08-10 09:14:52.682672,0 days 00:11:01.877865,64,0.34451031876086863,512,4.036576506642167e-05,0.9334939402897793,,128,0.0020576487029134536,COMPLETE
11,0.5033655603344327,2026-08-10 09:14:52.737122,2026-08-10 09:25:23.446406,0 days 00:10:30.709284,64,0.3372112228754309,512,3.903480074175954e-05,0.9834336050831808,,128,0.0021071489047578334,COMPLETE
12,0.6387338736379421,2026-08-10 09:25:23.515058,2026-08-10 09:32:58.773310,0 days 00:07:35.258252,64,0.3414944662623008,512,4.913703288700102e-05,0.9681346770738353,,128,0.0015603224703878626,COMPLETE
13,0.3302573706101205,2026-08-10 09:32:58.837362,2026-08-10 09:34:03.472765,0 days 00:01:04.635403,512,0.2944489839624522,512,2.2322932176491336e-05,0.7998415160615551,,512,0.0016661711878902402,COMPLETE
14,0.6618827853857726,2026-08-10 09:34:03.531348,2026-08-10 09:43:35.853311,0 days 00:09:32.321963,64,0.312717659026387,512,2.5804681264210845e-05,0.24951418798053318,,128,0.0016770935600886562,COMPLETE
15,0.7072903921903605,2026-08-10 09:43:35.907395,2026-08-10 09:56:04.145653,0 days 00:12:28.238258,64,0.2527965732518917,1024,4.730354977679897e-05,0.7801256402113619,,128,0.0012591063085566482,COMPLETE
16,0.3478686690868004,2026-08-10 09:56:04.211347,2026-08-10 09:57:20.360048,0 days 00:01:16.148701,512,0.24225955080674857,1024,5.406422149943187e-05,0.8069453722573712,,512,0.001467292084913427,COMPLETE
17,0.7173923137969307,2026-08-10 09:57:20.408982,2026-08-10 10:06:33.645722,0 days 00:09:13.236740,64,0.24560453036835692,1024,9.744245844612059e-05,0.8377009955465672,,128,0.000957668643226383,COMPLETE
18,0.7220706437672729,2026-08-10 10:06:33.708041,2026-08-10 10:16:14.634076,0 days 00:09:40.926035,64,0.11039196124145823,1024,9.602312146546514e-05,0.8104757616143404,,128,0.0009520129357231734,COMPLETE
19,,2026-08-10 10:16:14.705282,2026-08-10 10:16:35.210047,0 days 00:00:20.504765,64,0.105202744638291,1024,9.534048504201218e-05,0.7315200408019116,,128,0.0009200140696483567,FAIL
20,0.7084900763074792,2026-08-10 14:22:48.163728,2026-08-10 14:32:47.247582,0 days 00:09:59.083854,64,0.11392400124444213,1024,9.224110302310188e-05,0.721834970139297,,128,0.0009535774539283191,COMPLETE
21,0.34957720847852597,2026-08-10 14:32:47.314622,2026-08-10 14:34:13.835065,0 days 00:01:26.520443,512,0.18123111892518826,1024,7.73038747234597e-05,0.9261637492428485,,256,0.0006973261675998811,COMPLETE
22,0.709997478950471,2026-08-10 14:34:13.926273,2026-08-10 14:44:09.351675,0 days 00:09:55.425402,64,0.10213579751224239,1024,9.512883201713898e-05,0.736698125906243,,128,0.0009380164411758843,COMPLETE
23,0.7188070649838066,2026-08-10 14:44:09.408222,2026-08-10 14:52:29.078381,0 days 00:08:19.670159,64,0.10105205529758086,1024,9.912018846390484e-05,0.8446635821027662,,128,0.0009189392226311331,COMPLETE
24,0.717794211497511,2026-08-10 14:52:29.142531,2026-08-10 15:03:22.011373,0 days 00:10:52.868842,64,0.12536377333383064,1024,7.04647216149696e-05,0.8677101188213197,,128,0.0008715340312636091,COMPLETE
25,0.7068505788216938,2026-08-10 15:03:22.061269,2026-08-10 15:07:32.379996,0 days 00:04:10.318727,64,0.12720423891465757,128,6.629190592172387e-05,0.83819252597458,,128,0.0008175127396417993,COMPLETE
26,0.7219739995515815,2026-08-10 15:07:32.430418,2026-08-10 15:11:18.667024,0 days 00:03:46.236606,64,0.12839910589761158,32,7.574108441006626e-05,0.8746179938230267,,512,0.0006582791550531809,COMPLETE
27,0.7247272919232267,2026-08-10 15:11:18.739886,2026-08-10 15:15:50.810487,0 days 00:04:32.070601,64,0.17219692463115893,32,5.901595800362433e-05,0.8916545975694211,,512,0.0006488188873232645,COMPLETE
28,0.7194879567086001,2026-08-10 15:15:50.869853,2026-08-10 15:19:23.859655,0 days 00:03:32.989802,64,0.1735458468457662,32,5.7627846213417164e-05,0.6798508884316967,,512,0.0006311150873034915,COMPLETE
29,0.3311494750370007,2026-08-10 15:19:23.909335,2026-08-10 15:19:58.407485,0 days 00:00:34.498150,512,0.17314858596723892,32,7.570422243601642e-05,0.9185680440190956,,512,0.0006533650529142058,COMPLETE
30,0.3385711452839961,2026-08-10 15:19:58.458832,2026-08-10 15:20:40.351509,0 days 00:00:41.892677,256,0.1345608756182216,32,5.960246688705805e-05,0.6190743318496863,,512,0.0005359409320770421,COMPLETE
31,0.7360106990377211,2026-08-10 15:20:40.401247,2026-08-10 15:24:56.807879,0 days 00:04:16.406632,64,0.16209489786104533,32,8.080624191008879e-05,0.7187709106669679,,512,0.0006793961759358197,COMPLETE
32,0.7393771482162731,2026-08-10 15:24:56.856639,2026-08-10 15:29:13.763558,0 days 00:04:16.906919,64,0.16302127867277036,32,7.390602687476323e-05,0.7194457759752038,,512,0.0005914996612047461,COMPLETE
33,0.7313824998699711,2026-08-10 15:29:13.823379,2026-08-10 15:33:47.386409,0 days 00:04:33.563030,64,0.16409341874950398,32,6.559561650300403e-05,0.7175189020351775,,512,0.0005787617062207669,COMPLETE
34,0.7213184458431888,2026-08-10 15:33:47.437238,2026-08-10 15:37:27.300406,0 days 00:03:39.863168,64,0.18551670917092045,32,6.138611701052488e-05,0.7021255423602448,,512,0.0005807152958402811,COMPLETE
35,0.7089135768961871,2026-08-10 15:37:27.351673,2026-08-10 15:41:38.251852,0 days 00:04:10.900179,64,0.164294599584482,32,4.412309838695247e-05,0.5462122162061215,,512,0.0005831400678116701,COMPLETE
36,0.7291456892969232,2026-08-10 15:41:38.304971,2026-08-10 15:46:14.624476,0 days 00:04:36.319505,64,0.15995442782807953,32,6.540983952590924e-05,0.7423914480696336,,512,0.0007771097423158645,COMPLETE
37,0.5602722399050343,2026-08-10 15:46:14.674287,2026-08-10 15:48:01.922449,0 days 00:01:47.248162,128,0.15437037612755397,32,8.47455430863431e-05,0.4806860070664608,,512,0.0007736821162520911,COMPLETE
38,0.5445595306494457,2026-08-10 15:48:01.971440,2026-08-10 15:50:32.089843,0 days 00:02:30.118403,128,0.19071530994945513,32,6.764197729809252e-05,0.6235777465087773,,32,0.0005253113339367167,COMPLETE
39,0.7212503151250972,2026-08-10 15:50:32.155379,2026-08-10 15:56:43.306423,0 days 00:06:11.151044,64,0.2279409176613072,256,7.565987262712728e-05,0.754904200717802,,256,0.0007403079979877499,COMPLETE
40,0.35474416789129826,2026-08-10 15:56:43.350147,2026-08-10 15:57:09.793408,0 days 00:00:26.443261,256,0.14244892276102533,64,5.2689573382689523e-05,0.5617776087362604,,512,0.0006056623545514284,COMPLETE
41,0.5581276404764846,2026-08-10 15:57:09.837856,2026-08-10 15:58:49.384698,0 days 00:01:39.546842,128,0.15432179932710008,32,8.435879265048394e-05,0.32920364932925783,,512,0.0006946656730783444,COMPLETE
42,0.7327688420372841,2026-08-10 15:58:49.438662,2026-08-10 16:01:46.950962,0 days 00:02:57.512300,64,0.1658867829923641,32,6.42854149681569e-05,0.669313197552386,,512,0.0005028910866210627,COMPLETE
43,0.7339947198672425,2026-08-10 16:01:46.997133,2026-08-10 16:04:46.889889,0 days 00:02:59.892756,64,0.21115179328936895,32,6.759416008743105e-05,0.6583371410417138,,512,0.0005017866343014376,COMPLETE
44,0.7305562061922498,2026-08-10 16:04:46.942883,2026-08-10 16:07:31.006470,0 days 00:02:44.063587,64,0.2153459340142377,32,8.259750021149424e-05,0.66742174278435,,512,0.0005040498914216331,COMPLETE
45,0.6918748994273731,2026-08-10 16:07:31.061273,2026-08-10 16:12:45.310700,0 days 00:05:14.249427,64,0.20217608707757528,32,3.8590763994848994e-05,0.5951100470312028,,64,0.0005539335394554055,COMPLETE
46,0.6744035019222586,2026-08-10 16:12:45.362527,2026-08-10 16:17:35.087604,0 days 00:04:49.725077,64,0.2244156338989084,128,5.3156471728226946e-05,0.6516234773838456,,32,0.0005522938428832963,COMPLETE
47,0.7146466425210768,2026-08-10 16:17:35.149899,2026-08-10 16:24:11.253469,0 days 00:06:36.103570,64,0.19805705863438972,256,6.837240656940384e-05,0.5036346194807828,,512,0.0005913821950147985,COMPLETE
48,0.7274162673733496,2026-08-10 16:24:11.322348,2026-08-10 16:27:10.782001,0 days 00:02:59.459653,64,0.13747892342552745,64,4.458849904907933e-05,0.7063018241081229,,512,0.0005031029395777618,COMPLETE
49,0.3288976253291061,2026-08-10 16:27:10.832737,2026-08-10 16:27:36.967745,0 days 00:00:26.135008,256,0.1630205718166036,32,7.454519844456221e-05,0.46876206064038906,,256,0.0007039145867745208,COMPLETE
50,0.330524059221829,2026-08-10 16:27:37.019544,2026-08-10 16:27:59.778786,0 days 00:00:22.759242,512,0.14671259357672278,32,3.2853243278130976e-05,0.5705894047355473,,512,0.0005544948299096321,COMPLETE
51,0.696749663245045,2026-08-10 16:27:59.832777,2026-08-10 16:32:34.610682,0 days 00:04:34.777905,64,0.18919499441362594,32,5.0090634390643156e-05,0.6389526168715237,,64,0.0006147196162078709,COMPLETE
52,0.7286587955700727,2026-08-10 16:32:34.663863,2026-08-10 16:35:39.295256,0 days 00:03:04.631393,64,0.20897438213704014,32,8.35434754377773e-05,0.6836272718126599,,512,0.000519247086818663,COMPLETE
53,0.7278887710070756,2026-08-10 16:35:39.370631,2026-08-10 16:38:13.303841,0 days 00:02:33.933210,64,0.21806991840166548,32,8.713008089629178e-05,0.7723364130623651,,512,0.0005020853225800438,COMPLETE
54,0.723561835271391,2026-08-10 16:38:13.363826,2026-08-10 16:41:14.196512,0 days 00:03:00.832686,64,0.18059397828141277,32,6.351052133755935e-05,0.6643514607366109,,512,0.000552204815025299,COMPLETE
55,0.7236488958529671,2026-08-10 16:41:14.255598,2026-08-10 16:44:09.231428,0 days 00:02:54.975830,64,0.2154335284449383,32,8.137198569427386e-05,0.5977160558854628,,512,0.0005011577398607105,COMPLETE
56,0.6965487013030058,2026-08-10 16:44:09.296091,2026-08-10 16:48:31.014682,0 days 00:04:21.718591,64,0.23426682279889355,32,1.440808950314715e-05,0.7206608751784637,,512,0.0005763439896233544,COMPLETE
57,0.6787041219872499,2026-08-10 16:48:31.078593,2026-08-10 16:53:03.036995,0 days 00:04:31.958402,64,0.198811330925039,128,5.621650817171332e-05,0.7905028517563795,,32,0.0006825897616210338,COMPLETE
58,0.5731204630265878,2026-08-10 16:53:03.083798,2026-08-10 16:56:20.268927,0 days 00:03:17.185129,128,0.16677858582478852,256,6.972317412340825e-05,0.6715118278957353,,512,0.0006322636352524229,COMPLETE
59,0.7128274438148445,2026-08-10 16:56:20.325254,2026-08-10 16:59:32.199058,0 days 00:03:11.873804,64,0.27946124642759607,64,6.29018090072194e-05,0.1180971734276815,,512,0.0005347117953410623,COMPLETE
60,0.70690064927481,2026-08-10 16:59:32.261653,2026-08-10 17:04:15.147084,0 days 00:04:42.885431,64,0.2489199854790749,32,9.064445750288655e-05,0.5181932363481815,,64,0.0006040104923756842,COMPLETE
61,0.7358842626981696,2026-08-10 17:04:15.201716,2026-08-10 17:07:16.101150,0 days 00:03:00.899434,64,0.20895697661566642,32,7.148919568060846e-05,0.7516399509860061,,512,0.0005689716946968712,COMPLETE
62,0.7252691628523614,2026-08-10 17:07:16.177370,2026-08-10 17:10:05.833649,0 days 00:02:49.656279,64,0.23639474120346798,32,7.139796165703746e-05,0.7600156981085546,,512,0.0005591507537258317,COMPLETE
63,0.7250821996524601,2026-08-10 17:10:05.885161,2026-08-10 17:12:25.435984,0 days 00:02:19.550823,64,0.25851238147887395,32,8.299266592793719e-05,0.7208059548889318,,512,0.0005265108113672118,COMPLETE
64,0.7268280567409228,2026-08-10 17:12:25.486182,2026-08-10 17:14:25.694886,0 days 00:02:00.208704,64,0.21102689471738614,32,7.712238669247371e-05,0.6893514399313235,,512,0.0006164769732640189,COMPLETE
65,0.31549067220844634,2026-08-10 17:14:25.742920,2026-08-10 17:14:52.438868,0 days 00:00:26.695948,512,0.17623719936326537,512,9.07446839086368e-05,0.5991954570912388,,512,0.000567188585456916,COMPLETE
66,0.7286726826963714,2026-08-10 17:14:52.486257,2026-08-10 17:17:06.007222,0 days 00:02:13.520965,64,0.18924489207849496,32,7.108707339623252e-05,0.6573128386328682,,512,0.0006645487099003148,COMPLETE
67,0.37051664042002463,2026-08-10 17:17:06.054667,2026-08-10 17:17:22.802802,0 days 00:00:16.748135,256,0.20620293893105887,32,6.239204687733573e-05,0.796841189782947,,256,0.0007208617965549151,COMPLETE
68,0.7365908166445472,2026-08-10 17:17:22.851095,2026-08-10 17:18:53.745298,0 days 00:01:30.894203,64,0.19460326522079116,32,9.982008094713882e-05,0.8395797550128017,,512,0.0005394517111646872,COMPLETE
69,0.734959475175251,2026-08-10 17:18:53.792981,2026-08-10 17:20:37.070955,0 days 00:01:43.277974,64,0.15014622233955907,32,9.830419444513899e-05,0.8340506602198526,,512,0.000634784588446181,COMPLETE
70,0.7353622806759391,2026-08-10 17:20:37.118286,2026-08-10 17:22:51.376654,0 days 00:02:14.258368,64,0.15256242976137202,128,9.699846071518793e-05,0.8354077867116847,,512,0.0008108875203628759,COMPLETE
71,0.6981452406411347,2026-08-10 17:22:51.424698,2026-08-10 17:25:42.123421,0 days 00:02:50.698723,64,0.15258012771719523,128,9.676520018521977e-05,0.8254686056822739,,32,0.0010627952219143496,COMPLETE
72,0.7278718496249116,2026-08-10 17:25:42.177786,2026-08-10 17:27:35.759585,0 days 00:01:53.581799,64,0.14376192330652512,128,8.916531531589941e-05,0.8726567899852247,,512,0.0008118053547766834,COMPLETE
73,0.5834775268234246,2026-08-10 17:27:35.808617,2026-08-10 17:29:40.005692,0 days 00:02:04.197075,64,0.11879384569931019,128,9.965298697563097e-05,0.9812515639626052,,512,0.0008820470552550876,COMPLETE
74,0.7157960416620045,2026-08-10 17:29:40.053052,2026-08-10 17:31:33.241511,0 days 00:01:53.188459,64,0.13279759800068847,128,7.950652568804655e-05,0.9057533595902165,,512,0.0006377422387555234,COMPLETE
75,0.700041965676625,2026-08-10 17:31:33.289397,2026-08-10 17:33:34.530624,0 days 00:02:01.241227,64,0.17952561744683027,32,9.151385947935683e-05,0.9498006236780907,,512,0.0005322821734502075,COMPLETE
76,0.7311825266043509,2026-08-10 17:33:34.578934,2026-08-10 17:37:52.949636,0 days 00:04:18.370702,64,0.15847512540327305,512,7.275424743782552e-05,0.854331726161317,,512,0.0007307701036542445,COMPLETE
77,0.33958194482311904,2026-08-10 17:37:52.999736,2026-08-10 17:38:07.946996,0 days 00:00:14.947260,512,0.17091986714026725,32,9.526831447385082e-05,0.8268856809102676,,512,0.0008091800589798362,COMPLETE
78,0.7248847166286922,2026-08-10 17:38:07.995305,2026-08-10 17:40:06.491390,0 days 00:01:58.496085,64,0.1943524287947911,32,7.916870185834755e-05,0.7394460395318854,,512,0.0005925544665028227,COMPLETE
79,0.558391551555087,2026-08-10 17:40:06.540438,2026-08-10 17:42:19.942393,0 days 00:02:13.401955,128,0.18502636503356323,256,8.682708745698253e-05,0.7709543727364669,,256,0.0006623935927845759,COMPLETE
80,0.7334039262480878,2026-08-10 17:42:19.991605,2026-08-10 17:44:31.943965,0 days 00:02:11.952360,64,0.1394881754722605,64,5.8397750114635415e-05,0.8055748899933638,,512,0.0007579924393437735,COMPLETE
81,0.36198211649651235,2026-08-10 17:44:31.993907,2026-08-10 17:44:50.758535,0 days 00:00:18.764628,256,0.13976736989646854,64,5.5288483193152736e-05,0.8043388343837546,,64,0.001933477820435214,COMPLETE
82,0.7276584818404449,2026-08-10 17:44:50.806806,2026-08-10 17:46:34.413522,0 days 00:01:43.606716,64,0.148013369399298,64,9.967379987365465e-05,0.8915940513159076,,512,0.0007552600900568351,COMPLETE
83,0.7351233415479005,2026-08-10 17:46:34.462024,2026-08-10 17:49:01.128418,0 days 00:02:26.666394,64,0.11793386407891195,32,6.590038070619495e-05,0.8276365885265324,,512,0.000862884163650523,COMPLETE
84,0.7260438285510914,2026-08-10 17:49:01.177909,2026-08-10 17:51:14.306771,0 days 00:02:13.128862,64,0.12554198264195277,64,5.813965481845457e-05,0.8298789663891158,,512,0.0008822831823264496,COMPLETE
85,0.7232638771890074,2026-08-10 17:51:14.356426,2026-08-10 17:53:21.968677,0 days 00:02:07.612251,64,0.11105576054145488,64,7.556626549255005e-05,0.8876548810785653,,512,0.001017710138952345,COMPLETE
86,0.6681052203490628,2026-08-10 17:53:22.020052,2026-08-10 17:55:29.589888,0 days 00:02:07.569836,64,0.13382389000853076,32,5.0310629167930873e-05,0.95499170329521,,512,0.0007837112841920885,COMPLETE
87,0.7316909478567599,2026-08-10 17:55:29.639195,2026-08-10 17:57:48.198479,0 days 00:02:18.559284,64,0.12173919168274584,128,6.002475822249835e-05,0.8549337153730368,,512,0.000689542422858571,COMPLETE
88,0.7274572887485173,2026-08-10 17:57:48.249713,2026-08-10 17:59:58.759762,0 days 00:02:10.510049,64,0.11777451134675361,32,8.003985685515668e-05,0.7787600334305135,,512,0.0008558551641222954,COMPLETE
89,0.7257250216111969,2026-08-10 17:59:58.812395,2026-08-10 18:02:12.441744,0 days 00:02:13.629349,64,0.30561984763959077,32,6.806591085930414e-05,0.746764159228305,,512,0.0008443637124379473,COMPLETE
90,0.720622519194861,2026-08-10 18:02:12.491222,2026-08-10 18:04:12.475471,0 days 00:01:59.984249,64,0.1065579635099645,64,9.311549876772664e-05,0.9331706592078007,,512,0.0007561248132426539,COMPLETE
91,0.7000582321901834,2026-08-10 18:04:12.526293,2026-08-10 18:11:05.661861,0 days 00:06:53.135568,64,0.1568108475695764,1024,8.812768349769336e-05,0.8267817288385776,,32,0.0006261164484939417,COMPLETE
92,0.7243528736152183,2026-08-10 18:11:05.712612,2026-08-10 18:13:11.869878,0 days 00:02:06.157266,64,0.1667865308824079,32,6.517150191411207e-05,0.7027729020645911,,512,0.0009077660348971409,COMPLETE
93,0.7207136312403947,2026-08-10 18:13:11.919587,2026-08-10 18:15:14.195737,0 days 00:02:02.276150,64,0.15010077658876766,32,7.318728216143979e-05,0.8071958652679124,,512,0.0005410134751089778,COMPLETE
94,0.7169136007675793,2026-08-10 18:15:14.245501,2026-08-10 18:17:34.439896,0 days 00:02:20.194395,64,0.13076699201030542,32,4.60029205179631e-05,0.7542312993887017,,512,0.0005183006135519998,COMPLETE
95,0.7330773635744111,2026-08-10 18:17:34.492048,2026-08-10 18:19:38.923304,0 days 00:02:04.431256,64,0.14172840014700225,32,6.713182503436178e-05,0.785533739106992,,512,0.000574444834594687,COMPLETE
96,0.7130244104875217,2026-08-10 18:19:38.972825,2026-08-10 18:21:21.305345,0 days 00:01:42.332520,64,0.144975907655784,32,6.733151109468363e-05,0.851718045295965,,512,0.0005951500323850996,COMPLETE
97,0.5579750997208184,2026-08-10 18:21:21.355444,2026-08-10 18:22:25.087313,0 days 00:01:03.731869,128,0.33017346349733195,32,8.53021122735204e-05,0.7799126258868186,,512,0.0006776143769955962,COMPLETE
98,0.709152206493809,2026-08-10 18:22:25.136123,2026-08-10 18:24:56.672179,0 days 00:02:31.536056,64,0.1359698950984332,32,7.90284360068655e-05,0.00010462182860010438,,512,0.0007082830552124062,COMPLETE
99,0.714144193248875,2026-08-10 18:24:56.723546,2026-08-10 18:29:09.704542,0 days 00:04:12.980996,64,0.1394926093106675,512,5.3133523890409815e-05,0.8112874988352871,,512,0.0005658286207125803,COMPLETE
100,0.32909453331630734,2026-08-10 18:29:09.754057,2026-08-10 18:29:24.664849,0 days 00:00:14.910792,512,0.16088567679664026,32,6.089395739230438e-05,0.7289606752087927,,128,0.0006470172951353058,COMPLETE
101,0.7179341105569048,2026-08-10 18:29:24.712666,2026-08-10 18:34:26.428395,0 days 00:05:01.715729,64,0.22057532989212356,256,7.252988517783584e-05,0.6948636744486255,,256,0.000581153251175274,COMPLETE
102,0.7097168744573118,2026-08-10 18:34:26.479467,2026-08-10 18:36:30.633958,0 days 00:02:04.154491,64,0.1678028076710566,32,5.719943139519519e-05,0.9119239544782833,,512,0.000541993774019415,COMPLETE
103,0.7216162887777648,2026-08-10 18:36:30.683526,2026-08-10 18:38:28.072203,0 days 00:01:57.388677,64,0.2291458070386481,32,6.937338161679219e-05,0.6392633264109752,,512,0.0006097375044935778,COMPLETE
104,0.7249223960493086,2026-08-10 18:38:28.120718,2026-08-10 18:40:35.107505,0 days 00:02:06.986787,64,0.15387541292789503,32,6.3786208491777e-05,0.757231316899645,,512,0.0005155735566794846,COMPLETE
105,0.7125868320722494,2026-08-10 18:40:35.157791,2026-08-10 18:43:19.931290,0 days 00:02:44.773499,64,0.17672228012073102,32,9.476356864760394e-05,0.8684858329420208,,64,0.0008022737324479599,COMPLETE
106,0.34829860198538126,2026-08-10 18:43:19.982159,2026-08-10 18:43:39.937300,0 days 00:00:19.955141,256,0.15041151354988136,128,6.492614075948993e-05,0.7909964891904512,,512,0.0008314347080737521,COMPLETE
