number,value,datetime_start,datetime_complete,duration,params_batch,params_dp,params_h_size,params_lr,params_ls,params_out_c_mult,params_out_ch,params_wd,state
214,0.7344118901998606,2026-08-11 02:21:31.636207,2026-08-11 02:27:06.636995,0 days 00:05:35.000788,64,0.1481262416905846,256,9.395360652923363e-05,0.8357064868719205,,512,0.0005235261871633395,COMPLETE
215,0.7288936361432673,2026-08-11 02:27:06.711781,2026-08-11 02:32:38.827520,0 days 00:05:32.115739,64,0.15514618020149362,256,9.161751089159502e-05,0.8339971309862273,,512,0.0005261353403855171,COMPLETE
216,0.7231114838387691,2026-08-11 02:32:38.880573,2026-08-11 02:37:44.517955,0 days 00:05:05.637382,64,0.13942681354481895,256,9.394250697972813e-05,0.8455755112131503,,512,0.0005176394027990726,COMPLETE
217,0.5744848955673602,2026-08-11 02:37:44.590677,2026-08-11 02:40:07.403643,0 days 00:02:22.812966,128,0.14774732087269937,256,9.905453184298573e-05,0.8383119214194075,,512,0.0005559933224209465,COMPLETE
218,0.7271039736257369,2026-08-11 02:40:07.468534,2026-08-11 02:44:57.416773,0 days 00:04:49.948239,64,0.1427192500242032,256,9.7707418062942e-05,0.8429993508096033,,512,0.000656682272389144,COMPLETE
219,0.7433900093716822,2026-08-11 02:44:57.482669,2026-08-11 02:50:46.528887,0 days 00:05:49.046218,64,0.14768815001926738,256,9.661248656173909e-05,0.822072501982108,,512,0.0008039208870588349,COMPLETE
220,0.7304577424885476,2026-08-11 02:50:46.591307,2026-08-11 02:56:03.796531,0 days 00:05:17.205224,64,0.147296868900775,256,9.655545569659001e-05,0.8372843437773616,,512,0.0007558240517539076,COMPLETE
221,0.2954753876024143,2026-08-11 02:56:03.859844,2026-08-11 02:56:53.748735,0 days 00:00:49.888891,512,0.1441305978362839,256,9.889508891877166e-05,0.822155737696267,,512,0.0007996354313394504,COMPLETE
222,0.7339307622527836,2026-08-11 02:56:53.811071,2026-08-11 03:02:40.299156,0 days 00:05:46.488085,64,0.1380284358267172,256,9.807206033575724e-05,0.8149211684547747,,512,0.0009102085966574292,COMPLETE
223,0.7309164029026474,2026-08-11 03:02:40.381868,2026-08-11 03:08:22.379284,0 days 00:05:41.997416,64,0.13820898284398533,256,9.857905938606278e-05,0.813694621744874,,512,0.0009172920366916208,COMPLETE
224,0.7326515712333175,2026-08-11 03:08:22.448524,2026-08-11 03:14:49.009364,0 days 00:06:26.560840,64,0.1418745672347163,256,9.989477582925918e-05,0.8091645163794053,,512,0.000863048597416594,COMPLETE
225,0.7347052776624805,2026-08-11 03:14:49.077433,2026-08-11 03:19:37.600976,0 days 00:04:48.523543,64,0.13670703809650323,256,9.686656747900991e-05,0.8170389173092557,,512,0.0009360116173564417,COMPLETE
226,0.7382818528021263,2026-08-11 03:19:37.665374,2026-08-11 03:25:51.379581,0 days 00:06:13.714207,64,0.1477762051435899,256,9.617391381648048e-05,0.8032515360944775,,512,0.0009084463115820572,COMPLETE
227,0.7364937422071758,2026-08-11 03:25:51.442724,2026-08-11 03:31:35.903112,0 days 00:05:44.460388,64,0.13527654711764014,256,9.625646175623151e-05,0.7989482872606595,,512,0.000959498457792254,COMPLETE
228,0.7289122185197983,2026-08-11 03:31:35.967613,2026-08-11 03:37:04.329510,0 days 00:05:28.361897,64,0.13750543252522587,256,9.617151409802577e-05,0.8053759754085208,,512,0.0008894303721830214,COMPLETE
229,0.723355871980675,2026-08-11 03:37:04.398641,2026-08-11 03:41:38.113279,0 days 00:04:33.714638,64,0.12998389990129333,256,9.769173289295384e-05,0.7952011332266712,,512,0.0009556561833264575,COMPLETE
230,0.730386050414226,2026-08-11 03:41:38.197524,2026-08-11 03:47:37.124951,0 days 00:05:58.927427,64,0.13625386409387202,256,9.650315284248352e-05,0.8124349458565185,,512,0.0009609729314238428,COMPLETE
231,0.7363139345294201,2026-08-11 03:47:37.199719,2026-08-11 03:52:45.055416,0 days 00:05:07.855697,64,0.14748892626296067,256,9.718853564284241e-05,0.8157434798955551,,512,0.0008764339327668952,COMPLETE
232,0.7237764929392104,2026-08-11 03:52:45.116859,2026-08-11 03:57:38.072981,0 days 00:04:52.956122,64,0.13478850209311244,256,9.733765186835646e-05,0.817628525782318,,512,0.0009371158244714467,COMPLETE
233,,2026-08-11 03:57:38.139419,2026-08-11 04:03:40.673584,0 days 00:06:02.534165,64,0.13236630702784152,256,9.337297037176836e-05,0.814646664505287,,512,0.0008476181925484802,FAIL
234,0.7211955699651482,2026-08-11 04:06:33.808689,2026-08-11 04:11:40.110541,0 days 00:05:06.301852,64,0.14875600408088796,256,7.058187541990321e-05,0.8165545912642869,,512,0.0009684525929305915,COMPLETE
235,0.7378712632123677,2026-08-11 04:11:40.197242,2026-08-11 04:19:39.952172,0 days 00:07:59.754930,64,0.14998580389432484,256,7.052179200704896e-05,0.8035028745374634,,512,0.0009126752213771654,COMPLETE
236,0.7242728643931363,2026-08-11 04:19:40.081804,2026-08-11 04:27:47.082827,0 days 00:08:07.001023,64,0.1495303221562284,256,7.116138767493625e-05,0.8218283622733286,,512,0.0008943496291257094,COMPLETE
237,0.7209139862696078,2026-08-11 04:27:47.151302,2026-08-11 04:37:43.374505,0 days 00:09:56.223203,64,0.15094068750158762,256,7.072447039595274e-05,0.801029208438463,,128,0.0009115897520474402,COMPLETE
238,0.7249848600166768,2026-08-11 04:37:43.427985,2026-08-11 04:44:15.290132,0 days 00:06:31.862147,64,0.14839276200930426,256,7.035856366972101e-05,0.8203509620959936,,512,0.0008999027486120167,COMPLETE
239,0.3553895407579234,2026-08-11 04:44:15.356441,2026-08-11 04:45:21.419965,0 days 00:01:06.063524,256,0.15285179969899096,256,9.689602285760103e-05,0.8023964338332225,,512,0.000939550734825174,COMPLETE
240,0.7214035537543824,2026-08-11 04:45:21.483682,2026-08-11 04:52:37.905444,0 days 00:07:16.421762,64,0.14588702402815093,256,9.80358543108819e-05,0.8145536501515727,,512,0.0008438867826650666,COMPLETE
241,0.7165567504102429,2026-08-11 04:52:37.974056,2026-08-11 05:01:45.989473,0 days 00:09:08.015417,64,0.1505300105798199,256,7.047268688278211e-05,0.8347779742948482,,256,0.0009014111281764209,COMPLETE
242,0.7361515853170372,2026-08-11 05:01:46.064052,2026-08-11 05:09:09.220418,0 days 00:07:23.156366,64,0.1484799133230367,256,9.607057563821039e-05,0.8079825737082528,,512,0.0009254995392953922,COMPLETE
243,0.71493722307679,2026-08-11 05:09:09.302008,2026-08-11 05:18:51.120204,0 days 00:09:41.818196,64,0.147839498592472,256,9.700125124313584e-05,0.808738297039375,,64,0.0009773054213324678,COMPLETE
244,0.7333406654244204,2026-08-11 05:18:51.193205,2026-08-11 05:26:18.327602,0 days 00:07:27.134397,64,0.20343858562411327,256,9.597642758300755e-05,0.8046997247830124,,512,0.0009281133764835105,COMPLETE
245,0.7328900320787052,2026-08-11 05:26:18.408816,2026-08-11 05:32:58.125118,0 days 00:06:39.716302,64,0.14889883656770753,256,9.91639482934239e-05,0.8118889708203004,,512,0.0009386570243596522,COMPLETE
246,0.7394711233795431,2026-08-11 05:32:58.192254,2026-08-11 05:40:36.217428,0 days 00:07:38.025174,64,0.1531125307239747,256,9.55689418215788e-05,0.7994112000498731,,512,0.0008780046348608549,COMPLETE
247,0.7313571314319535,2026-08-11 05:40:36.286447,2026-08-11 05:48:06.999396,0 days 00:07:30.712949,64,0.15332898395884167,256,9.567125014666305e-05,0.7949948979406556,,512,0.0008885858671365435,COMPLETE
248,0.732116570091436,2026-08-11 05:48:07.096672,2026-08-11 05:55:47.255149,0 days 00:07:40.158477,64,0.13243404706590894,256,9.499256714645971e-05,0.800184477606696,,512,0.0008755054723292388,COMPLETE
249,0.7284275266121816,2026-08-11 05:55:47.321511,2026-08-11 06:03:05.874914,0 days 00:07:18.553403,64,0.14644048286852906,256,9.601132416694917e-05,0.8033316791064176,,512,0.0009126948774201985,COMPLETE
250,0.7388612612011414,2026-08-11 06:03:05.934732,2026-08-11 06:10:51.908787,0 days 00:07:45.974055,64,0.14957321842382792,256,9.393084356692515e-05,0.7999124001620006,,512,0.00095027730137608,COMPLETE
251,0.7273215977365232,2026-08-11 06:10:51.969256,2026-08-11 06:18:03.860519,0 days 00:07:11.891263,64,0.14953981253219534,256,9.399363202499962e-05,0.8004994094283517,,512,0.000950350196668435,COMPLETE
252,0.7340119519015025,2026-08-11 06:18:03.926188,2026-08-11 06:25:21.828833,0 days 00:07:17.902645,64,0.14731740958175588,256,7.040551450761437e-05,0.8053135023191815,,512,0.0009739499455462163,COMPLETE
253,0.7186277973195788,2026-08-11 06:25:21.915861,2026-08-11 06:34:03.798737,0 days 00:08:41.882876,64,0.14741865243930533,256,7.209900846490806e-05,0.7995048801537271,,512,0.0009805820020372122,COMPLETE
254,0.7246215396533884,2026-08-11 06:34:03.862130,2026-08-11 06:40:56.386291,0 days 00:06:52.524161,64,0.15163986732935353,256,9.283702861257015e-05,0.8054492539981452,,512,0.0009453628296488854,COMPLETE
255,0.7298364200493596,2026-08-11 06:40:56.452211,2026-08-11 06:47:52.823360,0 days 00:06:56.371149,64,0.19195076745055442,256,7.101609693960757e-05,0.7989932171774164,,512,0.0009730048156607792,COMPLETE
256,0.7243471600067722,2026-08-11 06:47:52.879547,2026-08-11 06:55:55.780135,0 days 00:08:02.900588,64,0.14942691198203395,256,7.142968559554934e-05,0.7979759994177305,,512,0.00092866255383823,COMPLETE
257,0.7251421186050563,2026-08-11 06:55:55.849180,2026-08-11 07:03:22.427275,0 days 00:07:26.578095,64,0.14542276644156887,256,9.531301319303586e-05,0.8078497718711829,,512,0.0009561416681895555,COMPLETE
258,0.724090484473714,2026-08-11 07:03:22.507769,2026-08-11 07:10:12.440890,0 days 00:06:49.933121,64,0.15393030919907993,256,9.475566022285761e-05,0.8248037895775973,,512,0.0009881536017614786,COMPLETE
259,0.723132223731621,2026-08-11 07:10:12.513435,2026-08-11 07:16:57.336298,0 days 00:06:44.822863,64,0.1510282309419742,256,9.350815035872692e-05,0.8101912231282513,,512,0.0006670814430919284,COMPLETE
260,0.6923699145115159,2026-08-11 07:16:57.433203,2026-08-11 07:26:15.597020,0 days 00:09:18.163817,64,0.14733491626100254,256,9.689850895093431e-05,0.7944465831106144,,32,0.000856770866261832,COMPLETE
261,0.5636726926895467,2026-08-11 07:26:15.670658,2026-08-11 07:29:19.981263,0 days 00:03:04.310605,128,0.1529989872840744,256,7.062869290277892e-05,0.7921091590801475,,512,0.0008731544565915683,COMPLETE
262,0.37833927785814275,2026-08-11 07:29:20.056063,2026-08-11 07:30:13.289912,0 days 00:00:53.233849,512,0.12341673104248325,256,8.204920869992156e-05,0.8041180151227915,,512,0.0009616053100178045,COMPLETE
263,0.7295132110052007,2026-08-11 07:30:13.367205,2026-08-11 07:36:34.938190,0 days 00:06:21.570985,64,0.15556638748108068,256,9.60081016136584e-05,0.8265908288891033,,512,0.0009264430810573582,COMPLETE
264,0.7266842656267576,2026-08-11 07:36:35.016667,2026-08-11 07:42:22.089588,0 days 00:05:47.072921,64,0.1492597222564783,256,9.430936793113385e-05,0.7177127503471482,,512,0.0008928693040891879,COMPLETE
265,0.7262469804278854,2026-08-11 07:42:22.172410,2026-08-11 07:48:46.893843,0 days 00:06:24.721433,64,0.14594769000891902,256,7.09385031767287e-05,0.8031423791498347,,512,0.0006698000867266879,COMPLETE
266,0.7274759651671526,2026-08-11 07:48:46.988109,2026-08-11 07:55:14.442440,0 days 00:06:27.454331,64,0.1507268954269808,1024,7.036573959228144e-05,0.8070862396766466,,512,0.0009913615663299255,COMPLETE
267,0.7250162219775966,2026-08-11 07:55:14.509712,2026-08-11 08:00:59.075238,0 days 00:05:44.565526,64,0.1261897717732333,256,7.203476961696436e-05,0.8329296653862392,,512,0.0008378664973766552,COMPLETE
268,0.7232001776553025,2026-08-11 08:00:59.162644,2026-08-11 08:05:51.210444,0 days 00:04:52.047800,64,0.19729956135678461,256,9.64524790234768e-05,0.819991777147222,,512,0.0005376915341913293,COMPLETE
269,0.7100457927375562,2026-08-11 08:05:51.277442,2026-08-11 08:13:50.488859,0 days 00:07:59.211417,64,0.1432852593100664,256,7.154305912442747e-05,0.8406024167254643,,128,0.0005778233161704229,COMPLETE
270,0.33961431991867225,2026-08-11 08:13:50.557919,2026-08-11 08:14:45.505313,0 days 00:00:54.947394,256,0.18314410709351417,256,9.740601525516297e-05,0.8469562826772152,,512,0.0009445688092582375,COMPLETE
271,0.7348204973291931,2026-08-11 08:14:45.580018,2026-08-11 08:20:58.389460,0 days 00:06:12.809442,64,0.15749516211930426,256,8.647429631495133e-05,0.8239130053124113,,512,0.0006450357537307642,COMPLETE
272,0.7283121919067174,2026-08-11 08:20:58.462443,2026-08-11 08:26:50.008389,0 days 00:05:51.545946,64,0.1573772287152338,256,9.537226456101373e-05,0.8269035004447879,,512,0.0006458147919846149,COMPLETE
273,0.724254586829638,2026-08-11 08:26:50.092202,2026-08-11 08:32:29.917357,0 days 00:05:39.825155,64,0.1542895331567644,256,8.398698796720984e-05,0.8234883931864838,,512,0.0009138741303564756,COMPLETE
274,0.7127184425447755,2026-08-11 08:32:29.984500,2026-08-11 08:39:39.129016,0 days 00:07:09.144516,64,0.1572670201763023,256,8.774272111763409e-05,0.8309292954118773,,64,0.0006469888682381438,COMPLETE
275,0.7251173155368709,2026-08-11 08:39:39.197822,2026-08-11 08:45:25.233937,0 days 00:05:46.036115,64,0.1524044153408052,256,9.03325911899989e-05,0.816548760918932,,512,0.0008741815816697624,COMPLETE
276,0.7144110678020644,2026-08-11 08:45:25.318241,2026-08-11 08:50:55.293484,0 days 00:05:29.975243,64,0.1560024736626309,256,8.625833902740045e-05,0.819062109865373,,256,0.0006532885942656174,COMPLETE
277,0.7302427109867566,2026-08-11 08:50:55.361398,2026-08-11 08:56:21.043345,0 days 00:05:25.681947,64,0.1621252320565114,256,9.798499424011464e-05,0.8377582129783565,,512,0.0006248715574397915,COMPLETE
278,0.7240157089753652,2026-08-11 08:56:21.108711,2026-08-11 08:59:10.855719,0 days 00:02:49.747008,64,0.15026734183293147,128,9.67344294401395e-05,0.8432969124176414,,512,0.0008909525862540381,COMPLETE
279,0.7352461687673875,2026-08-11 08:59:10.921767,2026-08-11 09:04:29.861161,0 days 00:05:18.939394,64,0.1588399991032554,256,9.575017607268633e-05,0.8216325267924793,,512,0.0008203100037448716,COMPLETE
280,0.7338246722096702,2026-08-11 09:04:29.948337,2026-08-11 09:10:17.852108,0 days 00:05:47.903771,64,0.15896114715733878,256,9.612582724248158e-05,0.8221623000247426,,512,0.0008011050366281842,COMPLETE
281,0.7290495642269211,2026-08-11 09:10:17.940506,2026-08-11 09:17:45.615268,0 days 00:07:27.674762,64,0.16089042309182758,1024,7.6915831904825e-05,0.8238664307640756,,512,0.0008489862334684078,COMPLETE
282,0.7315994665019596,2026-08-11 09:17:45.682531,2026-08-11 09:22:41.063061,0 days 00:04:55.380530,64,0.15832166203053577,256,9.544458930413013e-05,0.8154794355195744,,512,0.0008266707826006527,COMPLETE
283,0.734189834297392,2026-08-11 09:22:41.139585,2026-08-11 09:27:56.312575,0 days 00:05:15.172990,64,0.18813276418686956,256,7.839251242252354e-05,0.8184746717526736,,512,0.0008130247803178801,COMPLETE
284,0.5712575521319694,2026-08-11 09:27:56.384324,2026-08-11 09:31:02.203102,0 days 00:03:05.818778,128,0.1547716572930209,256,8.500731037706642e-05,0.7237019994154457,,512,0.0009064816750516508,COMPLETE
285,0.7341882197194647,2026-08-11 09:31:02.270765,2026-08-11 09:34:18.977297,0 days 00:03:16.706532,64,0.15222592659201512,128,8.050517471998584e-05,0.8277055857013691,,512,0.0006352686441880157,COMPLETE
286,0.6974482125271898,2026-08-11 09:34:19.044528,2026-08-11 09:42:32.786384,0 days 00:08:13.741856,64,0.1952481623396282,256,9.723014609630786e-05,0.821300945896574,,32,0.0007923771190716177,COMPLETE
287,0.7298937502041325,2026-08-11 09:42:32.852245,2026-08-11 09:48:26.566331,0 days 00:05:53.714086,64,0.1547592986217872,256,7.428984710621886e-05,0.8127804935615702,,512,0.0008633274396442685,COMPLETE
288,0.33622732170519115,2026-08-11 09:48:26.630649,2026-08-11 09:49:14.083235,0 days 00:00:47.452586,512,0.15330140008287255,256,9.620837532298524e-05,0.8311994331152947,,512,0.0008172394370089456,COMPLETE
289,0.7300617704795624,2026-08-11 09:49:14.139754,2026-08-11 09:54:50.836042,0 days 00:05:36.696288,64,0.1280199099842972,256,9.903715992686684e-05,0.8246784375058414,,512,0.0007822033265369579,COMPLETE
290,0.7292527952532155,2026-08-11 09:54:50.892647,2026-08-11 09:58:39.562559,0 days 00:03:48.669912,64,0.157834816985003,128,8.972539129468834e-05,0.7313409572064048,,512,0.0006758143033555902,COMPLETE
291,0.7322711450157722,2026-08-11 09:58:39.634141,2026-08-11 10:04:26.844395,0 days 00:05:47.210254,64,0.15073566881275838,256,9.482215074038187e-05,0.7982442561704326,,512,0.0009318316464149729,COMPLETE
292,0.7308907168366293,2026-08-11 10:04:26.909543,2026-08-11 10:09:32.336437,0 days 00:05:05.426894,64,0.12186451019945548,256,9.772845690882937e-05,0.8473378862031129,,512,0.0006589709786292241,COMPLETE
293,0.7272476360342207,2026-08-11 10:09:32.405437,2026-08-11 10:14:33.584851,0 days 00:05:01.179414,64,0.16181042120232147,256,9.828775552718757e-05,0.8201898080570251,,512,0.0006920593067277196,COMPLETE
294,0.33593592804928973,2026-08-11 10:14:33.656317,2026-08-11 10:15:32.393679,0 days 00:00:58.737362,256,0.14865362912219057,256,9.682309079154315e-05,0.8021285173202191,,512,0.0006212161991834669,COMPLETE
295,,2026-08-11 10:15:32.455228,2026-08-11 10:19:17.623180,0 days 00:03:45.167952,64,0.15615535514575998,512,7.240820607651592e-05,0.8282135293581817,,512,0.0009199919487309544,FAIL
296,0.70561894141055,2026-08-12 04:49:32.654285,2026-08-12 04:56:36.058114,0 days 00:07:03.403829,64,0.16007270302093654,512,7.025745065323065e-05,0.8269567328802127,,128,0.0008841533018807077,COMPLETE
297,0.7333305835087865,2026-08-12 04:56:36.121050,2026-08-12 05:02:02.923468,0 days 00:05:26.802418,64,0.15622871816423772,256,9.613195892538981e-05,0.7192607948607758,,512,0.0005600255487518529,COMPLETE
298,0.7230926393347322,2026-08-12 05:02:03.017503,2026-08-12 05:04:50.210396,0 days 00:02:47.192893,64,0.1525687604937368,128,7.246224418048456e-05,0.8407258920910391,,512,0.0009230189245176715,COMPLETE
299,0.7246111532587942,2026-08-12 05:04:50.301743,2026-08-12 05:10:04.421319,0 days 00:05:14.119576,64,0.14504271934561763,256,7.331449661355813e-05,0.8106430593534959,,512,0.0009530115425974616,COMPLETE
300,0.7197220258880956,2026-08-12 05:10:04.481366,2026-08-12 05:15:50.816964,0 days 00:05:46.335598,64,0.14960352702377175,256,9.551814011341646e-05,0.8168445974856506,,512,0.0008427869681411029,COMPLETE
301,0.7302110315627759,2026-08-12 05:15:50.882777,2026-08-12 05:21:20.389452,0 days 00:05:29.506675,64,0.1513912751839502,256,9.755349766360945e-05,0.822990269336471,,256,0.0005815390922063671,COMPLETE
302,0.7257710860824622,2026-08-12 05:21:20.470434,2026-08-12 05:27:47.155747,0 days 00:06:26.685313,64,0.15494691750076267,1024,9.6992857136459e-05,0.7519674651829494,,512,0.0009058562591329243,COMPLETE
303,0.732997708939015,2026-08-12 05:27:47.218199,2026-08-12 05:33:09.470704,0 days 00:05:22.252505,64,0.13258063949482218,256,9.48984653861806e-05,0.7649901190709091,,512,0.0006086788838434832,COMPLETE
304,0.7162979806811275,2026-08-12 05:33:09.534971,2026-08-12 05:35:58.802785,0 days 00:02:49.267814,64,0.1465794307625251,32,9.854965375997035e-05,0.7963304699091058,,512,0.0006437134585912706,COMPLETE
305,0.726094942533654,2026-08-12 05:35:58.871192,2026-08-12 05:41:34.716466,0 days 00:05:35.845274,64,0.121436356655385,256,7.128575105176427e-05,0.8331931144292162,,512,0.0006731602629401061,COMPLETE
306,0.7073311457561505,2026-08-12 05:41:34.780093,2026-08-12 05:45:24.351755,0 days 00:03:49.571662,64,0.20109664269677657,128,9.613559446032844e-05,0.8368694891128161,,64,0.0008616692115801135,COMPLETE
307,0.7262593291424746,2026-08-12 05:45:24.411804,2026-08-12 05:48:11.717954,0 days 00:02:47.306150,64,0.14905001866342052,32,7.025011050641012e-05,0.8441204842958683,,512,0.0005929135803314355,COMPLETE
308,0.7309199723972825,2026-08-12 05:48:11.781822,2026-08-12 05:52:50.711443,0 days 00:04:38.929621,64,0.1530292108574267,256,9.214226290705645e-05,0.8292183537376223,,512,0.0006283981703913022,COMPLETE
309,0.5611980693940627,2026-08-12 05:52:50.768840,2026-08-12 05:54:29.532454,0 days 00:01:38.763614,128,0.15711903599241434,256,9.933827223593652e-05,0.8187231751216999,,512,0.0009415195453839698,COMPLETE
310,0.7329853014021905,2026-08-12 05:54:29.591631,2026-08-12 05:58:41.197089,0 days 00:04:11.605458,64,0.1598542140235812,32,8.2047155618823e-05,0.7922621199168088,,512,0.0008941305327798331,COMPLETE
311,,2026-08-12 05:58:41.274354,2026-08-12 06:02:32.101942,0 days 00:03:50.827588,64,0.1501454455524743,256,7.483601885995659e-05,0.8085606979988188,,512,0.0009661367079776684,FAIL
312,0.7312631655173479,2026-08-12 06:02:45.249667,2026-08-12 06:08:08.907509,0 days 00:05:23.657842,64,0.15126470643744364,256,8.601724146957494e-05,0.813660917992507,3.0,512,0.0009618209025480497,COMPLETE
313,0.3196844448572649,2026-08-12 06:08:08.994263,2026-08-12 06:09:15.077192,0 days 00:01:06.082929,512,0.14771858536277216,256,9.582752724942994e-05,0.8083858190814968,1.0,512,0.0006613360163488623,COMPLETE
314,0.733933770917935,2026-08-12 06:09:15.142291,2026-08-12 06:11:42.162884,0 days 00:02:27.020593,64,0.16279202795826453,32,9.665843240919404e-05,0.8390434648365239,2.0,512,0.0009918066167317419,COMPLETE
315,0.7111972311696084,2026-08-12 06:11:42.227519,2026-08-12 06:23:13.737209,0 days 00:11:31.509690,64,0.1438468161637135,256,7.189527057774038e-05,0.8016071149054637,2.0,32,0.0009175940461603708,COMPLETE
316,0.7256771332611447,2026-08-12 06:23:13.808645,2026-08-12 06:25:44.033142,0 days 00:02:30.224497,64,0.14988556225190178,64,7.085580750494816e-05,0.8244378889620503,3.0,512,0.0006387526443778812,COMPLETE
317,,2026-08-12 06:25:44.109336,2026-08-12 06:25:57.875711,0 days 00:00:13.766375,64,0.15381472342901403,32,9.730744771580212e-05,0.8306304755653814,1.0,512,0.0008761210439375911,FAIL
318,0.7590766555051788,2026-08-12 06:26:14.697931,2026-08-12 06:28:23.125441,0 days 00:02:08.427510,64,0.15399283183842302,32,9.809922894084878e-05,0.8324226091349124,1.0,512,0.0005724144201298191,COMPLETE
319,0.7568490545930335,2026-08-12 06:28:23.201889,2026-08-12 06:30:26.978409,0 days 00:02:03.776520,64,0.15456435516263242,32,9.813113571463463e-05,0.8322484056722363,1.0,512,0.0005739077454770624,COMPLETE
320,0.7565659474314611,2026-08-12 06:30:27.059516,2026-08-12 06:32:36.011133,0 days 00:02:08.951617,64,0.15624286963624656,32,9.790324113070713e-05,0.8358046290919807,1.0,512,0.0005785534157778057,COMPLETE
