number,value,datetime_start,datetime_complete,duration,params_batch,params_dp,params_h_size,params_lr,params_ls,params_out_c_mult,params_out_ch,params_wd,state
107,0.7232280290739317,2026-08-10 18:43:39.986087,2026-08-10 18:45:45.437172,0 days 00:02:05.451085,64,0.19297522708395637,32,7.622829540662274e-05,0.6179026684550342,,512,0.0005484298771459791,COMPLETE
108,0.7279926559291596,2026-08-10 18:45:45.487260,2026-08-10 18:47:37.345550,0 days 00:01:51.858290,64,0.1603396770957113,32,8.32829654623519e-05,0.7293378620145416,,512,0.000568968142272472,COMPLETE
109,0.7055011463727913,2026-08-10 18:47:37.396811,2026-08-10 18:50:50.538196,0 days 00:03:13.141385,64,0.18309284659874867,32,2.0108990772249773e-05,0.22134100590146039,,512,0.0005237391230692246,COMPLETE
110,0.7282163390827151,2026-08-10 18:50:50.587839,2026-08-10 18:53:23.397602,0 days 00:02:32.809763,64,0.141561394047521,64,6.00350088122525e-05,0.7083865342058059,,512,0.0007836890395072941,COMPLETE
111,0.6902059432662453,2026-08-10 18:53:23.448192,2026-08-10 18:56:47.055045,0 days 00:03:23.606853,64,0.2038635579588753,32,7.109171635055379e-05,0.6787037978396671,,32,0.0007204401992776653,COMPLETE
112,0.7288283187254345,2026-08-10 18:56:47.106178,2026-08-10 18:58:34.616593,0 days 00:01:47.510415,64,0.12757604306142936,128,5.6282963206127604e-05,0.768675434100216,,512,0.0006768974621664865,COMPLETE
113,0.7115649617946889,2026-08-10 18:58:34.678231,2026-08-10 19:00:42.975908,0 days 00:02:08.297677,64,0.12117094561232286,128,5.148542275038363e-05,0.856569170842537,,512,0.0007425192538165456,COMPLETE
114,0.7217407912488872,2026-08-10 19:00:43.026544,2026-08-10 19:02:49.529242,0 days 00:02:06.502698,64,0.12147487029732523,128,6.10377563848687e-05,0.8469697694620009,,512,0.0006377609921056278,COMPLETE
115,0.7350901266973767,2026-08-10 19:02:49.578042,2026-08-10 19:04:53.961238,0 days 00:02:04.383196,64,0.173330444012821,128,6.698254588045822e-05,0.8169225878592676,,512,0.000986317196573595,COMPLETE
116,0.7210775318910331,2026-08-10 19:04:54.009572,2026-08-10 19:06:45.511198,0 days 00:01:51.501626,64,0.2009046962862871,128,6.620665420800604e-05,0.8135265429119743,,512,0.0011603720618295135,COMPLETE
117,0.7230564348365333,2026-08-10 19:06:45.560739,2026-08-10 19:08:42.346409,0 days 00:01:56.785670,64,0.1703902101632797,32,7.495359350010767e-05,0.8782509547469104,,512,0.0011111203838835232,COMPLETE
118,0.5779340478157546,2026-08-10 19:08:42.395901,2026-08-10 19:09:43.849734,0 days 00:01:01.453833,128,0.15659038670417694,128,8.867433481933102e-05,0.7887616108970987,,512,0.0009150576663875491,COMPLETE
119,0.7239090591465808,2026-08-10 19:09:43.898339,2026-08-10 19:14:02.329704,0 days 00:04:18.431365,64,0.21155742538172265,1024,8.090585476336337e-05,0.8352820365026153,,512,0.0009903716211729654,COMPLETE
120,,2026-08-10 19:52:07.036546,2026-08-10 19:52:19.259084,0 days 00:00:12.222538,64,0.16281025250752243,32,9.786388454548984e-05,0.8203283159978495,,128,0.00043577243424626765,FAIL
121,0.7215941678260294,2026-08-10 19:53:05.010303,2026-08-10 19:56:42.534127,0 days 00:03:37.523824,64,0.16559228728325623,32,9.829365489852418e-05,0.8184514501958611,,128,0.0004363903336322279,COMPLETE
122,0.33114937840303166,2026-08-10 19:56:42.600920,2026-08-10 19:57:56.298000,0 days 00:01:13.697080,512,0.16338393273494603,512,6.660200715897866e-05,0.8206479159512327,,512,0.00044667526038485826,COMPLETE
123,0.7288345755208471,2026-08-10 19:57:56.392360,2026-08-10 20:01:57.751936,0 days 00:04:01.359576,64,0.20669726259960605,128,6.428887827406177e-05,0.8356276036363489,,512,0.00034736657285885356,COMPLETE
124,0.7195004960639382,2026-08-10 20:01:57.810367,2026-08-10 20:05:40.673472,0 days 00:03:42.863105,64,0.1468781957454686,128,6.911096662360411e-05,0.8387259092761963,,512,0.00045062446541074835,COMPLETE
125,0.7305322124283574,2026-08-10 20:05:40.737711,2026-08-10 20:10:09.124253,0 days 00:04:28.386542,64,0.1500598890495161,128,9.80456577399652e-05,0.8327022859560216,,512,0.00047676850183517603,COMPLETE
126,0.7306311559519518,2026-08-10 20:10:09.188388,2026-08-10 20:14:42.330494,0 days 00:04:33.142106,64,0.1564701587889763,128,6.740029925753481e-05,0.8210836169539425,,512,0.0004041683126665696,COMPLETE
127,0.7311349838866887,2026-08-10 20:14:42.389751,2026-08-10 20:18:46.337906,0 days 00:04:03.948155,64,0.11473587409474428,32,6.240607654103436e-05,0.8405288794694108,,512,0.00011593756623500632,COMPLETE
128,0.7194495455011546,2026-08-10 20:18:46.398794,2026-08-10 20:23:17.340830,0 days 00:04:30.942036,64,0.21446423798457565,64,6.585433658501497e-05,0.814367893758149,,256,0.00041998762807521264,COMPLETE
129,0.3051251157793224,2026-08-10 20:23:17.402233,2026-08-10 20:24:15.223335,0 days 00:00:57.821102,256,0.16107369605033697,256,6.853906323535225e-05,0.8013501474335966,,64,0.00047128421047672316,COMPLETE
130,0.7248568056445056,2026-08-10 20:24:15.305358,2026-08-10 20:28:34.391073,0 days 00:04:19.085715,64,0.1752268950718087,32,7.004273189141377e-05,0.8291266723845159,,512,0.00031552850694190456,COMPLETE
131,0.7271665862705702,2026-08-10 20:28:34.448702,2026-08-10 20:32:46.372461,0 days 00:04:11.923759,64,0.10404622747088423,128,6.70385384584288e-05,0.8232065813598771,,512,0.0004754277558473109,COMPLETE
132,0.7309081523122591,2026-08-10 20:32:46.437692,2026-08-10 20:36:50.292523,0 days 00:04:03.854831,64,0.13055654616025605,32,9.746532311643106e-05,0.6571110230506575,,512,7.458369055268491e-05,COMPLETE
133,0.724572750320625,2026-08-10 20:36:50.355777,2026-08-10 20:40:35.822269,0 days 00:03:45.466492,64,0.16820867143110507,32,6.408257750695114e-05,0.7258516193905915,,512,0.00047409070914274044,COMPLETE
134,0.7333215887121489,2026-08-10 20:40:35.885947,2026-08-10 20:44:42.515975,0 days 00:04:06.630028,64,0.16408176267176258,32,6.578830530711794e-05,0.8412362631785653,,512,0.00041439030479648026,COMPLETE
135,0.7236811274640652,2026-08-10 20:44:42.575112,2026-08-10 20:48:17.572504,0 days 00:03:34.997392,64,0.1538220794093306,32,6.647390577707227e-05,0.8432650956437987,,512,0.00037363402575794945,COMPLETE
136,0.7278292416138129,2026-08-10 20:48:17.630809,2026-08-10 20:51:57.214416,0 days 00:03:39.583607,64,0.17027299545181096,32,9.618913552662792e-05,0.8319064913503065,,512,0.00026267549530822475,COMPLETE
137,0.7221855901417312,2026-08-10 20:51:57.311568,2026-08-10 20:55:30.572363,0 days 00:03:33.260795,64,0.158333168894428,32,6.480809670422246e-05,0.7143185167479003,,512,0.0004124554411950325,COMPLETE
138,0.7246155457103437,2026-08-10 20:55:30.633774,2026-08-10 20:59:13.643725,0 days 00:03:43.009951,64,0.16345521916429137,32,6.83208462996403e-05,0.8396221802638173,,512,0.00037097038644316895,COMPLETE
139,0.7246531637022193,2026-08-10 20:59:13.714956,2026-08-10 21:02:55.981377,0 days 00:03:42.266421,64,0.14821134018560056,32,7.181203499059924e-05,0.8166971556191807,,512,0.000693289208761594,COMPLETE
140,0.7204740881722538,2026-08-10 21:02:56.056791,2026-08-10 21:06:33.844647,0 days 00:03:37.787856,64,0.13740965713416126,64,7.37857506639494e-05,0.7480407402074637,,512,0.0008542664430766999,COMPLETE
141,0.7220562601888445,2026-08-10 21:06:33.912181,2026-08-10 21:10:07.789640,0 days 00:03:33.877459,64,0.14255662155139248,32,9.888152205876314e-05,0.6737290868277391,,512,0.0009338019298744802,COMPLETE
142,0.5673484775423059,2026-08-10 21:10:07.851277,2026-08-10 21:12:03.866571,0 days 00:01:56.015294,128,0.15178109307238583,128,6.302759945606354e-05,0.8347119770338852,,512,0.0007704891373048597,COMPLETE
143,0.7320048881212534,2026-08-10 21:12:03.928706,2026-08-10 21:15:47.447117,0 days 00:03:43.518411,64,0.17301178715553414,32,6.575300270296064e-05,0.7126585107109141,,512,0.0004910541038181073,COMPLETE
144,0.7259405546427099,2026-08-10 21:15:47.513120,2026-08-10 21:20:17.595686,0 days 00:04:30.082566,64,0.1731122422609638,32,6.554678838014863e-05,0.7347213992044104,,512,0.0004950471498007365,COMPLETE
145,0.6880678687644061,2026-08-10 21:20:17.660467,2026-08-10 21:25:46.180875,0 days 00:05:28.520408,64,0.17706795393429425,32,6.778758287210337e-05,0.7140309775849193,,32,0.00046294610860070357,COMPLETE
146,0.7226216091080181,2026-08-10 21:25:46.264094,2026-08-10 21:30:07.092951,0 days 00:04:20.828857,64,0.16858288826801482,32,6.682792462623181e-05,0.6915203954539053,,512,0.00038741228948438217,COMPLETE
147,0.7417231228187814,2026-08-10 21:30:07.160963,2026-08-10 21:34:22.406522,0 days 00:04:15.245559,64,0.1609611019531322,32,6.905004525565876e-05,0.8261512238608058,,512,0.0004974518382438051,COMPLETE
148,0.7172135381090048,2026-08-10 21:34:22.480468,2026-08-10 21:38:15.191977,0 days 00:03:52.711509,64,0.16276080363908846,32,6.888151082565964e-05,0.8255544214223511,,512,0.00044490259699089563,COMPLETE
149,0.35308208554424203,2026-08-10 21:38:15.253950,2026-08-10 21:38:50.290977,0 days 00:00:35.037027,512,0.15614320131042858,32,9.38431196854642e-05,0.8284679294233775,,512,0.0006008787974238119,COMPLETE
150,0.7304512157501949,2026-08-10 21:38:50.355550,2026-08-10 21:42:49.469654,0 days 00:03:59.114104,64,0.1595403267207565,32,7.024743197921601e-05,0.7966355453707293,,512,0.0004956921827837845,COMPLETE
151,0.7093603823053511,2026-08-10 21:42:49.531607,2026-08-10 21:48:17.643921,0 days 00:05:28.112314,64,0.16589019294083862,32,6.586815579957589e-05,0.6491520569856918,,128,0.0004957461818026485,COMPLETE
152,0.7112174718073797,2026-08-10 21:48:17.708155,2026-08-10 21:52:11.251025,0 days 00:03:53.542870,64,0.18003819700708143,32,6.741036624768548e-05,0.6985163174098852,,512,0.0003314453676486891,COMPLETE
153,0.726592827535526,2026-08-10 21:52:11.306138,2026-08-10 22:01:49.275279,0 days 00:09:37.969141,64,0.14520710260966369,1024,6.484034566967012e-05,0.7640401901033383,,512,0.0006499599369383517,COMPLETE
154,0.7276780003450157,2026-08-10 22:01:49.339861,2026-08-10 22:05:43.204367,0 days 00:03:53.864506,64,0.17295682402953638,32,6.643631335276336e-05,0.8426382005559132,,512,0.00042196016477302224,COMPLETE
155,0.7272591267185754,2026-08-10 22:05:43.262963,2026-08-10 22:09:38.525845,0 days 00:03:55.262882,64,0.11165177021891094,32,5.990726087255704e-05,0.8068036460372763,,512,0.0007200047584106447,COMPLETE
156,0.7167474176239099,2026-08-10 22:09:38.586645,2026-08-10 22:13:18.372444,0 days 00:03:39.785799,64,0.18696423564532824,128,6.165786396848207e-05,0.8317180826734566,,512,0.0008285556065652292,COMPLETE
157,0.7307874754747449,2026-08-10 22:13:18.432829,2026-08-10 22:21:01.828145,0 days 00:07:43.395316,64,0.16122527158622607,512,6.80998861135281e-05,0.8219637555134802,,512,0.0006193665352592684,COMPLETE
158,0.3343643134327757,2026-08-10 22:21:01.879262,2026-08-10 22:21:44.640254,0 days 00:00:42.760992,256,0.1215583083041111,32,9.981931558327863e-05,0.8391662805751796,,512,0.0008804479195591656,COMPLETE
159,0.7097812770146364,2026-08-10 22:21:44.700561,2026-08-10 22:25:55.512904,0 days 00:04:10.812343,64,0.22080227761809962,64,6.939538923828891e-05,0.8443345225322916,,256,0.0006778209344103952,COMPLETE
160,0.7130989306861326,2026-08-10 22:25:55.590153,2026-08-10 22:32:36.008067,0 days 00:06:40.417914,64,0.19587026066225638,32,6.552424564975513e-05,0.7082811556922249,,64,0.0005720696245269369,COMPLETE
161,0.7223985786463303,2026-08-10 22:32:36.067989,2026-08-10 22:37:04.517813,0 days 00:04:28.449824,64,0.16529792393586443,32,6.34337928974804e-05,0.6623786124460487,,512,0.0007592489218242505,COMPLETE
162,0.7208597338249461,2026-08-10 22:37:04.578316,2026-08-10 22:43:56.856457,0 days 00:06:52.278141,64,0.15414936145603728,256,7.068049062981856e-05,0.8184772833847943,,512,0.0005247501222120326,COMPLETE
163,0.7269788205182576,2026-08-10 22:43:56.914742,2026-08-10 22:46:52.326057,0 days 00:02:55.411315,64,0.16966586775413653,32,7.205127969450888e-05,0.7143126726560285,,512,0.0006158611575130655,COMPLETE
164,0.7275589115335173,2026-08-10 22:46:52.387988,2026-08-10 22:50:26.449028,0 days 00:03:34.061040,64,0.16235624897556006,32,6.703769664608918e-05,0.7226801662002897,,512,0.0005711896842284059,COMPLETE
165,0.7349651809315368,2026-08-10 22:50:26.506461,2026-08-10 22:54:02.889713,0 days 00:03:36.383252,64,0.11702439793803789,32,6.467299484223158e-05,0.7356922376234184,,512,0.000656248113441782,COMPLETE
166,0.7286754549410165,2026-08-10 22:54:02.950580,2026-08-10 22:57:26.270039,0 days 00:03:23.319459,64,0.12452245955192333,32,6.450301934531661e-05,0.7460272027107175,,512,0.0006624537577539461,COMPLETE
167,0.7234557871721511,2026-08-10 22:57:26.322992,2026-08-10 23:00:41.265959,0 days 00:03:14.942967,64,0.11560089191289365,128,6.590317188763933e-05,0.7296846228160397,,512,0.0005452883897225606,COMPLETE
168,0.73016887933181,2026-08-10 23:00:41.331380,2026-08-10 23:04:28.828169,0 days 00:03:47.496789,64,0.15820748697287565,32,6.41876563461333e-05,0.836432687859691,,512,0.000728673290164875,COMPLETE
169,0.720245026961234,2026-08-10 23:04:28.895193,2026-08-10 23:07:27.547381,0 days 00:02:58.652188,64,0.2072594888487908,32,7.754964527349485e-05,0.8242722289471418,,512,0.0008030271137373095,COMPLETE
170,0.7263838546191339,2026-08-10 23:07:27.614508,2026-08-10 23:10:06.878876,0 days 00:02:39.264368,64,0.21158122342098126,32,9.686190606787915e-05,0.8102993599415138,,512,0.0004959626829375468,COMPLETE
171,0.7235220830107355,2026-08-10 23:10:06.934545,2026-08-10 23:13:27.450490,0 days 00:03:20.515945,64,0.10856584652645519,128,6.050419851798483e-05,0.734539441605561,,512,0.0006388441690344739,COMPLETE
172,0.6927097765879593,2026-08-10 23:13:27.509498,2026-08-10 23:18:29.949398,0 days 00:05:02.439900,64,0.14074682186589088,32,6.519010795222285e-05,0.7181927685139836,,32,0.0007106892940702541,COMPLETE
173,0.7326352091607105,2026-08-10 23:18:30.031876,2026-08-10 23:22:07.240074,0 days 00:03:37.208198,64,0.1655659416293919,32,6.772268517260707e-05,0.7426565293923505,,512,0.0005987777451011987,COMPLETE
174,0.7261415470493017,2026-08-10 23:22:07.295974,2026-08-10 23:25:20.044360,0 days 00:03:12.748386,64,0.16540712994070292,32,6.658499682906311e-05,0.7404698685774527,,512,0.0005882825265558038,COMPLETE
175,0.7245166691958128,2026-08-10 23:25:20.105569,2026-08-10 23:28:33.372750,0 days 00:03:13.267181,64,0.1177632428168289,32,6.849784787816815e-05,0.750743853879754,,512,0.0002025898047771989,COMPLETE
176,0.7202587320826965,2026-08-10 23:28:33.447365,2026-08-10 23:31:35.033618,0 days 00:03:01.586253,64,0.1743049165310066,32,6.794166942758963e-05,0.7421917446409481,,512,0.0006823401478420261,COMPLETE
177,0.7241165891515133,2026-08-10 23:31:35.092735,2026-08-10 23:34:51.207064,0 days 00:03:16.114329,64,0.2250788964613234,32,6.744617473887293e-05,0.7246715522993336,,512,0.000529081375672986,COMPLETE
178,0.5506855920001538,2026-08-10 23:34:51.267438,2026-08-10 23:37:08.312206,0 days 00:02:17.044768,128,0.1695792906958045,64,6.997277503196551e-05,0.7336219178175173,,512,0.000600965456140634,COMPLETE
179,0.7279463365842054,2026-08-10 23:37:08.376921,2026-08-10 23:40:32.050864,0 days 00:03:23.673943,64,0.15155081367829432,32,6.61476067962683e-05,0.7758242950670698,,512,0.00046181777216550195,COMPLETE
180,0.35413511550582355,2026-08-10 23:40:32.115067,2026-08-10 23:41:51.855829,0 days 00:01:19.740762,512,0.12383786370748888,1024,6.217785620319397e-05,0.8317616737880325,,512,0.0009253211065392869,COMPLETE
181,0.7247604865214613,2026-08-10 23:41:51.922723,2026-08-10 23:45:16.635059,0 days 00:03:24.712336,64,0.15905223461308587,32,9.834258665769404e-05,0.7605940658163028,,512,0.0006315511779136059,COMPLETE
182,0.7185519926324395,2026-08-10 23:45:16.702063,2026-08-10 23:48:37.247937,0 days 00:03:20.545874,64,0.19975337173653307,128,6.905704235994388e-05,0.647954599415515,,512,0.0005474476285367836,COMPLETE
183,0.7251112748267736,2026-08-10 23:48:37.304253,2026-08-10 23:51:53.994687,0 days 00:03:16.690434,64,0.16332142236038866,32,6.353448840596247e-05,0.7159969081464984,,512,0.0005873072176779638,COMPLETE
184,0.7100697551397578,2026-08-10 23:51:54.071910,2026-08-10 23:55:26.571766,0 days 00:03:32.499856,64,0.1668480537138565,32,6.522386247224026e-05,0.7105343795074174,,512,5.161539753466078e-05,COMPLETE
185,0.7274155360124409,2026-08-10 23:55:26.633456,2026-08-10 23:59:17.450520,0 days 00:03:50.817064,64,0.17219116513298544,32,6.709276589290848e-05,0.7273992689019303,,512,0.0005095272472205011,COMPLETE
186,0.7190723007202199,2026-08-10 23:59:17.514183,2026-08-11 00:02:21.264966,0 days 00:03:03.750783,64,0.15551264449671165,32,6.578469696731981e-05,0.7207820764175287,,512,0.0005646789931692244,COMPLETE
187,0.730525046604497,2026-08-11 00:02:21.319951,2026-08-11 00:05:43.276861,0 days 00:03:21.956910,64,0.21798117286866114,32,6.642232611021888e-05,0.7848141166762223,,512,0.0006662270577156734,COMPLETE
188,0.7201582746371632,2026-08-11 00:05:43.341373,2026-08-11 00:09:02.905848,0 days 00:03:19.564475,64,0.1604957332319219,32,6.772164364199876e-05,0.7038853494723801,,512,0.0004846921587312418,COMPLETE
189,0.3499010296694571,2026-08-11 00:09:02.968169,2026-08-11 00:09:36.392780,0 days 00:00:33.424611,256,0.16460042835400768,32,6.414298701903025e-05,0.655805592420614,,128,0.0004328400070198224,COMPLETE
190,0.7180200025920932,2026-08-11 00:09:36.465133,2026-08-11 00:13:16.848675,0 days 00:03:40.383542,64,0.14860369199519607,32,6.47252092748256e-05,0.8292002634057453,,256,0.000765330341059509,COMPLETE
191,0.714426601480864,2026-08-11 00:13:16.909404,2026-08-11 00:19:15.578217,0 days 00:05:58.668813,64,0.1777374158424668,512,7.369791792500547e-05,0.6672147001869094,,512,0.0006311629057561478,COMPLETE
192,0.6976487356859019,2026-08-11 00:19:15.644882,2026-08-11 00:23:23.517351,0 days 00:04:07.872469,64,0.1123676592726856,128,6.67695814856494e-05,0.8453161373847828,,64,0.00086895753541456,COMPLETE
193,0.718768093462243,2026-08-11 00:23:23.574544,2026-08-11 00:28:38.053301,0 days 00:05:14.478757,64,0.15947191873854832,512,7.254505659648647e-05,0.8406744296656673,,512,0.0007182274608749784,COMPLETE
194,0.7245196024273562,2026-08-11 00:28:38.110578,2026-08-11 00:34:27.475841,0 days 00:05:49.365263,64,0.16771223888574888,512,7.299688285911504e-05,0.83548434541811,,512,0.0008273728995885629,COMPLETE
195,0.7353181337759837,2026-08-11 00:34:27.539052,2026-08-11 00:40:39.199254,0 days 00:06:11.660202,64,0.15367885181845622,256,7.143411476145672e-05,0.8467240586341374,,512,0.0006813589317067348,COMPLETE
196,0.7228883038477986,2026-08-11 00:40:39.257779,2026-08-11 00:46:34.049707,0 days 00:05:54.791928,64,0.14428255406899418,256,6.862638297759036e-05,0.8461044380672731,,512,0.0006040606956001571,COMPLETE
197,0.7274478817740699,2026-08-11 00:46:34.104988,2026-08-11 00:50:02.874161,0 days 00:03:28.769173,64,0.15453564976437173,32,6.976915902681418e-05,0.8403340696546057,,512,0.0006971644815398652,COMPLETE
198,0.728472840673637,2026-08-11 00:50:02.932628,2026-08-11 00:55:57.828455,0 days 00:05:54.895827,64,0.11815259313593206,256,7.159929337041057e-05,0.7375971403439501,,512,0.0005496017633749574,COMPLETE
199,0.7337161750089891,2026-08-11 00:55:57.898074,2026-08-11 01:01:59.639720,0 days 00:06:01.741646,64,0.1516811805614096,256,9.992292931136294e-05,0.835609499027046,,512,0.0006440914621521479,COMPLETE
200,0.7362563117423186,2026-08-11 01:01:59.702525,2026-08-11 01:07:42.231226,0 days 00:05:42.528701,64,0.15169252995001767,256,9.84584007852206e-05,0.8366261040909436,,512,0.000652968734220541,COMPLETE
201,0.7238294224130628,2026-08-11 01:07:42.284744,2026-08-11 01:13:05.427387,0 days 00:05:23.142643,64,0.1494290168632083,256,9.751632348243469e-05,0.8251601336950688,,512,0.0006571225757482247,COMPLETE
202,0.7253902043361556,2026-08-11 01:13:05.507076,2026-08-11 01:18:24.175671,0 days 00:05:18.668595,64,0.14621267627416867,256,9.862730964509935e-05,0.8338592740520439,,512,0.000754021008401055,COMPLETE
203,0.7312545876329234,2026-08-11 01:18:24.235706,2026-08-11 01:24:07.793464,0 days 00:05:43.557758,64,0.15677373039229395,256,9.986625854766889e-05,0.838254185487265,,512,0.0006821644630906141,COMPLETE
204,0.737689338306645,2026-08-11 01:24:07.854543,2026-08-11 01:29:16.486146,0 days 00:05:08.631603,64,0.1522236970513524,256,9.587433610001788e-05,0.8453676947218961,,512,0.0006282596674286045,COMPLETE
205,0.7327499893114464,2026-08-11 01:29:16.555466,2026-08-11 01:34:03.885280,0 days 00:04:47.329814,64,0.15045349290378457,256,9.57628696191811e-05,0.8297405046433999,,512,0.0006123200344066309,COMPLETE
206,0.7327615131706793,2026-08-11 01:34:03.958135,2026-08-11 01:40:25.090966,0 days 00:06:21.132831,64,0.15191402029849913,256,9.469640502076994e-05,0.8295418390892404,,512,0.0006290836573470318,COMPLETE
207,0.7304649278779627,2026-08-11 01:40:25.183371,2026-08-11 01:46:31.712555,0 days 00:06:06.529184,64,0.1522621788337272,256,9.539968884338047e-05,0.8325818486631041,,512,0.000638604322552593,COMPLETE
208,0.7246906703189463,2026-08-11 01:46:31.775323,2026-08-11 01:52:00.389373,0 days 00:05:28.614050,64,0.15025361607446466,256,9.653888872955474e-05,0.8292307549574902,,512,0.0006191145195897521,COMPLETE
209,0.7348149662391927,2026-08-11 01:52:00.444821,2026-08-11 01:57:13.342674,0 days 00:05:12.897853,64,0.1480242191431484,256,9.41282702503096e-05,0.8369633871385922,,512,0.0005716335943313872,COMPLETE
210,0.7288869321863379,2026-08-11 01:57:13.403557,2026-08-11 02:02:40.299367,0 days 00:05:26.895810,64,0.1464969109106944,256,9.447189739583078e-05,0.8370647929099048,,512,0.0005645242150475923,COMPLETE
211,0.7312002212730084,2026-08-11 02:02:40.394744,2026-08-11 02:09:10.630847,0 days 00:06:30.236103,64,0.1533421190227438,256,9.284522250336924e-05,0.8421116944884042,,512,0.0006544259736849913,COMPLETE
212,0.6961326356831554,2026-08-11 02:09:10.717802,2026-08-11 02:16:40.773527,0 days 00:07:30.055725,64,0.14455685670963334,256,9.730199068630343e-05,0.8178746476730319,,32,0.000730016299835948,COMPLETE
213,0.7270459733913971,2026-08-11 02:16:40.833791,2026-08-11 02:21:31.573441,0 days 00:04:50.739650,64,0.15202091265765666,256,9.537091483594971e-05,0.8265101198541356,,512,0.0005885030727819152,COMPLETE
