number,value,datetime_start,datetime_complete,duration,params_accumulation,params_batch,params_dp,params_h_size,params_lr,params_ls,params_n_layers,params_wd,state
0,,2026-08-14 05:11:24.578450,2026-08-14 05:11:25.333686,0 days 00:00:00.755236,2,32,0.4020943139074269,32,0.0002300816936455372,0.35510672626697576,2,0.00018670896687545348,FAIL
1,0.7444327145628571,2026-08-14 05:11:43.634228,2026-08-14 05:18:09.508239,0 days 00:06:25.874011,2,64,0.32295552838880875,256,5.210301026731505e-05,0.42373908813390515,3,0.0002214805640065978,COMPLETE
2,0.7488673229368765,2026-08-14 05:18:09.570796,2026-08-14 05:19:44.956007,0 days 00:01:35.385211,1,64,0.12252559655830292,128,0.00022998918016495093,0.007421582058017517,1,0.00013327430426668938,COMPLETE
3,0.49364045650610255,2026-08-14 05:19:45.027121,2026-08-14 05:20:47.278109,0 days 00:01:02.250988,1,256,0.4619637224432741,32,0.00011485253540858336,0.2362663958818621,3,9.731137650031467e-05,COMPLETE
4,0.7299251446447435,2026-08-14 05:20:47.327974,2026-08-14 05:24:18.998923,0 days 00:03:31.670949,2,64,0.2863814524109026,128,7.61485143563709e-05,0.18511309067642645,3,0.00012273645487533564,COMPLETE
5,0.7336416366882351,2026-08-14 05:24:19.063553,2026-08-14 05:33:40.683454,0 days 00:09:21.619901,4,32,0.45720632253932925,128,5.324610878637028e-05,0.2113871589699527,2,6.549727079764435e-05,COMPLETE
6,0.7407908698659367,2026-08-14 05:33:40.743744,2026-08-14 05:35:57.118978,0 days 00:02:16.375234,1,128,0.3268390204771542,128,0.00017351454948926674,0.016231940057714722,2,0.00024199156862503076,COMPLETE
7,0.7459107967598142,2026-08-14 05:35:57.174530,2026-08-14 05:39:21.671990,0 days 00:03:24.497460,2,128,0.39759292861949946,256,0.00012945460062645757,0.25187801678517796,1,0.00031580716119571203,COMPLETE
8,0.7554723432763649,2026-08-14 05:39:21.756784,2026-08-14 05:43:16.950108,0 days 00:03:55.193324,1,128,0.012419474690393839,512,0.00021783005886947542,0.12784792026557013,3,7.987270316479375e-05,COMPLETE
9,0.7169626796718565,2026-08-14 05:43:17.035850,2026-08-14 05:47:50.761762,0 days 00:04:33.725912,4,64,0.2654501172321174,128,8.719889083557607e-05,0.30732751045083717,2,0.00015643468950899339,COMPLETE
10,0.5764225483575339,2026-08-14 05:47:50.808551,2026-08-14 05:49:49.401317,0 days 00:01:58.592766,4,128,0.14956119127333378,128,5.337018630627132e-05,0.32158296173114853,2,0.00016117426820162818,COMPLETE
11,0.752357738294468,2026-08-14 05:49:49.457583,2026-08-14 05:52:25.671092,0 days 00:02:36.213509,1,256,0.0027009510490701542,512,0.0002283585957758073,0.4893253314323279,3,5.740806168986016e-05,COMPLETE
12,0.7536359838562525,2026-08-14 05:52:25.719856,2026-08-14 05:54:57.535089,0 days 00:02:31.815233,1,256,0.016019927883526984,512,0.00024651138464320264,0.4497158533559659,3,5.028183621775312e-05,COMPLETE
13,0.7449174030400809,2026-08-14 05:54:57.581549,2026-08-14 05:57:49.038987,0 days 00:02:51.457438,1,256,0.010719764339778596,512,0.00017577845769388084,0.10560314056370596,3,7.773988708484054e-05,COMPLETE
14,0.7509407927997116,2026-08-14 05:57:49.084411,2026-08-14 06:02:32.724947,0 days 00:04:43.640536,1,32,0.0920783772352925,64,0.0002498234321247867,0.41914420843132305,3,5.257178732417181e-05,COMPLETE
15,0.746992351249364,2026-08-14 06:02:32.773304,2026-08-14 06:06:23.878714,0 days 00:03:51.105410,1,128,0.06268377191922486,512,0.0001843686093510319,0.09645438881435978,3,7.989151712921247e-05,COMPLETE
16,0.7486481318920517,2026-08-14 06:06:23.931941,2026-08-14 06:09:10.916297,0 days 00:02:46.984356,1,256,0.19260179525840415,512,0.00014859495680768426,0.36580817837264884,3,5.000042822491212e-05,COMPLETE
17,0.7548619386449509,2026-08-14 06:09:10.963915,2026-08-14 06:10:48.910357,0 days 00:01:37.946442,1,256,0.05184283418482051,512,0.00020400790220303125,0.12635680380940906,1,7.241651812955146e-05,COMPLETE
18,0.7331968210022155,2026-08-14 06:10:48.958434,2026-08-14 06:13:36.790613,0 days 00:02:47.832179,1,128,0.18525336143352794,32,0.0002012574163259912,0.13054503228614536,1,9.568962065323533e-05,COMPLETE
19,0.7571027386800996,2026-08-14 06:13:36.839755,2026-08-14 06:19:19.085057,0 days 00:05:42.245302,2,32,0.0715956331930292,64,0.00014577677968863082,0.15974144756360661,1,7.125279959991166e-05,COMPLETE
20,0.7427028056672448,2026-08-14 06:19:19.141758,2026-08-14 06:28:07.855550,0 days 00:08:48.713792,2,32,0.10380602607752808,64,0.00010644878524552227,0.07043970509786701,1,9.561901739497612e-05,COMPLETE
21,0.7455509044998614,2026-08-14 06:28:07.914742,2026-08-14 06:34:44.178592,0 days 00:06:36.263850,2,32,0.1744969070467769,64,0.00014795131266737835,0.17221514150011644,1,0.00011459141056555967,COMPLETE
22,0.7465666196685179,2026-08-14 06:34:44.234705,2026-08-14 06:40:14.224594,0 days 00:05:29.989889,2,32,0.05321035973787083,64,0.00015142635235704122,0.14965829793287375,1,6.937989096981653e-05,COMPLETE
23,0.7418699376795245,2026-08-14 06:40:14.277812,2026-08-14 06:42:11.933152,0 days 00:01:57.655340,2,256,0.051123871029108675,512,0.00020386444768127367,0.08348570943305153,1,7.745253042636112e-05,COMPLETE
24,0.7481855514376603,2026-08-14 06:42:11.994534,2026-08-14 06:48:06.861756,0 days 00:05:54.867222,4,32,0.07846833604505343,512,0.00019859569720757244,0.046109168447405605,1,6.199556916512775e-05,COMPLETE
25,0.7475534123961619,2026-08-14 06:48:06.908926,2026-08-14 06:50:23.648553,0 days 00:02:16.739627,1,128,0.12925251024169915,64,0.00016153846515334387,0.14024381372191785,1,8.587427605206182e-05,COMPLETE
26,0.750013525751748,2026-08-14 06:50:23.702179,2026-08-14 06:55:31.737697,0 days 00:05:08.035518,2,32,0.039758333064362716,512,0.0001274840804343014,0.2735130140542659,1,6.830982300879425e-05,COMPLETE
27,0.7230304219317621,2026-08-14 06:55:31.795602,2026-08-14 06:57:12.278481,0 days 00:01:40.482879,1,256,0.20903276670800328,32,0.0002142015164389047,0.19613359819491705,1,0.00010513821274362268,COMPLETE
28,0.7561616177310175,2026-08-14 06:57:12.328680,2026-08-14 06:59:37.202910,0 days 00:02:24.874230,1,128,0.09223316604824684,256,9.05806796655941e-05,0.0482019900758993,1,8.730409359496202e-05,COMPLETE
29,0.6878427559437945,2026-08-14 06:59:37.344145,2026-08-14 07:04:19.657677,0 days 00:04:42.313532,4,128,0.14708448023698462,256,6.739118847511013e-05,0.04495241967076524,2,8.461122531192569e-05,COMPLETE
30,0.7351706354057717,2026-08-14 07:04:19.709010,2026-08-14 07:07:14.084376,0 days 00:02:54.375366,2,128,0.09341549269987542,256,9.508390305158171e-05,0.04220797446971944,1,0.0001420291063774289,COMPLETE
31,0.7346404858690257,2026-08-14 07:07:14.129669,2026-08-14 07:13:00.682114,0 days 00:05:46.552445,2,128,0.21401872440588465,256,7.044202164596462e-05,0.1652774925801579,3,5.918145431301949e-05,COMPLETE
32,0.7485267443988894,2026-08-14 07:13:00.761190,2026-08-14 07:15:19.508332,0 days 00:02:18.747142,1,128,0.0377948859686886,256,0.00012869766773418434,0.11642872625217524,1,7.29517331055472e-05,COMPLETE
33,0.7539227156816628,2026-08-14 07:15:19.589398,2026-08-14 07:17:59.399415,0 days 00:02:39.810017,1,64,0.11111934360420714,64,0.00018612228929362694,0.0745241998890207,1,8.828558003496602e-05,COMPLETE
34,0.7528910297114767,2026-08-14 07:17:59.461074,2026-08-14 07:20:34.559524,0 days 00:02:35.098450,1,128,0.07082891865576822,256,0.0001086858759560188,0.22440755259867928,1,0.00010673328921044625,COMPLETE
35,0.7588538179063019,2026-08-14 07:20:34.607189,2026-08-14 07:23:30.162289,0 days 00:02:55.555100,1,64,0.03659820016718916,512,0.00022136842650492355,0.12432614607063762,1,7.331221257861189e-05,COMPLETE
36,0.7315655314251411,2026-08-14 07:23:30.224835,2026-08-14 07:27:42.392336,0 days 00:04:12.167501,1,64,0.001006924744594323,32,9.135084629594292e-05,0.01592307470306567,1,9.313942454522454e-05,COMPLETE
37,0.7549017809023866,2026-08-14 07:27:42.443161,2026-08-14 07:32:53.333349,0 days 00:05:10.890188,1,64,0.13007704314329943,512,0.00022529680303648612,0.0011646389972118434,3,0.0001284253234864641,COMPLETE
38,0.7520110696504032,2026-08-14 07:32:53.407536,2026-08-14 07:36:33.509088,0 days 00:03:40.101552,1,64,0.03810449391971387,256,0.00016443691941551527,0.15806342868781817,1,6.412744236971993e-05,COMPLETE
39,0.691997528186513,2026-08-14 07:36:33.567422,2026-08-14 07:41:04.311698,0 days 00:04:30.744276,2,64,0.08575618871934845,64,7.777608489424103e-05,0.1952077651164315,2,0.00018367545737465159,COMPLETE
40,0.7538413986876655,2026-08-14 07:41:04.375269,2026-08-14 07:44:16.665695,0 days 00:03:12.290426,4,64,0.48481021510939937,512,0.00011565141913404073,0.24975027316037113,1,0.00011083568679714776,COMPLETE
41,0.7473052564374717,2026-08-14 07:44:16.712597,2026-08-14 07:51:14.891856,0 days 00:06:58.179259,1,32,0.15332407410324858,256,0.00014267854678242834,0.062198311820491736,3,5.479851477078564e-05,COMPLETE
42,0.750065610657305,2026-08-14 07:51:14.946658,2026-08-14 07:55:04.918018,0 days 00:03:49.971360,1,64,0.126133897545157,512,0.00022321688624249222,0.013317284164637289,3,0.00013774201745530705,COMPLETE
43,0.7383322208006021,2026-08-14 07:55:04.991702,2026-08-14 08:00:33.324304,0 days 00:05:28.332602,1,64,0.02927884397690158,512,0.00023392191182129092,0.003522397785516864,3,0.00020064442190793208,COMPLETE
44,0.7437200647540669,2026-08-14 08:00:33.382728,2026-08-14 08:03:25.849390,0 days 00:02:52.466662,1,64,0.3783394395466123,128,0.0001873067947538957,0.10050826990876749,3,0.0002476352007111754,COMPLETE
45,0.7396592712307328,2026-08-14 08:03:25.927183,2026-08-14 08:08:44.665152,0 days 00:05:18.737969,1,64,0.24677488627312794,512,0.00021979810615056512,0.0537162806240445,3,0.0001278654876212352,COMPLETE
46,0.7446472726538192,2026-08-14 08:08:44.746164,2026-08-14 08:12:17.954391,0 days 00:03:33.208227,1,128,0.13191678012611827,512,6.0240729545887e-05,0.03558180559080079,2,7.953469739640697e-05,COMPLETE
47,0.7505995687384326,2026-08-14 08:12:18.039346,2026-08-14 08:17:31.198962,0 days 00:05:13.159616,1,64,0.0211992731053572,512,0.0002410306235810316,0.08933666181296734,3,0.00011852807549325141,COMPLETE
48,,2026-08-14 08:17:31.290018,2026-08-14 08:18:39.166928,0 days 00:01:07.876910,4,128,0.07083978492098227,32,0.00017139704410584782,0.1769511730527083,3,6.38574288578408e-05,FAIL
49,0.6546023087029595,2026-08-14 08:18:49.701734,2026-08-14 08:21:06.086491,0 days 00:02:16.384757,4,128,0.07016286127345661,128,0.00016901883636267367,0.11275953909226648,3,0.0001608312191293836,COMPLETE
50,0.7478254241107289,2026-08-14 08:21:06.152413,2026-08-14 08:35:15.454966,0 days 00:14:09.302553,1,32,0.11028136368469021,512,8.258570358263372e-05,0.028095236729334533,3,0.00010157986806428854,COMPLETE
51,0.6703879750404751,2026-08-14 08:35:15.538052,2026-08-14 08:40:20.733022,0 days 00:05:05.194970,2,64,0.15620325107831345,32,9.94292481142039e-05,0.17788695346103162,2,6.127336269427362e-05,COMPLETE
52,0.7562863545156613,2026-08-14 08:40:21.926628,2026-08-14 08:42:40.410651,0 days 00:02:18.484023,1,128,0.08539795553366995,64,0.0002497127511656947,0.21752725639704557,1,8.907020986599974e-05,COMPLETE
53,0.7406739255830493,2026-08-14 08:42:40.606731,2026-08-14 08:44:46.996679,0 days 00:02:06.389948,1,128,0.08827869783222816,64,0.00021340228730568994,0.20807079436428091,1,7.360853371095254e-05,COMPLETE
54,0.7491395437612682,2026-08-14 08:44:47.126671,2026-08-14 08:47:08.279031,0 days 00:02:21.152360,1,128,0.06992330768866206,64,0.0002495196132802258,0.23330675237470558,1,8.616718402852594e-05,COMPLETE
55,0.7401907784141598,2026-08-14 08:47:08.375714,2026-08-14 08:49:20.188209,0 days 00:02:11.812495,1,128,0.020305426533365728,64,0.0002318657010420472,0.294364096914429,1,8.965373395002783e-05,COMPLETE
56,0.7494418415555074,2026-08-14 08:49:20.249199,2026-08-14 08:51:36.494910,0 days 00:02:16.245711,1,128,0.11069633808958852,64,0.0001952966312654327,0.14871461702322775,1,6.746624925580552e-05,COMPLETE
57,0.7450459144738982,2026-08-14 08:51:36.645951,2026-08-14 08:53:43.476885,0 days 00:02:06.830934,1,128,0.0533954723537982,512,0.00017715492817319415,0.12340333399947055,1,9.977259097676008e-05,COMPLETE
58,0.7435967784506677,2026-08-14 08:53:43.581769,2026-08-14 09:00:05.706738,0 days 00:06:22.124969,1,32,0.17217477757899,64,0.0001378106769844462,0.21586081037844407,3,8.204471900087498e-05,COMPLETE
59,0.7547383424300694,2026-08-14 09:00:05.770689,2026-08-14 09:02:31.713620,0 days 00:02:25.942931,2,128,0.0017536926906506003,512,0.00021097378635565793,0.3562605280557973,1,7.559970464159863e-05,COMPLETE
60,0.7529176409449356,2026-08-14 09:02:31.767284,2026-08-14 09:06:26.268411,0 days 00:03:54.501127,1,32,0.10157004958100016,128,0.0001560214847776926,0.1847188908552898,1,6.989695936488054e-05,COMPLETE
61,0.4590010709056152,2026-08-14 09:06:26.401015,2026-08-14 09:10:05.268996,0 days 00:03:38.867981,4,64,0.13555648211288016,64,5.097322433057037e-05,0.13756963906406797,3,9.375142489532679e-05,COMPLETE
62,0.7505947093439863,2026-08-14 09:10:05.336389,2026-08-14 09:12:59.974705,0 days 00:02:54.638316,2,128,0.055286350572645096,512,0.0002308504553452069,0.26385013907225,1,0.00029690170068090395,COMPLETE
63,0.7555817178402513,2026-08-14 09:13:00.039919,2026-08-14 09:14:47.780930,0 days 00:01:47.741011,1,256,0.04609014846635852,512,0.00019967707354106464,0.07717956919316564,1,7.127404148306546e-05,COMPLETE
64,0.7490887163445896,2026-08-14 09:14:47.835642,2026-08-14 09:16:25.907876,0 days 00:01:38.072234,1,256,0.0789822870536869,512,0.00019031062838094755,0.08194991734398616,1,7.961457350450738e-05,COMPLETE
65,0.7472917889930235,2026-08-14 09:16:25.961887,2026-08-14 09:18:08.492811,0 days 00:01:42.530924,1,256,0.037289516321427206,512,0.0001775459319978477,0.0662459111754961,1,6.339086129947442e-05,COMPLETE
66,0.7525136074436876,2026-08-14 09:18:08.545917,2026-08-14 09:19:50.609870,0 days 00:01:42.063953,1,256,0.022252740564721832,512,0.00020485366141535322,0.1015929408962086,1,5.600388813071556e-05,COMPLETE
67,0.7475053274083159,2026-08-14 09:19:50.681150,2026-08-14 09:21:42.591499,0 days 00:01:51.910349,1,256,0.05848667655100427,256,0.0002420939971648804,0.021530052767809275,1,0.00014705429585189247,COMPLETE
68,0.7262132350131381,2026-08-14 09:21:42.653920,2026-08-14 09:23:55.236351,0 days 00:02:12.582431,1,256,0.09886342266038403,32,0.00022296220476510542,0.16128311655768524,1,7.296578837597777e-05,COMPLETE
69,0.7602693995333553,2026-08-14 09:23:55.287259,2026-08-14 09:31:28.257670,0 days 00:07:32.970411,1,32,0.046728189117519796,512,0.00011914011225325311,0.057104690296186644,2,6.678834286562204e-05,COMPLETE
70,0.7502422706708032,2026-08-14 09:31:28.360435,2026-08-14 09:37:10.677828,0 days 00:05:42.317393,2,32,0.012653444755249203,64,0.0001261163715153601,0.13357886923847428,2,6.575271118723108e-05,COMPLETE
71,0.7476744786832787,2026-08-14 09:37:10.733386,2026-08-14 09:50:18.705633,0 days 00:13:07.972247,1,32,0.04287905259044206,256,0.00012251680828057504,0.08860607062958971,2,5.8640735076918654e-05,COMPLETE
72,0.7587394714134352,2026-08-14 09:50:18.763874,2026-08-14 09:58:35.572214,0 days 00:08:16.808340,1,32,0.06761543294051618,512,0.00010065621377938438,0.11788906216355612,2,6.997603505603019e-05,COMPLETE
73,0.7541963753406503,2026-08-14 09:58:35.650499,2026-08-14 10:06:34.660496,0 days 00:07:59.009997,1,32,0.07698410983794185,512,0.00010090630786264575,0.11299479764597466,2,8.329889472450077e-05,COMPLETE
74,0.7570978910804175,2026-08-14 10:06:34.719704,2026-08-14 10:15:05.120435,0 days 00:08:30.400731,1,32,0.06666736879386939,512,8.804066786399787e-05,0.055988160292142444,2,7.055697783818951e-05,COMPLETE
75,0.7546156503775989,2026-08-14 10:15:05.178914,2026-08-14 10:24:10.175157,0 days 00:09:04.996243,1,32,0.08710473334793538,512,8.343035028636042e-05,0.06529030186617034,2,7.037154074498484e-05,COMPLETE
76,0.7595778607526192,2026-08-14 10:24:10.236678,2026-08-14 10:32:50.385239,0 days 00:08:40.148561,1,32,0.11446723850688259,512,9.304515201912591e-05,0.07444411596376602,2,6.11593286599631e-05,COMPLETE
77,0.753115134846001,2026-08-14 10:32:50.438832,2026-08-14 10:41:53.297846,0 days 00:09:02.859014,1,32,0.11477776545424893,512,8.920576965924085e-05,0.05635354679261778,2,6.0590719967338075e-05,COMPLETE
78,,2026-08-14 10:41:53.352906,,,1,32,0.06221460745555496,512,9.764183015349958e-05,0.029453331722778572,2,5.370514686188984e-05,RUNNING
79,0.7531477083466254,2026-08-14 11:02:21.917093,2026-08-14 11:10:03.258206,0 days 00:07:41.341113,1,32,0.09438151231662821,512,0.00011243494256427934,0.041265688294039565,2,5.292411535408127e-05,COMPLETE
80,0.7045225425460597,2026-08-14 11:10:03.334416,2026-08-14 11:17:54.578501,0 days 00:07:51.244085,4,32,0.062495406725663324,64,9.577540364191839e-05,0.09839474662801007,2,7.66003679170012e-05,COMPLETE
81,0.7545798864409066,2026-08-14 11:17:54.655758,2026-08-14 11:27:30.764810,0 days 00:09:36.109052,2,32,0.1423670573259082,256,0.0001060464239139814,0.02908573357586841,2,6.58191211845656e-05,COMPLETE
82,0.7557127762525278,2026-08-14 11:27:30.843602,2026-08-14 11:35:56.789431,0 days 00:08:25.945829,1,32,0.06746661278696356,512,7.575383363321746e-05,0.15212333040331227,2,8.900441434831815e-05,COMPLETE
83,0.7551036187195799,2026-08-14 11:35:56.859767,2026-08-14 11:41:35.570428,0 days 00:05:38.710661,1,32,0.032772934410812506,128,8.326802129056782e-05,0.0483109347648694,2,6.345217642491472e-05,COMPLETE
84,0.7539085987910973,2026-08-14 11:41:35.640504,2026-08-14 11:50:20.810914,0 days 00:08:45.170410,1,32,0.11953674901701905,512,7.332044127884629e-05,0.14717746153326428,2,7.512205738186588e-05,COMPLETE
85,0.7556543487967269,2026-08-14 11:50:20.891383,2026-08-14 11:59:16.947091,0 days 00:08:56.055708,1,32,0.06671026934267754,512,9.417471352131977e-05,0.1233458775598492,2,8.899853290260039e-05,COMPLETE
86,0.7507162074703955,2026-08-14 11:59:17.019963,2026-08-14 12:07:30.153714,0 days 00:08:13.133751,1,32,0.07398263350220119,512,7.743164651436065e-05,0.20294136003170943,2,8.198817856815872e-05,COMPLETE
87,0.7515216693776706,2026-08-14 12:07:30.255536,2026-08-14 12:16:22.079308,0 days 00:08:51.823772,1,32,0.3116626931044254,512,8.758511485179243e-05,0.17345502050530712,2,6.788488205551804e-05,COMPLETE
88,0.7526876664155077,2026-08-14 12:16:22.168570,2026-08-14 12:29:09.722390,0 days 00:12:47.553820,1,32,0.10093960538173022,512,6.669989747224712e-05,0.0746469831465412,2,9.22865749338141e-05,COMPLETE
89,0.7337859648141775,2026-08-14 12:29:09.816792,2026-08-14 12:37:34.192177,0 days 00:08:24.375385,1,32,0.08151460296994202,32,0.0001020921457314761,0.1573672337892442,2,5.746318930189675e-05,COMPLETE
90,0.7501451169529456,2026-08-14 12:37:34.258406,2026-08-14 12:48:33.721605,0 days 00:10:59.463199,1,32,0.04745378594881947,512,0.00011893163277146767,0.11006798920653578,2,7.822617287885033e-05,COMPLETE
91,0.7520341661200222,2026-08-14 12:48:33.809876,2026-08-14 12:55:59.828369,0 days 00:07:26.018493,2,32,0.16307200414453815,64,0.0001344826705815076,0.09135971364339232,2,0.00010517548753435056,COMPLETE
92,0.7460931122174075,2026-08-14 12:55:59.897790,2026-08-14 13:07:41.241097,0 days 00:11:41.343307,1,32,0.06129999552131332,256,0.0001102948908029893,0.1901332446437297,2,9.843022264933575e-05,COMPLETE
93,0.7535956511955207,2026-08-14 13:07:41.313648,2026-08-14 13:18:48.159721,0 days 00:11:06.846073,1,32,0.11932647263814587,512,9.240896197865727e-05,0.1386841550715118,2,8.526728843616073e-05,COMPLETE
94,0.7537071135733151,2026-08-14 13:18:48.302337,2026-08-14 13:29:53.311746,0 days 00:11:05.009409,1,32,0.08632837055329097,512,7.949859438675407e-05,0.1247007588782552,2,9.074561542229274e-05,COMPLETE
95,0.7513979950814809,2026-08-14 13:29:53.390839,2026-08-14 13:41:09.973336,0 days 00:11:16.582497,1,32,0.0685268906542201,512,9.632241816813107e-05,0.11296007333119143,2,8.931185363849222e-05,COMPLETE
