number,value,datetime_start,datetime_complete,duration,params_batch,params_dp,params_lr,params_ls,params_out_c_mult,params_out_ch,params_wd,state
216,0.4171214201906011,2026-08-12 08:01:35.465330,2026-08-12 08:02:22.162269,0 days 00:00:46.696939,64,0.29783823848514307,0.0005209006271898685,0.4075981583694843,1,64,0.0005787470640311402,COMPLETE
217,0.41790632146870554,2026-08-12 08:02:22.241915,2026-08-12 08:03:10.651858,0 days 00:00:48.409943,64,0.16039213472816502,0.0007023063291599196,0.4293817191817088,1,128,0.0004124590394197251,COMPLETE
218,0.4189924657719248,2026-08-12 08:03:10.710428,2026-08-12 08:03:31.941374,0 days 00:00:21.230946,256,0.1684599426117457,0.0007465812251375537,0.3591262267323692,1,32,3.198271148107821e-05,COMPLETE
219,0.41477240923445147,2026-08-12 08:03:32.008486,2026-08-12 08:03:48.938012,0 days 00:00:16.929526,512,0.17957177658297002,0.0005537371246884059,0.41278995536248514,1,128,0.0008266496410537756,COMPLETE
220,0.4215927850614978,2026-08-12 08:03:49.033971,2026-08-12 08:04:08.454620,0 days 00:00:19.420649,512,0.19126241470200803,0.0005325976664553478,0.42012896571108344,1,128,0.0003005338935960041,COMPLETE
221,0.4173743502081181,2026-08-12 08:04:08.533543,2026-08-12 08:04:25.854908,0 days 00:00:17.321365,512,0.19569836788484526,0.0005438047631648711,0.3907131145487031,1,128,0.0010469001505780554,COMPLETE
222,0.417400261493041,2026-08-12 08:04:25.968634,2026-08-12 08:04:44.574879,0 days 00:00:18.606245,512,0.18503211091724225,0.0005860489771961317,0.40313887839620105,1,128,0.0008673163820653791,COMPLETE
223,0.41940240231359466,2026-08-12 08:04:44.644597,2026-08-12 08:05:39.246830,0 days 00:00:54.602233,64,0.18041040952368,0.0005724656990979069,0.41287894457295227,1,128,0.0007890206101743338,COMPLETE
224,0.4122082856573431,2026-08-12 08:05:39.332474,2026-08-12 08:06:08.792079,0 days 00:00:29.459605,128,0.28292285182609633,0.0005607846156823738,0.38121022920138015,1,128,2.1158181415237822e-05,COMPLETE
225,0.4038316053912596,2026-08-12 08:06:08.854594,2026-08-12 08:06:28.093766,0 days 00:00:19.239172,512,0.17159306516134787,0.0004746734469628593,0.3969281815553471,1,64,0.0006662272394132512,COMPLETE
226,0.42763749262115786,2026-08-12 08:06:28.178815,2026-08-12 08:07:18.853424,0 days 00:00:50.674609,64,0.15198933062563963,0.0007319971674587548,0.1282488941738103,1,128,0.001192820523499101,COMPLETE
227,0.41904342106813997,2026-08-12 08:07:18.937075,2026-08-12 08:08:14.624586,0 days 00:00:55.687511,64,0.15325204605103182,0.0007312636708364268,0.12495333079251303,1,256,0.001209257929265583,COMPLETE
228,0.41598654090687404,2026-08-12 08:08:14.732387,2026-08-12 08:09:08.219451,0 days 00:00:53.487064,64,0.14785762034954192,0.0007172581230484177,0.13587584702140207,3,128,0.001342911317201871,COMPLETE
229,0.42071854746323495,2026-08-12 08:09:08.285407,2026-08-12 08:10:00.151333,0 days 00:00:51.865926,64,0.15410698536961928,0.0007775813233313007,0.11474061724854429,1,128,6.439663066440282e-05,COMPLETE
230,0.4222329566725691,2026-08-12 08:10:00.213562,2026-08-12 08:10:55.915920,0 days 00:00:55.702358,64,0.16059779010431244,0.00073215187564894,0.16445427609917407,1,128,0.001120905685000395,COMPLETE
231,0.42111168496523027,2026-08-12 08:10:55.975770,2026-08-12 08:11:53.315771,0 days 00:00:57.340001,64,0.1418035532298005,0.0007081948924985297,0.10344370454127755,1,128,0.0009858179338642365,COMPLETE
232,0.4192774499648304,2026-08-12 08:11:53.384122,2026-08-12 08:12:11.754560,0 days 00:00:18.370438,512,0.17631974732175257,0.0007626937855037699,0.287735565759096,1,128,0.0012043155692181855,COMPLETE
233,0.4217401597616284,2026-08-12 08:12:11.819424,2026-08-12 08:12:41.843822,0 days 00:00:30.024398,256,0.32043760631130974,0.0006148068843316324,0.12774979365171207,1,512,0.0002074245994868874,COMPLETE
234,0.4253729145411277,2026-08-12 08:12:41.914897,2026-08-12 08:13:56.182029,0 days 00:01:14.267132,512,0.1866429357796255,0.0006755229715671707,0.36594930288722294,1,256,0.0009065491771751328,COMPLETE
235,0.4161990782629404,2026-08-12 08:13:56.237459,2026-08-12 08:17:57.826494,0 days 00:04:01.589035,64,0.14991225397588356,0.0006856367841792237,0.37173537421515634,1,256,0.0009439521084441495,COMPLETE
