number,value,datetime_start,datetime_complete,duration,params_batch,params_dp,params_lr,params_ls,params_out_c_mult,params_out_ch,params_wd,state
108,0.41970301057605963,2026-08-12 07:14:45.312900,2026-08-12 07:15:27.346974,0 days 00:00:42.034074,64,0.17028780770418273,0.0005913920686544695,0.0984664332526314,1,256,0.0010693626169170584,COMPLETE
109,0.4234738022264263,2026-08-12 07:15:27.417809,2026-08-12 07:16:14.007942,0 days 00:00:46.590133,64,0.15420965029150074,0.0006052031695837431,0.12710592409126045,1,256,0.0012995481729157585,COMPLETE
110,0.41297684058095746,2026-08-12 07:16:14.070146,2026-08-12 07:16:59.351226,0 days 00:00:45.281080,64,0.18158030875050007,0.0006928584680759947,0.0714310926743381,1,256,0.0007943279458465899,COMPLETE
111,0.4198455733235209,2026-08-12 07:16:59.413154,2026-08-12 07:17:48.010763,0 days 00:00:48.597609,64,0.15895774262731724,0.0005592551946513601,0.05855299652521691,1,256,0.0008859057715783966,COMPLETE
112,0.4164836448765131,2026-08-12 07:17:48.082290,2026-08-12 07:18:33.960228,0 days 00:00:45.877938,64,0.1497796373715661,0.0004256762835550351,0.23260896731043954,1,256,0.0018882771407827221,COMPLETE
113,0.4226202344695798,2026-08-12 07:18:34.020057,2026-08-12 07:18:46.909130,0 days 00:00:12.889073,512,0.2521826763409555,0.0003827826428656883,0.04308956586542046,1,256,0.00014411614955254864,COMPLETE
114,0.4163720642702796,2026-08-12 07:18:46.980709,2026-08-12 07:18:59.790951,0 days 00:00:12.810242,512,0.2728412912212485,0.00037092238010472703,0.011702720102518313,3,32,0.00016432211059710727,COMPLETE
115,0.41948725594002256,2026-08-12 07:18:59.845037,2026-08-12 07:19:12.783412,0 days 00:00:12.938375,512,0.2503524217317463,0.00039498449459005904,0.06515396852907361,1,256,0.00020386120735289368,COMPLETE
116,0.41756408334709133,2026-08-12 07:19:12.837718,2026-08-12 07:19:27.971156,0 days 00:00:15.133438,512,0.31301542773680546,0.00029766871807087973,0.1246689049481263,1,128,0.00013298086532179855,COMPLETE
117,0.4141219593399938,2026-08-12 07:19:28.029750,2026-08-12 07:19:40.361580,0 days 00:00:12.331830,512,0.33432708265883804,0.0005243226588433643,0.030519649577796418,2,256,9.271346172797194e-05,COMPLETE
118,0.4183152840994535,2026-08-12 07:19:40.414381,2026-08-12 07:19:53.540920,0 days 00:00:13.126539,512,0.2081630382595197,0.00018419549708089707,0.04883568709313774,1,256,0.0005915085173251286,COMPLETE
119,0.4241388083014767,2026-08-12 07:19:53.607346,2026-08-12 07:20:38.510304,0 days 00:00:44.902958,64,0.24095567327729236,0.0007525666541104927,0.3975367655453972,1,256,0.0010822743751496544,COMPLETE
120,0.41864448591995446,2026-08-12 07:20:38.556403,2026-08-12 07:21:22.552534,0 days 00:00:43.996131,64,0.23710187443800843,0.0007535061078412188,0.3960707604468849,1,256,0.001424491117518539,COMPLETE
121,0.41479008859497385,2026-08-12 07:21:22.619219,2026-08-12 07:21:36.327342,0 days 00:00:13.708123,512,0.2599286180140764,0.00047682376399360744,0.36537959203772524,1,256,5.713190849414812e-05,COMPLETE
122,0.42249643381998453,2026-08-12 07:21:36.388905,2026-08-12 07:21:48.533382,0 days 00:00:12.144477,512,0.2886549343591914,0.0006554329867751493,0.08805568503311258,1,256,0.00034381341423901386,COMPLETE
123,0.4168630520720462,2026-08-12 07:21:48.582742,2026-08-12 07:22:31.052322,0 days 00:00:42.469580,64,0.24454615440167107,0.00026223544530986444,0.03474749058327968,1,128,2.2476339198838318e-05,COMPLETE
124,0.41212832485498035,2026-08-12 07:22:31.111154,2026-08-12 07:22:44.325668,0 days 00:00:13.214514,512,0.21795353085531086,0.0006140224748939762,0.30181003624892544,1,512,1.019574630661627e-05,COMPLETE
125,0.41650704805369243,2026-08-12 07:22:44.375668,2026-08-12 07:23:11.622084,0 days 00:00:27.246416,128,0.19464231566441687,0.0006941005002789541,0.015789555195327955,1,32,2.644546496419842e-05,COMPLETE
126,0.4194835787398857,2026-08-12 07:23:11.714824,2026-08-12 07:23:59.462133,0 days 00:00:47.747309,64,0.2264621682334501,0.0003330877480075118,0.4160026574459265,3,256,0.0011349063691212325,COMPLETE
127,,2026-08-12 07:23:59.522718,2026-08-12 07:24:01.643243,0 days 00:00:02.120525,512,0.18563056107728865,0.0007655396907614692,0.3741606952609439,1,128,8.135302537296717e-05,FAIL
128,0.4169053137686788,2026-08-12 07:27:06.447502,2026-08-12 07:27:19.006342,0 days 00:00:12.558840,512,0.15471657688462134,0.0008505894402694458,0.38566355296097604,1,128,0.0008398800585202665,COMPLETE
129,0.4172445033781096,2026-08-12 07:27:19.070724,2026-08-12 07:27:33.611721,0 days 00:00:14.540997,512,0.29781215187699506,0.0006507219398100156,0.07733700517491811,1,256,0.00032927710330674537,COMPLETE
130,0.4188793547716754,2026-08-12 07:27:33.666621,2026-08-12 07:27:47.030893,0 days 00:00:13.364272,512,0.2665148543655228,0.0005705147629032105,0.13833963739373628,1,256,0.0011740280034349324,COMPLETE
131,0.4116408810667508,2026-08-12 07:27:47.091224,2026-08-12 07:28:00.649436,0 days 00:00:13.558212,512,0.2797674612670107,0.0008252151352151532,0.0970427915605367,1,256,0.0012731397464216744,COMPLETE
132,0.41556652923132553,2026-08-12 07:28:00.706341,2026-08-12 07:28:14.490045,0 days 00:00:13.783704,512,0.23154722800377753,0.000625267529354089,0.08513453078805289,1,256,0.0010130839017558494,COMPLETE
133,0.41897726447143163,2026-08-12 07:28:14.551033,2026-08-12 07:28:28.807051,0 days 00:00:14.256018,512,0.25268393302367254,0.0006187498024958684,0.11877569055493767,2,256,0.0001406367927962572,COMPLETE
134,0.4236668136179515,2026-08-12 07:28:28.863921,2026-08-12 07:29:12.328365,0 days 00:00:43.464444,64,0.17475015058744936,0.0007695217545987076,0.10529078235790727,1,64,0.00022692946535272677,COMPLETE
135,0.42706248558186743,2026-08-12 07:29:12.396744,2026-08-12 07:29:48.815438,0 days 00:00:36.418694,64,0.1649197905002513,0.0008197709427864575,0.10879767789353179,1,64,0.00022526888057010044,COMPLETE
136,0.4190931838124662,2026-08-12 07:29:48.888506,2026-08-12 07:30:30.229224,0 days 00:00:41.340718,64,0.16626836472049888,0.000774089449305218,0.10640491321081615,1,64,0.00011469333133091576,COMPLETE
137,0.4201187633002407,2026-08-12 07:30:30.292052,2026-08-12 07:31:11.221007,0 days 00:00:40.928955,64,0.17659576655804451,0.0008313627028000444,0.3965130633750308,1,64,0.0011074705044882914,COMPLETE
138,0.4213749148634448,2026-08-12 07:31:11.280879,2026-08-12 07:31:52.257898,0 days 00:00:40.977019,64,0.15542663254044303,0.0009278606658313408,0.1561937363995586,3,64,0.00028670413565620446,COMPLETE
139,0.4207387949845097,2026-08-12 07:31:52.315865,2026-08-12 07:32:31.467851,0 days 00:00:39.151986,64,0.17312368547533305,0.0007672113671483981,0.42189445643904383,1,64,0.00017757501735628554,COMPLETE
140,0.42062834464982707,2026-08-12 07:32:31.559446,2026-08-12 07:33:11.606849,0 days 00:00:40.047403,64,0.18396853642354688,0.0008131326531176166,0.10496124252563241,1,64,3.623589119260166e-05,COMPLETE
141,0.42181896756591025,2026-08-12 07:33:11.668732,2026-08-12 07:33:53.863642,0 days 00:00:42.194910,64,0.16506534524726274,0.0008757094693306196,0.37740568059025503,1,64,0.0002457627851280898,COMPLETE
142,0.4106235382013484,2026-08-12 07:33:53.925383,2026-08-12 07:34:35.038729,0 days 00:00:41.113346,64,0.18899782466688464,0.0007225592206665501,0.12026457647320948,1,64,0.0009055443765224715,COMPLETE
143,0.41704459832717555,2026-08-12 07:34:35.094411,2026-08-12 07:35:15.300900,0 days 00:00:40.206489,64,0.2425491174241765,0.0007092103671223999,0.1385514635058229,1,64,0.0002321099858372852,COMPLETE
144,0.41203667841938957,2026-08-12 07:35:15.357362,2026-08-12 07:35:40.283323,0 days 00:00:24.925961,128,0.16851873374166096,0.0005476643669611436,0.40871549111670513,1,128,0.00018627224505712514,COMPLETE
145,0.41628827308834077,2026-08-12 07:35:40.342140,2026-08-12 07:36:18.129208,0 days 00:00:37.787068,64,0.14670405677873213,0.0007588775138426421,0.42368337850595617,2,128,7.474820780584715e-05,COMPLETE
146,0.42057010976718623,2026-08-12 07:36:18.234354,2026-08-12 07:37:03.263802,0 days 00:00:45.029448,64,0.18454604858437604,0.0008641728462317484,0.11236617029784983,1,32,0.0004042700589391881,COMPLETE
147,0.4101338624781706,2026-08-12 07:37:03.318804,2026-08-12 07:37:18.270972,0 days 00:00:14.952168,256,0.17471747336074808,0.0007850457679391148,0.06703740982105516,1,128,0.00015156229396468722,COMPLETE
148,0.42112722901830274,2026-08-12 07:37:18.328978,2026-08-12 07:37:59.670457,0 days 00:00:41.341479,64,0.15589931435339227,0.0007388979580024745,0.17680972278765067,1,64,0.0007408980030472454,COMPLETE
149,0.4158597158925208,2026-08-12 07:37:59.731289,2026-08-12 07:38:13.311556,0 days 00:00:13.580267,512,0.16163061162171571,0.000656269440184852,0.08953169399519748,1,256,0.0003359048472440242,COMPLETE
150,0.409748051924408,2026-08-12 07:38:13.388833,2026-08-12 07:38:26.225471,0 days 00:00:12.836638,512,0.24553687343384376,0.0006803602400645991,0.0533443749518776,1,256,0.0013303096692565697,COMPLETE
151,0.4111340822246771,2026-08-12 07:38:26.284771,2026-08-12 07:38:37.973564,0 days 00:00:11.688793,512,0.25712085656766515,0.0005761157623002536,0.2777528606138936,1,256,0.00022541151133297844,COMPLETE
152,0.41963471947320263,2026-08-12 07:38:38.059722,2026-08-12 07:39:05.740379,0 days 00:00:27.680657,128,0.2901175544360782,0.0005292814027695006,0.08936834894396878,1,128,0.00028715676140474085,COMPLETE
153,0.4264995759825432,2026-08-12 07:39:05.798868,2026-08-12 07:39:17.979732,0 days 00:00:12.180864,512,0.14979939365373166,0.0005064409510390019,0.39889315738282316,1,256,0.0006039758843166922,COMPLETE
154,0.40875173460299025,2026-08-12 07:39:18.039051,2026-08-12 07:39:58.931901,0 days 00:00:40.892850,64,0.15199691276579508,0.0004963119191514061,0.43442863749695054,1,512,0.0005471200556480477,COMPLETE
155,0.4132642036139183,2026-08-12 07:39:58.985201,2026-08-12 07:40:13.114690,0 days 00:00:14.129489,256,0.13951384950280105,0.0005125764880358588,0.39612055985262706,1,128,0.00010785267538338047,COMPLETE
156,0.41626844916161543,2026-08-12 07:40:13.172619,2026-08-12 07:40:27.509635,0 days 00:00:14.337016,512,0.17810593663128169,0.0005391930997441667,0.2592443190686851,3,256,0.0010046317998253557,COMPLETE
157,0.41647870309288904,2026-08-12 07:40:27.578698,2026-08-12 07:41:08.669974,0 days 00:00:41.091276,64,0.16246193925756308,0.0007148089755791889,0.4151407090859879,2,32,0.0008617953938494924,COMPLETE
158,0.41664367943835073,2026-08-12 07:41:08.738818,2026-08-12 07:41:21.798861,0 days 00:00:13.060043,512,0.16979028038508492,0.0005906415446791578,0.37263409506361694,1,256,8.47855215762188e-05,COMPLETE
159,0.42227576282667234,2026-08-12 07:41:21.861837,2026-08-12 07:41:33.177490,0 days 00:00:11.315653,512,0.3161658023526799,0.0006683580315922207,0.4001319618396881,1,256,0.0006299545850967284,COMPLETE
160,0.42014800741988473,2026-08-12 07:41:33.235167,2026-08-12 07:41:46.648025,0 days 00:00:13.412858,512,0.14344430224287075,0.0006920580707740249,0.38526637013751786,1,256,2.9042881427262227e-05,COMPLETE
161,0.4208303090056459,2026-08-12 07:41:46.717161,2026-08-12 07:41:59.895600,0 days 00:00:13.178439,512,0.15169766246082156,0.0005568329980179381,0.08206159864403073,1,256,0.0007411522482981061,COMPLETE
162,0.4159066907601292,2026-08-12 07:41:59.961684,2026-08-12 07:42:12.311697,0 days 00:00:12.350013,512,0.16012374301263937,0.0005038964154441271,0.23603205201879898,1,256,0.0004765489426044806,COMPLETE
163,0.42342906386468565,2026-08-12 07:42:12.374880,2026-08-12 07:42:24.565277,0 days 00:00:12.190397,512,0.30889209497352965,0.000736359165238844,0.35944405649488265,1,128,1.9492857676283557e-05,COMPLETE
164,0.40976085769843196,2026-08-12 07:42:24.633555,2026-08-12 07:42:40.366141,0 days 00:00:15.732586,256,0.3082331882641346,0.0007421773398630694,0.35562587980116256,1,128,1.5752731628588365e-05,COMPLETE
165,0.42163114730287193,2026-08-12 07:42:40.429233,2026-08-12 07:43:20.096091,0 days 00:00:39.666858,64,0.16518748536153957,0.0007949491343285134,0.36886125715475687,1,128,1.9887624489264003e-05,COMPLETE
166,0.41908808177111223,2026-08-12 07:43:20.155064,2026-08-12 07:43:35.657131,0 days 00:00:15.502067,512,0.1790756060181493,0.0005298755252965757,0.1878893141176628,1,128,0.001227858005307775,COMPLETE
167,0.41400199494934775,2026-08-12 07:43:35.718380,2026-08-12 07:44:00.859155,0 days 00:00:25.140775,128,0.1864788067031356,0.000771968351183439,0.3398314383609759,1,128,2.276325567023615e-05,COMPLETE
168,0.4121687721414593,2026-08-12 07:44:00.924817,2026-08-12 07:44:15.556659,0 days 00:00:14.631842,512,0.2334956676425224,0.0007089034168872856,0.36143246577848726,3,128,0.0010655519490885348,COMPLETE
169,0.4223793270909472,2026-08-12 07:44:15.620646,2026-08-12 07:44:27.819846,0 days 00:00:12.199200,512,0.29797579546986785,0.0007540895668914419,0.09672297908727298,1,256,0.000375094375770972,COMPLETE
170,0.4085402953884561,2026-08-12 07:44:27.893045,2026-08-12 07:44:40.329756,0 days 00:00:12.436711,512,0.3240416587034537,0.0006842173749654682,0.4064959471632552,1,256,1.758376616810199e-05,COMPLETE
171,0.4117631952500742,2026-08-12 07:44:40.414414,2026-08-12 07:44:51.735945,0 days 00:00:11.321531,512,0.31805603910813146,0.0007236126524805586,0.3824198504027347,1,64,0.0009286445384476172,COMPLETE
172,0.4195930109058349,2026-08-12 07:44:51.799979,2026-08-12 07:45:04.332384,0 days 00:00:12.532405,512,0.3106456503466289,0.0008101872049544656,0.20552271638533237,1,128,2.6912571677345845e-05,COMPLETE
173,0.42157787118825174,2026-08-12 07:45:04.406151,2026-08-12 07:45:45.290242,0 days 00:00:40.884091,64,0.33006404943841405,0.000654995968974808,0.04090655240969583,1,256,0.00020685006008846446,COMPLETE
174,0.41210643122552226,2026-08-12 07:45:45.350472,2026-08-12 07:45:57.191207,0 days 00:00:11.840735,512,0.24975699787560796,0.0006422677501126716,0.3294394377588276,1,128,3.2526872384255174e-05,COMPLETE
175,0.4218389113320447,2026-08-12 07:45:57.254034,2026-08-12 07:46:09.111305,0 days 00:00:11.857271,512,0.30188023011875875,0.0005707479538680987,0.38955121203570525,1,256,0.0012513790856617446,COMPLETE
176,0.4184323514386821,2026-08-12 07:46:09.175638,2026-08-12 07:46:52.775759,0 days 00:00:43.600121,64,0.14759193477385268,0.0006031236774222741,0.3504815692958449,2,32,0.00026754460117621036,COMPLETE
177,0.41792454602862855,2026-08-12 07:46:52.832419,2026-08-12 07:47:10.354650,0 days 00:00:17.522231,256,0.17276170813836808,0.0007014640124678465,0.10865296330707601,1,64,4.523596504566034e-05,COMPLETE
178,0.4250101181918076,2026-08-12 07:47:10.421893,2026-08-12 07:47:21.968586,0 days 00:00:11.546693,512,0.28796689811980675,0.0007360192785375913,0.41138633583042344,1,256,0.0001881068681036218,COMPLETE
179,0.4177144418379888,2026-08-12 07:47:22.034914,2026-08-12 07:47:33.236810,0 days 00:00:11.201896,512,0.28383086961513415,0.0007544590236402171,0.41407216932671337,1,256,0.000186588317788009,COMPLETE
180,0.42773085625540297,2026-08-12 07:47:33.303403,2026-08-12 07:47:45.521826,0 days 00:00:12.218423,512,0.29346761726617043,0.0007297747509706949,0.42736297306678356,1,256,0.00016357322538998245,COMPLETE
181,0.412554528310565,2026-08-12 07:47:45.592423,2026-08-12 07:47:56.677643,0 days 00:00:11.085220,512,0.29191503008923136,0.0007330397365089908,0.4402731436319995,1,256,0.00014962467057686975,COMPLETE
182,0.40729435152940313,2026-08-12 07:47:56.735981,2026-08-12 07:48:08.488495,0 days 00:00:11.752514,512,0.24076378228606182,0.0007759338272277817,0.4257456779958208,1,256,0.00016248504993472202,COMPLETE
183,0.4210162385305788,2026-08-12 07:48:08.581048,2026-08-12 07:48:21.295927,0 days 00:00:12.714879,512,0.27586534270720686,0.00073851466522464,0.41938394827176406,1,256,0.0001276038669790733,COMPLETE
184,0.41782378585943575,2026-08-12 07:48:21.367290,2026-08-12 07:48:57.752165,0 days 00:00:36.384875,64,0.3031734580602693,0.0007118785756185468,0.43490143903331907,1,128,0.00019121578301637323,COMPLETE
185,0.40818123627001,2026-08-12 07:48:57.814515,2026-08-12 07:49:10.310974,0 days 00:00:12.496459,512,0.19244232503518408,0.0007586646823677265,0.40756981092727507,1,256,0.000229698062311471,COMPLETE
186,0.4243087640715333,2026-08-12 07:49:10.370653,2026-08-12 07:49:34.178763,0 days 00:00:23.808110,128,0.1549974025594726,0.0007207239599132197,0.40021010873972934,1,128,0.00017688266139159446,COMPLETE
187,0.416645226984847,2026-08-12 07:49:34.238272,2026-08-12 07:49:57.385762,0 days 00:00:23.147490,128,0.15732889410320908,0.0007208362457719538,0.39993065272006695,3,128,0.00016995582799561162,COMPLETE
188,0.42028677156701433,2026-08-12 07:49:57.449631,2026-08-12 07:50:22.910965,0 days 00:00:25.461334,128,0.19960632673098322,0.0004548892812463382,0.22224701325801174,1,128,1.3583476333737948e-05,COMPLETE
189,0.4215791865386841,2026-08-12 07:50:22.975106,2026-08-12 07:50:46.964570,0 days 00:00:23.989464,128,0.15327298127946717,0.0007383837172301301,0.37629066149280493,1,128,0.00021886921356661674,COMPLETE
190,0.4169372568335249,2026-08-12 07:50:47.032037,2026-08-12 07:51:11.633493,0 days 00:00:24.601456,128,0.2658180772392592,0.0005431154140118201,0.3945334054770147,1,128,0.00014512943471868458,COMPLETE
191,0.4155542981514633,2026-08-12 07:51:11.703992,2026-08-12 07:51:34.269406,0 days 00:00:22.565414,128,0.14510252117113073,0.0007044842362805818,0.4253727991575075,1,128,0.00011780414407373535,COMPLETE
192,0.41972816868719753,2026-08-12 07:51:34.332002,2026-08-12 07:52:14.010356,0 days 00:00:39.678354,64,0.1652080484234124,0.0006781348652751279,0.41604041485349774,1,256,0.0001770874635996386,COMPLETE
193,0.41030168743655165,2026-08-12 07:52:14.078740,2026-08-12 07:52:33.759507,0 days 00:00:19.680767,256,0.17015965575854172,0.00048333761114102784,0.13097269994233157,1,512,2.469720361007298e-05,COMPLETE
194,0.4176252575235597,2026-08-12 07:52:33.846209,2026-08-12 07:52:46.240861,0 days 00:00:12.394652,512,0.1585859495511873,0.0008951904711616655,0.40205326549197956,1,64,0.00013518597304666146,COMPLETE
195,0.41424119314449825,2026-08-12 07:52:46.331808,2026-08-12 07:53:38.080440,0 days 00:00:51.748632,64,0.14972489686414606,0.0007894036647449541,0.29230144375074996,2,256,3.7917769848431277e-05,COMPLETE
196,0.4137122772384846,2026-08-12 07:53:38.150850,2026-08-12 07:53:55.671414,0 days 00:00:17.520564,512,0.2545621159508306,0.0007270773072231788,0.38987087554342303,1,128,0.0013238104130786571,COMPLETE
197,0.4173283048950704,2026-08-12 07:53:55.737258,2026-08-12 07:54:53.288849,0 days 00:00:57.551591,64,0.13234581186792801,0.0007622536749431967,0.4077135086756837,1,32,0.0011549764237142016,COMPLETE
198,0.4200491451568318,2026-08-12 07:54:53.341226,2026-08-12 07:55:30.457730,0 days 00:00:37.116504,128,0.13971652342578844,0.0008274296725604345,0.4326789068611276,1,256,0.00019670670513424136,COMPLETE
199,0.42439904558739455,2026-08-12 07:55:30.523873,2026-08-12 07:55:48.447342,0 days 00:00:17.923469,512,0.2853299526806579,0.0006871451323877307,0.11762318336473428,1,256,0.00041286731297418317,COMPLETE
200,0.40433408277014443,2026-08-12 07:55:48.518653,2026-08-12 07:56:09.072155,0 days 00:00:20.553502,512,0.2774085767845393,0.0007164548563661518,0.11034434646447362,1,256,0.0010221248685961725,COMPLETE
201,0.4194884311790691,2026-08-12 07:56:09.126841,2026-08-12 07:56:29.117680,0 days 00:00:19.990839,512,0.2867764842556952,0.0006942003969966208,0.11896311116163745,1,256,0.0005193445811456613,COMPLETE
202,0.4178450823525353,2026-08-12 07:56:29.190726,2026-08-12 07:56:46.314969,0 days 00:00:17.124243,512,0.29469135809911795,0.0005137740668961384,0.1440390466880367,1,256,0.00015836718933139865,COMPLETE
203,0.4157780348987665,2026-08-12 07:56:46.382842,2026-08-12 07:57:02.605671,0 days 00:00:16.222829,512,0.30715998301771047,0.0005312621459924912,0.38033736711924704,1,256,0.0002525189322356907,COMPLETE
204,0.4226620402362557,2026-08-12 07:57:02.672478,2026-08-12 07:57:19.898869,0 days 00:00:17.226391,512,0.18030567222116037,0.0005571835886030347,0.4131985136409167,1,128,0.0008210406697347374,COMPLETE
205,0.42460492259127114,2026-08-12 07:57:19.969091,2026-08-12 07:57:43.722138,0 days 00:00:23.753047,256,0.18077888971373124,0.0005561085828484763,0.3166798957274994,1,128,0.0009134919994864287,COMPLETE
206,0.41995060463427336,2026-08-12 07:57:43.777100,2026-08-12 07:58:05.018022,0 days 00:00:21.240922,256,0.17350156717087736,0.0005489783954303141,0.37118383670677557,1,128,0.00094100864528246,COMPLETE
207,0.4134661028662932,2026-08-12 07:58:05.114568,2026-08-12 07:58:27.059716,0 days 00:00:21.945148,256,0.3156884982119015,0.0007459163718893876,0.31589564875226,3,128,0.0011121815880385652,COMPLETE
208,0.4214329480096813,2026-08-12 07:58:27.149731,2026-08-12 07:58:50.308246,0 days 00:00:23.158515,256,0.18228377535258247,0.0006834712787792274,0.3449441365218699,1,128,2.8508038769077296e-05,COMPLETE
209,0.4134039974403706,2026-08-12 07:58:50.363533,2026-08-12 07:59:12.263599,0 days 00:00:21.900066,256,0.1775033746195223,0.0005533897900000032,0.4223279159865034,1,128,0.0008225842031583782,COMPLETE
210,0.4264006278486495,2026-08-12 07:59:12.328230,2026-08-12 07:59:33.785669,0 days 00:00:21.457439,256,0.189086078175737,0.0005705090653358304,0.4012810799892542,1,128,0.000806196033201051,COMPLETE
211,0.4177659716018659,2026-08-12 07:59:33.860539,2026-08-12 07:59:58.022456,0 days 00:00:24.161917,256,0.18676425570121893,0.0005781431223675611,0.38808221006931976,1,128,0.0006345114155135416,COMPLETE
212,0.4205215548880986,2026-08-12 07:59:58.097109,2026-08-12 08:00:20.985166,0 days 00:00:22.888057,256,0.1897656563983816,0.000986148601611358,0.3069980756383873,1,128,0.0007482243357298721,COMPLETE
213,0.41728872382933135,2026-08-12 08:00:21.050653,2026-08-12 08:00:44.631835,0 days 00:00:23.581182,256,0.18251552476804297,0.0005662193329223312,0.3996001817715639,1,128,0.0008911144028321666,COMPLETE
214,0.41770112816233,2026-08-12 08:00:44.720841,2026-08-12 08:01:10.303111,0 days 00:00:25.582270,256,0.175959136494789,0.0005953069919185705,0.2664393512740169,1,128,0.0009836009728310133,COMPLETE
215,0.4156045794986264,2026-08-12 08:01:10.375930,2026-08-12 08:01:35.396622,0 days 00:00:25.020692,256,0.1655423277808056,0.0005791136958347979,0.44019278538140155,2,128,0.0007128765190600214,COMPLETE
