number,value,datetime_start,datetime_complete,duration,params_batch,params_dp,params_lr,params_ls,params_out_c_mult,params_out_ch,params_wd,state
0,,2026-08-12 06:11:12.884186,2026-08-12 06:11:18.854315,0 days 00:00:05.970129,512,0.14364644264365733,0.0011903388009779892,0.15162590211995775,3,64,5.5091750964294443e-05,FAIL
1,0.33394593923640387,2026-08-12 06:14:31.144031,2026-08-12 06:14:57.880165,0 days 00:00:26.736134,512,0.49587446923258705,0.000260666924465646,0.18118944141562887,3,512,0.002344896786746871,COMPLETE
2,0.3683180774977854,2026-08-12 06:14:58.007883,2026-08-12 06:16:33.345495,0 days 00:01:35.337612,128,0.22725974505131752,5.2530163644171666e-05,0.5393121310202638,1,256,0.0025555107080434364,COMPLETE
3,0.334123373474536,2026-08-12 06:16:33.399584,2026-08-12 06:16:56.778367,0 days 00:00:23.378783,512,0.07137443265334098,7.502305037333298e-05,0.7358366164707568,2,512,6.547789497528272e-05,COMPLETE
4,0.29002235993382663,2026-08-12 06:16:56.838331,2026-08-12 06:17:19.177353,0 days 00:00:22.339022,256,0.768854933831119,9.12687680852616e-05,0.7346692306704609,1,512,1.371597825630454e-05,COMPLETE
5,,2026-08-12 06:17:19.232191,2026-08-12 06:17:30.329500,0 days 00:00:11.097309,256,0.9039394957462881,0.00016163651509186849,0.09463891446578365,1,32,1.2754932267631167e-05,FAIL
6,0.3748115676636293,2026-08-12 06:17:41.447592,2026-08-12 06:18:23.503126,0 days 00:00:42.055534,128,0.30507722201998416,0.0007763159112290392,0.1322521336623273,1,256,3.3526841809411956e-05,COMPLETE
7,0.4182776458957151,2026-08-12 06:18:23.570248,2026-08-12 06:19:41.712928,0 days 00:01:18.142680,64,0.011288669964883369,0.0001904355801717969,0.2672542144968055,3,256,3.318275489285035e-05,COMPLETE
8,0.42173025950060317,2026-08-12 06:19:41.770954,2026-08-12 06:20:39.631837,0 days 00:00:57.860883,64,0.29552589582542577,0.0007582645692331876,0.11323300633962352,3,32,0.00020690811290477316,COMPLETE
9,0.3635667664983588,2026-08-12 06:20:39.686102,2026-08-12 06:21:21.072819,0 days 00:00:41.386717,128,0.48419129670048017,0.00023438471408796584,0.3432711273698486,1,512,2.4987097925940167e-05,COMPLETE
10,0.31387825107706296,2026-08-12 06:21:21.121841,2026-08-12 06:21:37.487445,0 days 00:00:16.365604,512,0.07536929085104682,7.850215602503802e-05,0.22832891139027356,1,256,0.0027216311278875725,COMPLETE
11,,2026-08-12 06:21:37.554533,2026-08-12 06:21:43.031322,0 days 00:00:05.476789,256,0.297412248040644,0.00022999497376058767,0.12806268195036064,2,64,6.003046022546545e-05,FAIL
12,0.40563708238879265,2026-08-12 06:21:50.428164,2026-08-12 06:22:11.898605,0 days 00:00:21.470441,512,0.44524732440170894,0.00017096862712226145,0.05696187565473376,3,64,7.498150495543408e-05,COMPLETE
13,0.41830820386276313,2026-08-12 06:22:11.946411,2026-08-12 06:23:14.025910,0 days 00:01:02.079499,64,0.22665374119099674,0.0007855031734671456,0.06011724491110523,2,32,0.0005047046444756857,COMPLETE
14,0.4192655359274891,2026-08-12 06:23:14.077363,2026-08-12 06:24:23.806750,0 days 00:01:09.729387,64,0.2568966800170487,0.0007926698669925507,0.010763034375132416,2,32,0.0004461485242321337,COMPLETE
15,,2026-08-12 06:24:23.859903,2026-08-12 06:25:02.771898,0 days 00:00:38.911995,64,0.30259282210483684,0.0004687518037006103,0.0008648910869736293,2,32,0.0003411565751284512,FAIL
16,0.41769420379794764,2026-08-12 06:25:09.622550,2026-08-12 06:26:28.040470,0 days 00:01:18.417920,64,0.3061783400144951,0.0004461740907087978,0.026924229548620036,2,32,0.000313167661561741,COMPLETE
17,0.41344397852908604,2026-08-12 06:26:28.099817,2026-08-12 06:27:44.763468,0 days 00:01:16.663651,64,0.22212876325959222,0.0004812997768687374,0.11690494274405797,2,128,0.0003865265229304303,COMPLETE
18,,2026-08-12 06:27:44.845473,2026-08-12 06:27:53.915200,0 days 00:00:09.069727,64,0.32909427474842057,0.0005212199198208217,0.0032714866788371086,3,32,0.00017415743711315704,FAIL
19,0.4190574235999538,2026-08-12 06:27:58.860367,2026-08-12 06:29:32.892817,0 days 00:01:34.032450,64,0.32647922796318785,0.0005057013096589446,0.0033463373824270818,3,32,0.00017488261647620145,COMPLETE
20,0.41482161354222025,2026-08-12 06:29:32.946630,2026-08-12 06:30:24.799835,0 days 00:00:51.853205,256,0.16253225811682964,0.000584332544803641,0.11076956408750793,2,32,0.0009085094713213192,COMPLETE
21,0.41733421192429665,2026-08-12 06:30:24.874566,2026-08-12 06:31:44.012939,0 days 00:01:19.138373,64,0.39890689440797156,0.0003424010836949585,0.19534462298733274,3,32,0.00012094746943523806,COMPLETE
22,0.4180860566754653,2026-08-12 06:31:44.065993,2026-08-12 06:33:09.436096,0 days 00:01:25.370103,64,0.3620950834764168,0.0006688627267971372,0.07980518879537533,3,64,0.0008087941272621536,COMPLETE
23,0.41751454447522285,2026-08-12 06:33:09.490902,2026-08-12 06:34:40.389463,0 days 00:01:30.898561,64,0.2712259697063238,0.00035840974660638356,0.29824746881365993,2,128,0.00020100724459348206,COMPLETE
24,0.4136172522124727,2026-08-12 06:34:40.444769,2026-08-12 06:35:31.816407,0 days 00:00:51.371638,256,0.16749604206393504,0.0003826517163701099,0.1502960625790526,2,32,0.0006892743699820152,COMPLETE
25,0.4240223727081751,2026-08-12 06:35:31.870008,2026-08-12 06:36:59.967405,0 days 00:01:28.097397,64,0.1577807846331552,0.0005605368662220438,0.08024785159643093,3,32,0.0013719676081360155,COMPLETE
26,0.4200010541971998,2026-08-12 06:37:00.041146,2026-08-12 06:38:28.237270,0 days 00:01:28.196124,64,0.15067424073420718,0.0006034326288777778,0.07893125228927715,3,32,0.0014203105372316489,COMPLETE
27,0.4205361478877541,2026-08-12 06:38:28.286889,2026-08-12 06:39:52.166666,0 days 00:01:23.879777,64,0.1254725753991741,0.0005597778441599174,0.08582002711844466,3,32,0.0014342240570634677,COMPLETE
28,,2026-08-12 06:39:52.228876,2026-08-12 06:40:50.400581,0 days 00:00:58.171705,64,0.10377003775524085,0.0005562277760614609,0.16728431886423908,3,32,0.0014467241685139427,FAIL
29,0.4180424665665011,2026-08-12 06:41:03.909535,2026-08-12 06:41:57.244134,0 days 00:00:53.334599,64,0.10851821245780863,0.0005614156770767676,0.17022171435388017,3,32,0.0013275881153731338,COMPLETE
30,0.4202561881059552,2026-08-12 06:41:57.302403,2026-08-12 06:43:17.513629,0 days 00:01:20.211226,64,0.11171318166843372,0.0002876054881853435,0.10062033841723642,3,32,0.0013988129578144954,COMPLETE
31,,2026-08-12 06:43:17.563444,2026-08-12 06:44:03.142593,0 days 00:00:45.579149,64,0.029612486658482193,0.00041803671725862055,0.21856620519104913,3,64,0.00025087208759094634,FAIL
32,0.419916438659228,2026-08-12 06:44:10.415178,2026-08-12 06:44:51.484913,0 days 00:00:41.069735,64,0.010548370506725052,0.00044440542033723327,0.21155281818156785,3,64,0.00025214577163707374,COMPLETE
33,0.4168103588032618,2026-08-12 06:44:51.537812,2026-08-12 06:45:27.407130,0 days 00:00:35.869318,64,0.20381783527130357,0.0006432270755530715,0.04682642459621682,3,32,0.0015111770850295752,COMPLETE
34,0.4134375457497228,2026-08-12 06:45:27.457598,2026-08-12 06:45:53.388577,0 days 00:00:25.930979,128,0.11576507591045021,0.0003987782535573555,0.1462326385503001,3,128,0.00012851364836628085,COMPLETE
35,0.40376266996969307,2026-08-12 06:45:53.452079,2026-08-12 06:46:13.112819,0 days 00:00:19.660740,256,0.0632255984960976,0.00030517699075169487,0.24792557480394836,3,32,0.0007768981160176176,COMPLETE
36,0.4167548764040497,2026-08-12 06:46:13.169363,2026-08-12 06:46:26.647381,0 days 00:00:13.478018,512,0.18279680831501588,0.0002377448165700415,0.17433847777820424,3,32,0.0018310945741902619,COMPLETE
37,0.4102288639208183,2026-08-12 06:46:26.699440,2026-08-12 06:47:17.050133,0 days 00:00:50.350693,64,0.13609660646887767,0.0005128890429794561,0.0955567189490262,3,32,0.0005906231140072164,COMPLETE
38,0.4049078861540123,2026-08-12 06:47:17.114718,2026-08-12 06:47:59.369712,0 days 00:00:42.254994,64,0.040952461958266156,0.00013503532686701158,0.11127174776437407,3,32,0.001144672350752465,COMPLETE
39,0.4187733130676051,2026-08-12 06:47:59.434377,2026-08-12 06:48:43.748958,0 days 00:00:44.314581,64,0.10300059652031451,0.0003044991334071259,0.04522679231125034,3,32,0.002120034826874525,COMPLETE
40,0.42089158547904887,2026-08-12 06:48:43.805575,2026-08-12 06:49:25.622180,0 days 00:00:41.816605,64,0.1914075867843924,0.0006816144802766903,0.08593351984798452,3,32,0.0011428041386537982,COMPLETE
41,0.4117764742115761,2026-08-12 06:49:25.691269,2026-08-12 06:50:15.471997,0 days 00:00:49.780728,64,0.19415303282996935,0.0006768291202639525,0.07355964897626553,3,512,0.0022213971086145696,COMPLETE
42,0.41101629747636353,2026-08-12 06:50:15.524377,2026-08-12 06:50:43.368364,0 days 00:00:27.843987,128,0.2624479593958842,0.0006269656282593927,0.14560002423744953,3,32,0.0029530345926157453,COMPLETE
43,0.42231742758040314,2026-08-12 06:50:43.434287,2026-08-12 06:51:39.941462,0 days 00:00:56.507175,64,0.13644530169184596,0.0007291230985084498,0.40972761506695965,1,256,0.001053083904865103,COMPLETE
44,0.42560089127229184,2026-08-12 06:51:40.006430,2026-08-12 06:51:53.624455,0 days 00:00:13.618025,512,0.24419393137265633,0.0007096990051325672,0.43141651320890373,1,256,0.0010113828426153893,COMPLETE
45,0.4165576646566819,2026-08-12 06:51:53.694485,2026-08-12 06:52:06.864589,0 days 00:00:13.170104,512,0.28361463354097427,0.0007265607367351201,0.40453473616676827,1,256,5.9473748520426236e-05,COMPLETE
46,0.4215402633685279,2026-08-12 06:52:06.930782,2026-08-12 06:52:20.441273,0 days 00:00:13.510491,512,0.23846163308808715,0.0004398165949183989,0.4162455237301965,1,256,1.1197782956483362e-05,COMPLETE
47,0.4204432191053713,2026-08-12 06:52:20.503993,2026-08-12 06:52:34.897972,0 days 00:00:14.393979,512,0.3435768487740247,0.0007975643066209872,0.47333564497213243,1,256,0.0003624763100323375,COMPLETE
48,0.4061870582727277,2026-08-12 06:52:34.950830,2026-08-12 06:52:51.146731,0 days 00:00:16.195901,512,0.23610366084591283,0.0004390083522770816,0.421696170379169,1,256,1.335776991291476e-05,COMPLETE
49,0.42293168916909607,2026-08-12 06:52:51.201632,2026-08-12 06:53:05.129520,0 days 00:00:13.927888,512,0.24420568607605758,0.0005333375768983413,0.38919540297173877,1,256,2.7653316867358342e-05,COMPLETE
50,0.40865565257457187,2026-08-12 06:53:05.188307,2026-08-12 06:53:17.978537,0 days 00:00:12.790230,512,0.28947544188832564,0.0005374412526092745,0.48831973696263886,1,256,2.1459289172659e-05,COMPLETE
51,0.41451099066292035,2026-08-12 06:53:18.049415,2026-08-12 06:53:31.232448,0 days 00:00:13.183033,512,0.3667669572995767,0.0007075172355060623,0.35112336743767336,1,256,4.866038363178269e-05,COMPLETE
52,0.42527198853925413,2026-08-12 06:53:31.283457,2026-08-12 06:53:44.643138,0 days 00:00:13.359681,512,0.31517728021281105,0.0006026506694428773,0.37522514095321136,1,256,0.00010631626997856896,COMPLETE
53,0.4187965270663341,2026-08-12 06:53:44.704345,2026-08-12 06:53:59.639512,0 days 00:00:14.935167,512,0.32100524809817854,0.00048571677323145095,0.3762185780965073,1,256,2.3567036513722974e-05,COMPLETE
54,0.40850986945892787,2026-08-12 06:53:59.698226,2026-08-12 06:54:15.202508,0 days 00:00:15.504282,512,0.25368691146537325,0.0005839288817280551,0.2999506978656284,1,256,3.652518309097981e-05,COMPLETE
55,0.4194352494481865,2026-08-12 06:54:15.256993,2026-08-12 06:54:30.967494,0 days 00:00:15.710501,512,0.21715563817460198,0.0003952264865016826,0.453275955233571,1,256,9.163239428295295e-05,COMPLETE
56,0.4185137860761835,2026-08-12 06:54:31.026543,2026-08-12 06:54:43.333839,0 days 00:00:12.307296,512,0.08554033662719342,5.821569346150905e-05,0.38724318561412274,1,256,0.0005422561782921125,COMPLETE
57,0.41014412028757347,2026-08-12 06:54:43.394597,2026-08-12 06:55:11.993142,0 days 00:00:28.598545,128,0.40297230375458454,0.0005188969086762242,0.439532129608088,1,512,1.6950495110035102e-05,COMPLETE
58,0.4182768135436015,2026-08-12 06:55:12.050284,2026-08-12 06:55:25.271863,0 days 00:00:13.221579,512,0.30334967450605627,0.0007403009636937886,0.3360716270891578,1,256,0.0009555136610669586,COMPLETE
59,0.4144107066766805,2026-08-12 06:55:25.323755,2026-08-12 06:55:45.656579,0 days 00:00:20.332824,256,0.3230162004349154,0.0006337218295621722,0.3690549673024763,1,256,0.00010326473286571906,COMPLETE
60,0.41901137115942816,2026-08-12 06:55:45.724881,2026-08-12 06:55:59.770992,0 days 00:00:14.046111,512,0.17055565192074218,0.0007749935058765744,0.4956913871017937,1,64,0.00015975748401420576,COMPLETE
61,0.41472458905062487,2026-08-12 06:55:59.826583,2026-08-12 06:56:13.461437,0 days 00:00:13.634854,512,0.2811138163984207,0.0006029804495136139,0.32248688265307035,1,256,4.743585358241208e-05,COMPLETE
62,0.4139105112682509,2026-08-12 06:56:13.522917,2026-08-12 06:56:41.925121,0 days 00:00:28.402204,128,0.14471578913716807,0.0004920887622619541,0.39486740169998535,1,128,0.0002542630583219405,COMPLETE
63,0.411967201422713,2026-08-12 06:56:41.975385,2026-08-12 06:57:01.224590,0 days 00:00:19.249205,256,0.24770601482722665,0.0006754406232426413,0.43993473579947795,1,256,0.0006585194394472876,COMPLETE
64,0.41482765753548045,2026-08-12 06:57:01.280980,2026-08-12 06:57:49.395297,0 days 00:00:48.114317,64,0.21169333594786946,0.0005392232558691659,0.355427451893917,1,512,0.0004427386611689194,COMPLETE
65,0.41501351312435114,2026-08-12 06:57:49.454257,2026-08-12 06:58:01.437553,0 days 00:00:11.983296,512,0.3509815729057459,0.0007263242231698588,0.02762565652499005,2,256,0.001734886681820071,COMPLETE
66,0.40551876903939743,2026-08-12 06:58:01.491938,2026-08-12 06:58:41.995268,0 days 00:00:40.503330,64,0.3861021610872955,0.0005961965203442715,0.2859283996954825,1,64,0.0010557965155507918,COMPLETE
67,0.4082707223470495,2026-08-12 06:58:42.051423,2026-08-12 06:59:28.826528,0 days 00:00:46.775105,64,0.3034215569567381,0.0004692370193036571,0.46114112101301,1,256,7.271492683511782e-05,COMPLETE
68,0.4197307071731327,2026-08-12 06:59:28.904705,2026-08-12 06:59:42.449090,0 days 00:00:13.544385,512,0.2411210516424149,0.00041492161600477405,0.4181647177458901,1,256,1.1845403734373378e-05,COMPLETE
69,0.4168374993434993,2026-08-12 06:59:42.507582,2026-08-12 06:59:56.502023,0 days 00:00:13.994441,512,0.2714626556251252,0.00044438464168951644,0.40259332258693065,1,256,1.872131844409084e-05,COMPLETE
70,0.4103279697271608,2026-08-12 06:59:56.559696,2026-08-12 07:00:11.091877,0 days 00:00:14.532181,512,0.226927232320287,0.0003582151787868459,0.41581748430185894,1,256,3.3168725263514194e-05,COMPLETE
71,0.42274061743146374,2026-08-12 07:00:11.148637,2026-08-12 07:00:24.234640,0 days 00:00:13.086003,512,0.18095250624830472,0.0005433471559231548,0.430739040114766,1,128,3.142848917347992e-05,COMPLETE
72,0.4214412890875361,2026-08-12 07:00:24.291291,2026-08-12 07:00:39.158544,0 days 00:00:14.867253,512,0.1587171547598715,0.000556145283158073,0.43951700359868395,2,128,3.526471333066913e-05,COMPLETE
73,0.4185675211025847,2026-08-12 07:00:39.208808,2026-08-12 07:01:20.452407,0 days 00:00:41.243599,64,0.1320258488837639,0.0006351526342955653,0.49854979437250596,1,128,0.0002815764150508213,COMPLETE
74,0.4229967246426991,2026-08-12 07:01:20.510615,2026-08-12 07:01:36.394104,0 days 00:00:15.883489,256,0.1788312598841833,0.0007090683005395906,0.36580187781339485,1,128,2.8844339915120624e-05,COMPLETE
75,0.4082745759741019,2026-08-12 07:01:36.458180,2026-08-12 07:01:53.424823,0 days 00:00:16.966643,256,0.17785560716878296,0.0007948098933439839,0.3711730835844386,1,128,1.6014408417468874e-05,COMPLETE
76,0.41458960414602836,2026-08-12 07:01:53.477043,2026-08-12 07:02:09.145541,0 days 00:00:15.668498,256,0.20442383159235614,0.0006737233848738547,0.32758030053878806,1,512,2.9011304140301757e-05,COMPLETE
77,0.4195131903190034,2026-08-12 07:02:09.202635,2026-08-12 07:02:26.470185,0 days 00:00:17.267550,256,0.09232003178797978,0.0005851372420704621,0.3892821266419078,1,128,4.935766239731312e-05,COMPLETE
78,0.4252724007214173,2026-08-12 07:02:26.523467,2026-08-12 07:02:43.113156,0 days 00:00:16.589689,256,0.14982394377300834,0.000725564788398081,0.2430617018612006,1,128,2.9651271078642143e-05,COMPLETE
79,0.4171772057791574,2026-08-12 07:02:43.177128,2026-08-12 07:03:02.238973,0 days 00:00:19.061845,256,0.1482680796614571,0.0005158174478425529,0.24577998989932942,1,128,2.091046321313144e-05,COMPLETE
80,0.4153337708997427,2026-08-12 07:03:02.289115,2026-08-12 07:03:20.265391,0 days 00:00:17.976276,256,0.18892838917352445,0.0007186044703192945,0.19912905210021337,1,128,2.709234910477486e-05,COMPLETE
81,0.4173059761944336,2026-08-12 07:03:20.327352,2026-08-12 07:03:38.787970,0 days 00:00:18.460618,256,0.11859793986311412,0.000641371504110105,0.312820206915483,1,128,4.0536085333961624e-05,COMPLETE
82,0.41871083666054054,2026-08-12 07:03:38.843491,2026-08-12 07:03:56.579537,0 days 00:00:17.736046,256,0.16113955062095828,0.000550448041446821,0.3580565675697283,1,128,5.763223166504276e-05,COMPLETE
83,0.4220804220170361,2026-08-12 07:03:56.640473,2026-08-12 07:04:18.086663,0 days 00:00:21.446190,256,0.13991676930471927,0.0007296168008305919,0.42751311997061,1,128,2.968165656617014e-05,COMPLETE
84,0.41730694606255886,2026-08-12 07:04:18.151543,2026-08-12 07:04:30.080691,0 days 00:00:11.929148,512,0.05824745188773407,0.00011559118335951401,0.4616198200085895,1,128,4.13314338348784e-05,COMPLETE
85,0.4242590291140763,2026-08-12 07:04:30.132389,2026-08-12 07:04:57.523722,0 days 00:00:27.391333,128,0.17719224961405505,0.0004723780696437407,0.2612899892594631,2,128,0.0008179234510341756,COMPLETE
86,0.41671841046909625,2026-08-12 07:04:57.583362,2026-08-12 07:05:25.169879,0 days 00:00:27.586517,128,0.19887634841562485,0.0004630841645158102,0.2560384963305243,2,128,0.0008019578832910927,COMPLETE
87,0.41667312998206524,2026-08-12 07:05:25.226022,2026-08-12 07:05:53.443497,0 days 00:00:28.217475,128,0.17633975696489188,0.00034258232426287016,0.2193221621847383,2,128,2.4287701788444946e-05,COMPLETE
88,0.4178289877576285,2026-08-12 07:05:53.508991,2026-08-12 07:06:22.704486,0 days 00:00:29.195495,128,0.12391345964074853,0.0006053633734067652,0.3802469625789685,2,128,0.0012074470354797137,COMPLETE
89,0.41454304920143675,2026-08-12 07:06:22.758868,2026-08-12 07:06:47.956597,0 days 00:00:25.197729,128,0.15470228476751824,0.0006661298069158028,0.4015153405718305,2,128,0.00095001287753073,COMPLETE
90,0.42154171370251553,2026-08-12 07:06:48.017090,2026-08-12 07:07:01.971592,0 days 00:00:13.954502,512,0.10193792989248242,0.00041541406924092833,0.27265233197656485,1,128,0.0016595211709000853,COMPLETE
91,0.409512436053551,2026-08-12 07:07:02.033507,2026-08-12 07:07:26.731282,0 days 00:00:24.697775,128,0.4926010216316297,0.0005014364008198126,0.16326840962252046,2,64,0.002135440055697166,COMPLETE
92,0.41761518774360407,2026-08-12 07:07:26.785144,2026-08-12 07:07:45.553397,0 days 00:00:18.768253,256,0.18163390367295348,0.0005794900107560017,0.43182601100218604,1,128,0.0006993289654519593,COMPLETE
93,0.41188823883473397,2026-08-12 07:07:45.612859,2026-08-12 07:08:00.275818,0 days 00:00:14.662959,512,0.21298314013371555,0.0006992965513559229,0.3477747378597604,1,256,0.002460115231782051,COMPLETE
94,0.4146568208240406,2026-08-12 07:08:00.338238,2026-08-12 07:08:14.625478,0 days 00:00:14.287240,512,0.17164132958820166,0.0007512319220978535,0.4069043417055829,1,256,1.455676983371397e-05,COMPLETE
95,0.40669781885441675,2026-08-12 07:08:14.686644,2026-08-12 07:08:59.796211,0 days 00:00:45.109567,64,0.22594023220673404,0.000539968506574685,0.4763110921695313,1,128,0.0012413079622821915,COMPLETE
96,0.40516788386060426,2026-08-12 07:08:59.859599,2026-08-12 07:09:13.049924,0 days 00:00:13.190325,512,0.44456596534706183,0.0006335904540694146,0.36336158020351234,3,256,1.921181200382623e-05,COMPLETE
97,0.41412581961817113,2026-08-12 07:09:13.105904,2026-08-12 07:09:31.046819,0 days 00:00:17.940915,256,0.26246266436706156,0.0007979738133702019,0.33735292207346906,2,512,0.00046457428852233237,COMPLETE
98,0.4119251968342179,2026-08-12 07:09:31.101911,2026-08-12 07:09:49.469793,0 days 00:00:18.367882,256,0.1366487001043356,0.0007394905882483743,0.43032587433599656,1,128,3.0577234430562096e-05,COMPLETE
99,0.4178383234216438,2026-08-12 07:09:49.527174,2026-08-12 07:10:07.087458,0 days 00:00:17.560284,256,0.14331240502877093,0.0006951863029706922,0.4564724612316256,1,128,2.539758372587549e-05,COMPLETE
100,0.4157023215920401,2026-08-12 07:10:07.151998,2026-08-12 07:10:26.762418,0 days 00:00:19.610420,256,0.16385957519967023,0.0006324780453344012,0.38066933026970423,1,128,3.175141779538451e-05,COMPLETE
101,0.41689548712367147,2026-08-12 07:10:26.819959,2026-08-12 07:10:44.385306,0 days 00:00:17.565347,256,0.18830489484234839,0.0005661203562419606,0.4460665120995109,1,128,4.066907599684405e-05,COMPLETE
102,0.4159370872344337,2026-08-12 07:10:44.450146,2026-08-12 07:11:10.997571,0 days 00:00:26.547425,128,0.12989012959394328,0.000490603883103273,0.4293792155756164,1,256,0.0015447937975417523,COMPLETE
103,0.42445922247928836,2026-08-12 07:11:11.057691,2026-08-12 07:11:54.943382,0 days 00:00:43.885691,64,0.1999734973460471,0.0006679708378081785,0.41828937937123367,1,128,0.0010447388192587346,COMPLETE
104,0.4104483523888301,2026-08-12 07:11:55.001712,2026-08-12 07:12:38.001847,0 days 00:00:43.000135,64,0.20331099771337083,0.0006599032514955313,0.4088623223432257,1,32,0.0009710373229113113,COMPLETE
105,0.4209866163402558,2026-08-12 07:12:38.067145,2026-08-12 07:13:20.839038,0 days 00:00:42.771893,64,0.21815615084228476,0.0005193410509912731,0.19345609595825353,3,64,0.0006811563038792069,COMPLETE
106,0.4223123862025866,2026-08-12 07:13:20.905525,2026-08-12 07:14:06.503507,0 days 00:00:45.597982,64,0.1967995291912377,0.0006085360465955992,0.1274858423289017,1,256,0.0018398119580479264,COMPLETE
107,0.4196056542075061,2026-08-12 07:14:06.561423,2026-08-12 07:14:45.259158,0 days 00:00:38.697735,64,0.23320081347321914,0.00046201466592079573,0.3906899357836906,1,128,0.0013518080835718234,COMPLETE
